This file contains any messages produced by compilers while
running configure, to aid debugging if configure makes a mistake.

It was created by Retrex Core configure 2.0.2, which was
generated by GNU Autoconf 2.69.  Invocation command line was

  $ ./configure --with-gui --disable-tests

## --------- ##
## Platform. ##
## --------- ##

hostname = Vins-iMac.local
uname -m = x86_64
uname -r = 20.2.0
uname -s = Darwin
uname -v = Darwin Kernel Version 20.2.0: Wed Dec  2 20:39:59 PST 2020; root:xnu-7195.60.75~1/RELEASE_X86_64

/usr/bin/uname -p = i386
/bin/uname -X     = unknown

/bin/arch              = unknown
/usr/bin/arch -k       = unknown
/usr/convex/getsysinfo = unknown
/usr/bin/hostinfo      = Mach kernel version:
	 Darwin Kernel Version 20.2.0: Wed Dec  2 20:39:59 PST 2020; root:xnu-7195.60.75~1/RELEASE_X86_64
Kernel configured for up to 16 processors.
8 processors are physically available.
16 processors are logically available.
Processor type: x86_64h (Intel x86-64h Haswell)
Processors active: 0 1 2 3 4 5 6 7 8 9 10 11 12 13 14 15
Primary memory available: 32.00 gigabytes
Default processor set: 395 tasks, 1513 threads, 16 processors
Load average: 1.21, Mach factor: 14.78
/bin/machine           = unknown
/usr/bin/oslevel       = unknown
/bin/universe          = unknown

PATH: /Library/Frameworks/Python.framework/Versions/3.9/bin
PATH: /usr/local/bin
PATH: /usr/bin
PATH: /bin
PATH: /usr/sbin
PATH: /sbin
PATH: /Library/Apple/usr/bin


## ----------- ##
## Core tests. ##
## ----------- ##

configure:2984: checking build system type
configure:2998: result: x86_64-apple-darwin20.2.0
configure:3018: checking host system type
configure:3031: result: x86_64-apple-darwin20.2.0
configure:3074: checking for a BSD-compatible install
configure:3142: result: /usr/bin/install -c
configure:3153: checking whether build environment is sane
configure:3208: result: yes
configure:3354: checking for a thread-safe mkdir -p
configure:3393: result: build-aux/install-sh -c -d
configure:3400: checking for gawk
configure:3430: result: no
configure:3400: checking for mawk
configure:3430: result: no
configure:3400: checking for nawk
configure:3430: result: no
configure:3400: checking for awk
configure:3416: found /usr/bin/awk
configure:3427: result: awk
configure:3438: checking whether make sets $(MAKE)
configure:3460: result: yes
configure:3489: checking whether make supports nested variables
configure:3506: result: yes
configure:3625: checking whether to enable maintainer-specific portions of Makefiles
configure:3634: result: yes
configure:3659: checking whether make supports nested variables
configure:3676: result: yes
configure:3751: checking for g++
configure:3767: found /usr/bin/g++
configure:3778: result: g++
configure:3805: checking for C++ compiler version
configure:3814: g++ --version >&5
Apple clang version 12.0.0 (clang-1200.0.32.28)
Target: x86_64-apple-darwin20.2.0
Thread model: posix
InstalledDir: /Applications/Xcode.app/Contents/Developer/Toolchains/XcodeDefault.xctoolchain/usr/bin
Configured with: --prefix=/Applications/Xcode.app/Contents/Developer/usr --with-gxx-include-dir=/Applications/Xcode.app/Contents/Developer/Platforms/MacOSX.platform/Developer/SDKs/MacOSX.sdk/usr/include/c++/4.2.1
configure:3825: $? = 0
configure:3814: g++ -v >&5
Configured with: --prefix=/Applications/Xcode.app/Contents/Developer/usr --with-gxx-include-dir=/Applications/Xcode.app/Contents/Developer/Platforms/MacOSX.platform/Developer/SDKs/MacOSX.sdk/usr/include/c++/4.2.1
Apple clang version 12.0.0 (clang-1200.0.32.28)
Target: x86_64-apple-darwin20.2.0
Thread model: posix
InstalledDir: /Applications/Xcode.app/Contents/Developer/Toolchains/XcodeDefault.xctoolchain/usr/bin
configure:3825: $? = 0
configure:3814: g++ -V >&5
clang: error: argument to '-V' is missing (expected 1 value)
clang: error: no input files
configure:3825: $? = 1
configure:3814: g++ -qversion >&5
clang: error: unknown argument '-qversion'; did you mean '--version'?
clang: error: no input files
configure:3825: $? = 1
configure:3845: checking whether the C++ compiler works
configure:3867: g++  -I/usr/local/opt/openssl/include -L/usr/local/opt/openssl/lib conftest.cpp  >&5
configure:3871: $? = 0
configure:3919: result: yes
configure:3922: checking for C++ compiler default output file name
configure:3924: result: a.out
configure:3930: checking for suffix of executables
configure:3937: g++ -o conftest  -I/usr/local/opt/openssl/include -L/usr/local/opt/openssl/lib conftest.cpp  >&5
configure:3941: $? = 0
configure:3963: result: 
configure:3985: checking whether we are cross compiling
configure:3993: g++ -o conftest  -I/usr/local/opt/openssl/include -L/usr/local/opt/openssl/lib conftest.cpp  >&5
configure:3997: $? = 0
configure:4004: ./conftest
configure:4008: $? = 0
configure:4023: result: no
configure:4028: checking for suffix of object files
configure:4050: g++ -c  -I/usr/local/opt/openssl/include conftest.cpp >&5
configure:4054: $? = 0
configure:4075: result: o
configure:4079: checking whether we are using the GNU C++ compiler
configure:4098: g++ -c  -I/usr/local/opt/openssl/include conftest.cpp >&5
configure:4098: $? = 0
configure:4107: result: yes
configure:4116: checking whether g++ accepts -g
configure:4136: g++ -c -g -I/usr/local/opt/openssl/include conftest.cpp >&5
configure:4136: $? = 0
configure:4177: result: yes
configure:4203: checking whether make supports the include directive
configure:4218: make -f confmf.GNU && cat confinc.out
this is the am__doit target
configure:4221: $? = 0
configure:4240: result: yes (GNU style)
configure:4265: checking dependency style of g++
configure:4376: result: gcc3
configure:4413: checking whether g++ supports C++11 features with -std=c++11
configure:4709: g++ -std=c++11 -c -g -O2 -I/usr/local/opt/openssl/include conftest.cpp >&5
configure:4709: $? = 0
configure:4718: result: yes
configure:4762: checking whether std::atomic can be used without link library
configure:4780: g++ -std=c++11 -o conftest -g -O2 -I/usr/local/opt/openssl/include -L/usr/local/opt/openssl/lib conftest.cpp  >&5
configure:4780: $? = 0
configure:4782: result: yes
configure:4947: checking for Objective C++ compiler version
configure:4956: g++ -std=c++11 --version >&5
Apple clang version 12.0.0 (clang-1200.0.32.28)
Target: x86_64-apple-darwin20.2.0
Thread model: posix
InstalledDir: /Applications/Xcode.app/Contents/Developer/Toolchains/XcodeDefault.xctoolchain/usr/bin
configure:4967: $? = 0
configure:4956: g++ -std=c++11 -v >&5
Apple clang version 12.0.0 (clang-1200.0.32.28)
Target: x86_64-apple-darwin20.2.0
Thread model: posix
InstalledDir: /Applications/Xcode.app/Contents/Developer/Toolchains/XcodeDefault.xctoolchain/usr/bin
clang: warning: argument unused during compilation: '-std=c++11' [-Wunused-command-line-argument]
configure:4967: $? = 0
configure:4956: g++ -std=c++11 -V >&5
clang: error: argument to '-V' is missing (expected 1 value)
clang: error: no input files
configure:4967: $? = 1
configure:4956: g++ -std=c++11 -qversion >&5
clang: error: unknown argument '-qversion'; did you mean '--version'?
clang: error: no input files
configure:4967: $? = 1
configure:4971: checking whether we are using the GNU Objective C++ compiler
configure:4990: g++ -std=c++11 -c  -I/usr/local/opt/openssl/include conftest.mm >&5
configure:4990: $? = 0
configure:4999: result: yes
configure:5008: checking whether g++ -std=c++11 accepts -g
configure:5028: g++ -std=c++11 -c -g -I/usr/local/opt/openssl/include conftest.mm >&5
configure:5028: $? = 0
configure:5069: result: yes
configure:5094: checking dependency style of g++ -std=c++11
configure:5203: result: gcc3
configure:5266: checking how to print strings
configure:5293: result: printf
configure:5362: checking for gcc
configure:5378: found /usr/bin/gcc
configure:5389: result: gcc
configure:5618: checking for C compiler version
configure:5627: gcc --version >&5
Apple clang version 12.0.0 (clang-1200.0.32.28)
Target: x86_64-apple-darwin20.2.0
Thread model: posix
InstalledDir: /Applications/Xcode.app/Contents/Developer/Toolchains/XcodeDefault.xctoolchain/usr/bin
Configured with: --prefix=/Applications/Xcode.app/Contents/Developer/usr --with-gxx-include-dir=/Applications/Xcode.app/Contents/Developer/Platforms/MacOSX.platform/Developer/SDKs/MacOSX.sdk/usr/include/c++/4.2.1
configure:5638: $? = 0
configure:5627: gcc -v >&5
Configured with: --prefix=/Applications/Xcode.app/Contents/Developer/usr --with-gxx-include-dir=/Applications/Xcode.app/Contents/Developer/Platforms/MacOSX.platform/Developer/SDKs/MacOSX.sdk/usr/include/c++/4.2.1
Apple clang version 12.0.0 (clang-1200.0.32.28)
Target: x86_64-apple-darwin20.2.0
Thread model: posix
InstalledDir: /Applications/Xcode.app/Contents/Developer/Toolchains/XcodeDefault.xctoolchain/usr/bin
configure:5638: $? = 0
configure:5627: gcc -V >&5
clang: error: argument to '-V' is missing (expected 1 value)
clang: error: no input files
configure:5638: $? = 1
configure:5627: gcc -qversion >&5
clang: error: unknown argument '-qversion'; did you mean '--version'?
clang: error: no input files
configure:5638: $? = 1
configure:5642: checking whether we are using the GNU C compiler
configure:5661: gcc -c  -I/usr/local/opt/openssl/include conftest.c >&5
configure:5661: $? = 0
configure:5670: result: yes
configure:5679: checking whether gcc accepts -g
configure:5699: gcc -c -g -I/usr/local/opt/openssl/include conftest.c >&5
configure:5699: $? = 0
configure:5740: result: yes
configure:5757: checking for gcc option to accept ISO C89
configure:5820: gcc  -c -g -O2 -I/usr/local/opt/openssl/include conftest.c >&5
configure:5820: $? = 0
configure:5833: result: none needed
configure:5858: checking whether gcc understands -c and -o together
configure:5880: gcc -c conftest.c -o conftest2.o
configure:5883: $? = 0
configure:5880: gcc -c conftest.c -o conftest2.o
configure:5883: $? = 0
configure:5895: result: yes
configure:5914: checking dependency style of gcc
configure:6025: result: gcc3
configure:6040: checking for a sed that does not truncate output
configure:6104: result: /usr/bin/sed
configure:6122: checking for grep that handles long lines and -e
configure:6180: result: /usr/bin/grep
configure:6185: checking for egrep
configure:6247: result: /usr/bin/grep -E
configure:6252: checking for fgrep
configure:6314: result: /usr/bin/grep -F
configure:6349: checking for ld used by gcc
configure:6416: result: /Applications/Xcode.app/Contents/Developer/Toolchains/XcodeDefault.xctoolchain/usr/bin/ld
configure:6423: checking if the linker (/Applications/Xcode.app/Contents/Developer/Toolchains/XcodeDefault.xctoolchain/usr/bin/ld) is GNU ld
configure:6438: result: no
configure:6450: checking for BSD- or MS-compatible name lister (nm)
configure:6504: result: /usr/bin/nm -B
configure:6634: checking the name lister (/usr/bin/nm -B) interface
configure:6641: gcc -c -g -O2 -I/usr/local/opt/openssl/include conftest.c >&5
configure:6644: /usr/bin/nm -B "conftest.o"
configure:6647: output
0000000000000240 S _some_variable
configure:6654: result: BSD nm
configure:6657: checking whether ln -s works
configure:6661: result: yes
configure:6669: checking the maximum length of command line arguments
configure:6800: result: 786432
configure:6848: checking how to convert x86_64-apple-darwin20.2.0 file names to x86_64-apple-darwin20.2.0 format
configure:6888: result: func_convert_file_noop
configure:6895: checking how to convert x86_64-apple-darwin20.2.0 file names to toolchain format
configure:6915: result: func_convert_file_noop
configure:6922: checking for /Applications/Xcode.app/Contents/Developer/Toolchains/XcodeDefault.xctoolchain/usr/bin/ld option to reload object files
configure:6929: result: -r
configure:7003: checking for objdump
configure:7019: found /usr/bin/objdump
configure:7030: result: objdump
configure:7062: checking how to recognize dependent libraries
configure:7262: result: pass_all
configure:7347: checking for dlltool
configure:7377: result: no
configure:7407: checking how to associate runtime and link libraries
configure:7434: result: printf %s\n
configure:7495: checking for ar
configure:7511: found /usr/bin/ar
configure:7522: result: ar
configure:7559: checking for archiver @FILE support
configure:7576: gcc -c -g -O2 -I/usr/local/opt/openssl/include conftest.c >&5
configure:7576: $? = 0
configure:7579: ar cru libconftest.a @conftest.lst >&5
ar: @conftest.lst: No such file or directory
configure:7582: $? = 1
configure:7602: result: no
configure:7660: checking for strip
configure:7676: found /usr/bin/strip
configure:7687: result: strip
configure:7759: checking for ranlib
configure:7775: found /usr/bin/ranlib
configure:7786: result: ranlib
configure:7888: checking command to parse /usr/bin/nm -B output from gcc object
configure:8041: gcc -c -g -O2 -I/usr/local/opt/openssl/include conftest.c >&5
configure:8044: $? = 0
configure:8048: /usr/bin/nm -B conftest.o \| sed -n -e 's/^.*[ ]\([BCDEGRST][BCDEGRST]*\)[ ][ ]*\([_A-Za-z][_A-Za-z0-9]*\)$/\1 \2 \2/p' | sed '/ __gnu_lto/d' \> conftest.nm
configure:8051: $? = 0
cannot find nm_test_var in conftest.nm
configure:8041: gcc -c -g -O2 -I/usr/local/opt/openssl/include conftest.c >&5
configure:8044: $? = 0
configure:8048: /usr/bin/nm -B conftest.o \| sed -n -e 's/^.*[ ]\([BCDEGRST][BCDEGRST]*\)[ ][ ]*_\([_A-Za-z][_A-Za-z0-9]*\)$/\1 _\2 \2/p' | sed '/ __gnu_lto/d' \> conftest.nm
configure:8051: $? = 0
configure:8117: gcc -o conftest -g -O2 -I/usr/local/opt/openssl/include -L/usr/local/opt/openssl/lib conftest.c conftstm.o >&5
warning: (x86_64)  could not find object file symbol for symbol _main
configure:8120: $? = 0
configure:8158: result: ok
configure:8205: checking for sysroot
configure:8235: result: no
configure:8242: checking for a working dd
configure:8280: result: /bin/dd
configure:8284: checking how to truncate binary pipes
configure:8299: result: /bin/dd bs=4096 count=1
configure:8628: checking for mt
configure:8658: result: no
configure:8678: checking if : is a manifest tool
configure:8684: : '-?'
configure:8692: result: no
configure:8748: checking for dsymutil
configure:8764: found /usr/bin/dsymutil
configure:8775: result: dsymutil
configure:8840: checking for nmedit
configure:8856: found /usr/bin/nmedit
configure:8867: result: nmedit
configure:8932: checking for lipo
configure:8948: found /usr/bin/lipo
configure:8959: result: lipo
configure:9024: checking for otool
configure:9040: found /usr/bin/otool
configure:9051: result: otool
configure:9116: checking for otool64
configure:9146: result: no
configure:9191: checking for -single_module linker flag
gcc -g -O2 -L/usr/local/opt/openssl/lib -o libconftest.dylib -dynamiclib -Wl,-single_module conftest.c
configure:9224: result: yes
configure:9227: checking for -exported_symbols_list linker flag
configure:9247: gcc -o conftest -g -O2 -I/usr/local/opt/openssl/include -L/usr/local/opt/openssl/lib -Wl,-exported_symbols_list,conftest.sym conftest.c  >&5
configure:9247: $? = 0
configure:9257: result: yes
configure:9260: checking for -force_load linker flag
gcc -g -O2 -c -o conftest.o conftest.c
ar cru libconftest.a conftest.o
ranlib libconftest.a
gcc -g -O2 -L/usr/local/opt/openssl/lib -o conftest conftest.c -Wl,-force_load,./libconftest.a
configure:9292: result: yes
configure:9364: checking how to run the C preprocessor
configure:9395: gcc -E -I/usr/local/opt/openssl/include conftest.c
configure:9395: $? = 0
configure:9409: gcc -E -I/usr/local/opt/openssl/include conftest.c
conftest.c:10:10: fatal error: 'ac_nonexistent.h' file not found
#include <ac_nonexistent.h>
         ^~~~~~~~~~~~~~~~~~
1 error generated.
configure:9409: $? = 1
configure: failed program was:
| /* confdefs.h */
| #define PACKAGE_NAME "Retrex Core"
| #define PACKAGE_TARNAME "retrex"
| #define PACKAGE_VERSION "2.0.2"
| #define PACKAGE_STRING "Retrex Core 2.0.2"
| #define PACKAGE_BUGREPORT "retrex.tech"
| #define PACKAGE_URL ""
| #define HAVE_CXX11 1
| /* end confdefs.h.  */
| #include <ac_nonexistent.h>
configure:9434: result: gcc -E
configure:9454: gcc -E -I/usr/local/opt/openssl/include conftest.c
configure:9454: $? = 0
configure:9468: gcc -E -I/usr/local/opt/openssl/include conftest.c
conftest.c:10:10: fatal error: 'ac_nonexistent.h' file not found
#include <ac_nonexistent.h>
         ^~~~~~~~~~~~~~~~~~
1 error generated.
configure:9468: $? = 1
configure: failed program was:
| /* confdefs.h */
| #define PACKAGE_NAME "Retrex Core"
| #define PACKAGE_TARNAME "retrex"
| #define PACKAGE_VERSION "2.0.2"
| #define PACKAGE_STRING "Retrex Core 2.0.2"
| #define PACKAGE_BUGREPORT "retrex.tech"
| #define PACKAGE_URL ""
| #define HAVE_CXX11 1
| /* end confdefs.h.  */
| #include <ac_nonexistent.h>
configure:9497: checking for ANSI C header files
configure:9517: gcc -c -g -O2 -I/usr/local/opt/openssl/include conftest.c >&5
configure:9517: $? = 0
configure:9590: gcc -o conftest -g -O2 -I/usr/local/opt/openssl/include -L/usr/local/opt/openssl/lib conftest.c  >&5
configure:9590: $? = 0
configure:9590: ./conftest
configure:9590: $? = 0
configure:9601: result: yes
configure:9614: checking for sys/types.h
configure:9614: gcc -c -g -O2 -I/usr/local/opt/openssl/include conftest.c >&5
configure:9614: $? = 0
configure:9614: result: yes
configure:9614: checking for sys/stat.h
configure:9614: gcc -c -g -O2 -I/usr/local/opt/openssl/include conftest.c >&5
configure:9614: $? = 0
configure:9614: result: yes
configure:9614: checking for stdlib.h
configure:9614: gcc -c -g -O2 -I/usr/local/opt/openssl/include conftest.c >&5
configure:9614: $? = 0
configure:9614: result: yes
configure:9614: checking for string.h
configure:9614: gcc -c -g -O2 -I/usr/local/opt/openssl/include conftest.c >&5
configure:9614: $? = 0
configure:9614: result: yes
configure:9614: checking for memory.h
configure:9614: gcc -c -g -O2 -I/usr/local/opt/openssl/include conftest.c >&5
configure:9614: $? = 0
configure:9614: result: yes
configure:9614: checking for strings.h
configure:9614: gcc -c -g -O2 -I/usr/local/opt/openssl/include conftest.c >&5
configure:9614: $? = 0
configure:9614: result: yes
configure:9614: checking for inttypes.h
configure:9614: gcc -c -g -O2 -I/usr/local/opt/openssl/include conftest.c >&5
configure:9614: $? = 0
configure:9614: result: yes
configure:9614: checking for stdint.h
configure:9614: gcc -c -g -O2 -I/usr/local/opt/openssl/include conftest.c >&5
configure:9614: $? = 0
configure:9614: result: yes
configure:9614: checking for unistd.h
configure:9614: gcc -c -g -O2 -I/usr/local/opt/openssl/include conftest.c >&5
configure:9614: $? = 0
configure:9614: result: yes
configure:9628: checking for dlfcn.h
configure:9628: gcc -c -g -O2 -I/usr/local/opt/openssl/include conftest.c >&5
configure:9628: $? = 0
configure:9628: result: yes
configure:9893: checking for objdir
configure:9908: result: .libs
configure:10172: checking if gcc supports -fno-rtti -fno-exceptions
configure:10190: gcc -c -g -O2 -I/usr/local/opt/openssl/include -fno-rtti -fno-exceptions conftest.c >&5
configure:10194: $? = 0
configure:10207: result: yes
configure:10565: checking for gcc option to produce PIC
configure:10572: result: -fno-common -DPIC
configure:10580: checking if gcc PIC flag -fno-common -DPIC works
configure:10598: gcc -c -g -O2 -I/usr/local/opt/openssl/include -fno-common -DPIC -DPIC conftest.c >&5
configure:10602: $? = 0
configure:10615: result: yes
configure:10644: checking if gcc static flag -static works
configure:10672: result: no
configure:10687: checking if gcc supports -c -o file.o
configure:10708: gcc -c -g -O2 -I/usr/local/opt/openssl/include -o out/conftest2.o conftest.c >&5
configure:10712: $? = 0
configure:10734: result: yes
configure:10742: checking if gcc supports -c -o file.o
configure:10789: result: yes
configure:10822: checking whether the gcc linker (/Applications/Xcode.app/Contents/Developer/Toolchains/XcodeDefault.xctoolchain/usr/bin/ld) supports shared libraries
configure:12081: result: yes
configure:12321: checking dynamic linker characteristics
configure:13139: result: darwin20.2.0 dyld
configure:13261: checking how to hardcode library paths into programs
configure:13286: result: immediate
configure:13834: checking whether stripping libraries is possible
configure:13848: result: yes
configure:13874: checking if libtool supports shared libraries
configure:13876: result: yes
configure:13879: checking whether to build shared libraries
configure:13904: result: yes
configure:13907: checking whether to build static libraries
configure:13911: result: yes
configure:13934: checking how to run the C++ preprocessor
configure:13961: g++ -std=c++11 -E -I/usr/local/opt/openssl/include conftest.cpp
configure:13961: $? = 0
configure:13975: g++ -std=c++11 -E -I/usr/local/opt/openssl/include conftest.cpp
conftest.cpp:22:10: fatal error: 'ac_nonexistent.h' file not found
#include <ac_nonexistent.h>
         ^~~~~~~~~~~~~~~~~~
1 error generated.
configure:13975: $? = 1
configure: failed program was:
| /* confdefs.h */
| #define PACKAGE_NAME "Retrex Core"
| #define PACKAGE_TARNAME "retrex"
| #define PACKAGE_VERSION "2.0.2"
| #define PACKAGE_STRING "Retrex Core 2.0.2"
| #define PACKAGE_BUGREPORT "retrex.tech"
| #define PACKAGE_URL ""
| #define HAVE_CXX11 1
| #define STDC_HEADERS 1
| #define HAVE_SYS_TYPES_H 1
| #define HAVE_SYS_STAT_H 1
| #define HAVE_STDLIB_H 1
| #define HAVE_STRING_H 1
| #define HAVE_MEMORY_H 1
| #define HAVE_STRINGS_H 1
| #define HAVE_INTTYPES_H 1
| #define HAVE_STDINT_H 1
| #define HAVE_UNISTD_H 1
| #define HAVE_DLFCN_H 1
| #define LT_OBJDIR ".libs/"
| /* end confdefs.h.  */
| #include <ac_nonexistent.h>
configure:14000: result: g++ -std=c++11 -E
configure:14020: g++ -std=c++11 -E -I/usr/local/opt/openssl/include conftest.cpp
configure:14020: $? = 0
configure:14034: g++ -std=c++11 -E -I/usr/local/opt/openssl/include conftest.cpp
conftest.cpp:22:10: fatal error: 'ac_nonexistent.h' file not found
#include <ac_nonexistent.h>
         ^~~~~~~~~~~~~~~~~~
1 error generated.
configure:14034: $? = 1
configure: failed program was:
| /* confdefs.h */
| #define PACKAGE_NAME "Retrex Core"
| #define PACKAGE_TARNAME "retrex"
| #define PACKAGE_VERSION "2.0.2"
| #define PACKAGE_STRING "Retrex Core 2.0.2"
| #define PACKAGE_BUGREPORT "retrex.tech"
| #define PACKAGE_URL ""
| #define HAVE_CXX11 1
| #define STDC_HEADERS 1
| #define HAVE_SYS_TYPES_H 1
| #define HAVE_SYS_STAT_H 1
| #define HAVE_STDLIB_H 1
| #define HAVE_STRING_H 1
| #define HAVE_MEMORY_H 1
| #define HAVE_STRINGS_H 1
| #define HAVE_INTTYPES_H 1
| #define HAVE_STDINT_H 1
| #define HAVE_UNISTD_H 1
| #define HAVE_DLFCN_H 1
| #define LT_OBJDIR ".libs/"
| /* end confdefs.h.  */
| #include <ac_nonexistent.h>
configure:14196: checking for ld used by g++ -std=c++11
configure:14263: result: /Applications/Xcode.app/Contents/Developer/Toolchains/XcodeDefault.xctoolchain/usr/bin/ld
configure:14270: checking if the linker (/Applications/Xcode.app/Contents/Developer/Toolchains/XcodeDefault.xctoolchain/usr/bin/ld) is GNU ld
configure:14285: result: no
configure:14340: checking whether the g++ -std=c++11 linker (/Applications/Xcode.app/Contents/Developer/Toolchains/XcodeDefault.xctoolchain/usr/bin/ld) supports shared libraries
configure:15413: result: yes
configure:15449: g++ -std=c++11 -c -g -O2 -I/usr/local/opt/openssl/include conftest.cpp >&5
configure:15452: $? = 0
configure:15933: checking for g++ -std=c++11 option to produce PIC
configure:15940: result: -fno-common -DPIC
configure:15948: checking if g++ -std=c++11 PIC flag -fno-common -DPIC works
configure:15966: g++ -std=c++11 -c -g -O2 -I/usr/local/opt/openssl/include -fno-common -DPIC -DPIC conftest.cpp >&5
configure:15970: $? = 0
configure:15983: result: yes
configure:16006: checking if g++ -std=c++11 static flag -static works
configure:16034: result: no
configure:16046: checking if g++ -std=c++11 supports -c -o file.o
configure:16067: g++ -std=c++11 -c -g -O2 -I/usr/local/opt/openssl/include -o out/conftest2.o conftest.cpp >&5
configure:16071: $? = 0
configure:16093: result: yes
configure:16098: checking if g++ -std=c++11 supports -c -o file.o
configure:16145: result: yes
configure:16175: checking whether the g++ -std=c++11 linker (/Applications/Xcode.app/Contents/Developer/Toolchains/XcodeDefault.xctoolchain/usr/bin/ld) supports shared libraries
configure:16215: result: yes
configure:16356: checking dynamic linker characteristics
configure:17101: result: darwin20.2.0 dyld
configure:17166: checking how to hardcode library paths into programs
configure:17191: result: immediate
configure:17299: checking for ar
configure:17317: found /usr/bin/ar
configure:17329: result: /usr/bin/ar
configure:17397: checking for ranlib
configure:17415: found /usr/bin/ranlib
configure:17427: result: /usr/bin/ranlib
configure:17495: checking for strip
configure:17513: found /usr/bin/strip
configure:17525: result: /usr/bin/strip
configure:17593: checking for gcov
configure:17611: found /usr/bin/gcov
configure:17623: result: /usr/bin/gcov
configure:17647: checking for lcov
configure:17680: result: no
configure:17689: checking for python3.6
configure:17722: result: no
configure:17689: checking for python3.5
configure:17722: result: no
configure:17689: checking for python3.4
configure:17722: result: no
configure:17689: checking for python3
configure:17707: found /Library/Frameworks/Python.framework/Versions/3.9/bin/python3
configure:17719: result: /Library/Frameworks/Python.framework/Versions/3.9/bin/python3
configure:17732: checking for genhtml
configure:17765: result: no
configure:17772: checking for git
configure:17790: found /usr/bin/git
configure:17802: result: /usr/bin/git
configure:17812: checking for ccache
configure:17845: result: no
configure:17852: checking for xgettext
configure:17870: found /usr/local/bin/xgettext
configure:17882: result: /usr/local/bin/xgettext
configure:17892: checking for hexdump
configure:17910: found /usr/bin/hexdump
configure:17922: result: /usr/bin/hexdump
configure:17976: checking for readelf
configure:18009: result: no
configure:18074: checking for c++filt
configure:18092: found /usr/bin/c++filt
configure:18104: result: /usr/bin/c++filt
configure:18172: checking for objcopy
configure:18205: result: no
configure:18384: checking whether C++ compiler accepts -Werror
configure:18403: g++ -std=c++11 -c -g -O2  -Werror -I/usr/local/opt/openssl/include conftest.cpp >&5
configure:18403: $? = 0
configure:18411: result: yes
configure:18514: checking whether C++ compiler accepts -Wall
configure:18533: g++ -std=c++11 -c -g -O2 -Werror -Wall -I/usr/local/opt/openssl/include conftest.cpp >&5
configure:18533: $? = 0
configure:18542: result: yes
configure:18551: checking whether C++ compiler accepts -Wextra
configure:18570: g++ -std=c++11 -c -g -O2 -Wall -Werror -Wextra -I/usr/local/opt/openssl/include conftest.cpp >&5
configure:18570: $? = 0
configure:18579: result: yes
configure:18588: checking whether C++ compiler accepts -Wformat
configure:18607: g++ -std=c++11 -c -g -O2 -Wall -Wextra -Werror -Wformat -I/usr/local/opt/openssl/include conftest.cpp >&5
configure:18607: $? = 0
configure:18616: result: yes
configure:18625: checking whether C++ compiler accepts -Wvla
configure:18644: g++ -std=c++11 -c -g -O2 -Wall -Wextra -Wformat -Werror -Wvla -I/usr/local/opt/openssl/include conftest.cpp >&5
configure:18644: $? = 0
configure:18653: result: yes
configure:18662: checking whether C++ compiler accepts -Wformat-security
configure:18681: g++ -std=c++11 -c -g -O2 -Wall -Wextra -Wformat -Wvla -Werror -Wformat-security -I/usr/local/opt/openssl/include conftest.cpp >&5
configure:18681: $? = 0
configure:18690: result: yes
configure:18699: checking whether C++ compiler accepts -Wthread-safety-analysis
configure:18718: g++ -std=c++11 -c -g -O2 -Wall -Wextra -Wformat -Wvla -Wformat-security -Werror -Wthread-safety-analysis -I/usr/local/opt/openssl/include conftest.cpp >&5
configure:18718: $? = 0
configure:18727: result: yes
configure:18740: checking whether C++ compiler accepts -Wunused-parameter
configure:18759: g++ -std=c++11 -c -g -O2 -Wall -Wextra -Wformat -Wvla -Wformat-security -Wthread-safety-analysis -Werror -Wunused-parameter -I/usr/local/opt/openssl/include conftest.cpp >&5
configure:18759: $? = 0
configure:18768: result: yes
configure:18777: checking whether C++ compiler accepts -Wself-assign
configure:18796: g++ -std=c++11 -c -g -O2 -Wall -Wextra -Wformat -Wvla -Wformat-security -Wthread-safety-analysis -Wno-unused-parameter -Werror -Wself-assign -I/usr/local/opt/openssl/include conftest.cpp >&5
configure:18796: $? = 0
configure:18805: result: yes
configure:18814: checking whether C++ compiler accepts -Wunused-local-typedef
configure:18833: g++ -std=c++11 -c -g -O2 -Wall -Wextra -Wformat -Wvla -Wformat-security -Wthread-safety-analysis -Wno-unused-parameter -Wno-self-assign -Werror -Wunused-local-typedef -I/usr/local/opt/openssl/include conftest.cpp >&5
configure:18833: $? = 0
configure:18842: result: yes
configure:18851: checking whether C++ compiler accepts -Wdeprecated-register
configure:18870: g++ -std=c++11 -c -g -O2 -Wall -Wextra -Wformat -Wvla -Wformat-security -Wthread-safety-analysis -Wno-unused-parameter -Wno-self-assign -Wno-unused-local-typedef -Werror -Wdeprecated-register -I/usr/local/opt/openssl/include conftest.cpp >&5
configure:18870: $? = 0
configure:18879: result: yes
configure:18888: checking whether C++ compiler accepts -Wimplicit-fallthrough
configure:18907: g++ -std=c++11 -c -g -O2 -Wall -Wextra -Wformat -Wvla -Wformat-security -Wthread-safety-analysis -Wno-unused-parameter -Wno-self-assign -Wno-unused-local-typedef -Wno-deprecated-register -Werror -Wimplicit-fallthrough -I/usr/local/opt/openssl/include conftest.cpp >&5
configure:18907: $? = 0
configure:18916: result: yes
configure:19954: checking for port
configure:19984: result: no
configure:20002: checking for rsvg-convert
configure:20020: found /usr/local/bin/rsvg-convert
configure:20032: result: /usr/local/bin/rsvg-convert
configure:20046: checking for brew
configure:20062: found /usr/local/bin/brew
configure:20073: result: brew
configure:20491: checking whether the linker accepts -Wl,-headerpad_max_install_names
configure:20510: g++ -std=c++11 -o conftest -g -O2 -Wall -Wextra -Wformat -Wvla -Wformat-security -Wthread-safety-analysis -Wno-unused-parameter -Wno-self-assign -Wno-unused-local-typedef -Wno-deprecated-register -Wno-implicit-fallthrough -I/usr/local/opt/openssl/include -DHAVE_BUILD_INFO -D__STDC_FORMAT_MACROS -I/usr/local/opt/berkeley-db@4/include -L/usr/local/opt/openssl/lib  -Wl,-headerpad_max_install_names conftest.cpp  -L/usr/local/opt/berkeley-db@4/lib >&5
configure:20510: $? = 0
configure:20519: result: yes
configure:20594: checking for pkg-config
configure:20612: found /usr/local/bin/pkg-config
configure:20624: result: /usr/local/bin/pkg-config
configure:20649: checking pkg-config is at least version 0.9.0
configure:20652: result: yes
configure:20773: checking whether byte ordering is bigendian
configure:20788: g++ -std=c++11 -c -g -O2 -Wall -Wextra -Wformat -Wvla -Wformat-security -Wthread-safety-analysis -Wno-unused-parameter -Wno-self-assign -Wno-unused-local-typedef -Wno-deprecated-register -Wno-implicit-fallthrough -I/usr/local/opt/openssl/include -DHAVE_BUILD_INFO -D__STDC_FORMAT_MACROS -I/usr/local/opt/berkeley-db@4/include -DMAC_OSX -DOBJC_OLD_DISPATCH_PROTOTYPES=0 conftest.cpp >&5
configure:20788: $? = 0
configure:20833: g++ -std=c++11 -c -g -O2 -Wall -Wextra -Wformat -Wvla -Wformat-security -Wthread-safety-analysis -Wno-unused-parameter -Wno-self-assign -Wno-unused-local-typedef -Wno-deprecated-register -Wno-implicit-fallthrough -I/usr/local/opt/openssl/include -DHAVE_BUILD_INFO -D__STDC_FORMAT_MACROS -I/usr/local/opt/berkeley-db@4/include -DMAC_OSX -DOBJC_OLD_DISPATCH_PROTOTYPES=0 conftest.cpp >&5
configure:20833: $? = 0
configure:20851: g++ -std=c++11 -c -g -O2 -Wall -Wextra -Wformat -Wvla -Wformat-security -Wthread-safety-analysis -Wno-unused-parameter -Wno-self-assign -Wno-unused-local-typedef -Wno-deprecated-register -Wno-implicit-fallthrough -I/usr/local/opt/openssl/include -DHAVE_BUILD_INFO -D__STDC_FORMAT_MACROS -I/usr/local/opt/berkeley-db@4/include -DMAC_OSX -DOBJC_OLD_DISPATCH_PROTOTYPES=0 conftest.cpp >&5
conftest.cpp:29:11: error: expected ';' after expression
                 not big endian
                        ^
                        ;
conftest.cpp:29:8: error: use of undeclared identifier 'big'
                 not big endian
                     ^
conftest.cpp:29:12: error: use of undeclared identifier 'endian'
                 not big endian
                         ^
3 errors generated.
configure:20851: $? = 1
configure: failed program was:
| /* confdefs.h */
| #define PACKAGE_NAME "Retrex Core"
| #define PACKAGE_TARNAME "retrex"
| #define PACKAGE_VERSION "2.0.2"
| #define PACKAGE_STRING "Retrex Core 2.0.2"
| #define PACKAGE_BUGREPORT "retrex.tech"
| #define PACKAGE_URL ""
| #define HAVE_CXX11 1
| #define STDC_HEADERS 1
| #define HAVE_SYS_TYPES_H 1
| #define HAVE_SYS_STAT_H 1
| #define HAVE_STDLIB_H 1
| #define HAVE_STRING_H 1
| #define HAVE_MEMORY_H 1
| #define HAVE_STRINGS_H 1
| #define HAVE_INTTYPES_H 1
| #define HAVE_STDINT_H 1
| #define HAVE_UNISTD_H 1
| #define HAVE_DLFCN_H 1
| #define LT_OBJDIR ".libs/"
| /* end confdefs.h.  */
| #include <sys/types.h>
| 		#include <sys/param.h>
| 
| int
| main ()
| {
| #if BYTE_ORDER != BIG_ENDIAN
| 		 not big endian
| 		#endif
| 
|   ;
|   return 0;
| }
configure:20979: result: no
configure:21180: checking whether gcc is Clang
configure:21205: result: yes
configure:21252: checking whether Clang needs flag to prevent "argument unused" warning when linking with -pthread
configure:21277: gcc -o conftest -Werror -Wunknown-warning-option  -pthread -g -O2 -I/usr/local/opt/openssl/include -DHAVE_BUILD_INFO -D__STDC_FORMAT_MACROS -I/usr/local/opt/berkeley-db@4/include -DMAC_OSX -DOBJC_OLD_DISPATCH_PROTOTYPES=0 -L/usr/local/opt/openssl/lib -Wl,-headerpad_max_install_names conftest.c  -L/usr/local/opt/berkeley-db@4/lib >&5
configure:21277: $? = 0
configure:21283: (gcc -c -Werror -Wunknown-warning-option  -pthread -g -O2 -I/usr/local/opt/openssl/include -DHAVE_BUILD_INFO -D__STDC_FORMAT_MACROS -I/usr/local/opt/berkeley-db@4/include -DMAC_OSX -DOBJC_OLD_DISPATCH_PROTOTYPES=0 conftest.c >&5) && (echo ==== >&5) && (gcc -o conftest -Werror -Wunknown-warning-option  -pthread -g -O2 -I/usr/local/opt/openssl/include -DHAVE_BUILD_INFO -D__STDC_FORMAT_MACROS -I/usr/local/opt/berkeley-db@4/include -DMAC_OSX -DOBJC_OLD_DISPATCH_PROTOTYPES=0 -L/usr/local/opt/openssl/lib -Wl,-headerpad_max_install_names conftest.o  -L/usr/local/opt/berkeley-db@4/lib >&5)
====
configure:21283: $? = 0
configure:21301: result: no
configure:21450: checking for joinable pthread attribute
configure:21468: gcc -o conftest -g -O2 -pthread -I/usr/local/opt/openssl/include -DHAVE_BUILD_INFO -D__STDC_FORMAT_MACROS -I/usr/local/opt/berkeley-db@4/include -DMAC_OSX -DOBJC_OLD_DISPATCH_PROTOTYPES=0 -L/usr/local/opt/openssl/lib -Wl,-headerpad_max_install_names conftest.c   -L/usr/local/opt/berkeley-db@4/lib >&5
configure:21468: $? = 0
configure:21476: result: PTHREAD_CREATE_JOINABLE
configure:21490: checking whether more special flags are required for pthreads
configure:21503: result: no
configure:21511: checking for PTHREAD_PRIO_INHERIT
configure:21527: gcc -o conftest -g -O2 -pthread -I/usr/local/opt/openssl/include -DHAVE_BUILD_INFO -D__STDC_FORMAT_MACROS -I/usr/local/opt/berkeley-db@4/include -DMAC_OSX -DOBJC_OLD_DISPATCH_PROTOTYPES=0 -L/usr/local/opt/openssl/lib -Wl,-headerpad_max_install_names conftest.c   -L/usr/local/opt/berkeley-db@4/lib >&5
configure:21527: $? = 0
configure:21536: result: yes
configure:21649: checking for special C compiler options needed for large files
configure:21694: result: no
configure:21700: checking for _FILE_OFFSET_BITS value needed for large files
configure:21725: g++ -std=c++11 -c -g -O2 -Wall -Wextra -Wformat -Wvla -Wformat-security -Wthread-safety-analysis -Wno-unused-parameter -Wno-self-assign -Wno-unused-local-typedef -Wno-deprecated-register -Wno-implicit-fallthrough -I/usr/local/opt/openssl/include -DHAVE_BUILD_INFO -D__STDC_FORMAT_MACROS -I/usr/local/opt/berkeley-db@4/include -DMAC_OSX -DOBJC_OLD_DISPATCH_PROTOTYPES=0 conftest.cpp >&5
configure:21725: $? = 0
configure:21757: result: no
configure:21843: checking whether strerror_r is declared
configure:21843: g++ -std=c++11 -c -g -O2 -Wall -Wextra -Wformat -Wvla -Wformat-security -Wthread-safety-analysis -Wno-unused-parameter -Wno-self-assign -Wno-unused-local-typedef -Wno-deprecated-register -Wno-implicit-fallthrough -I/usr/local/opt/openssl/include -DHAVE_BUILD_INFO -D__STDC_FORMAT_MACROS -I/usr/local/opt/berkeley-db@4/include -DMAC_OSX -DOBJC_OLD_DISPATCH_PROTOTYPES=0 conftest.cpp >&5
configure:21843: $? = 0
configure:21843: result: yes
configure:21856: checking for strerror_r
configure:21856: g++ -std=c++11 -o conftest -g -O2 -Wall -Wextra -Wformat -Wvla -Wformat-security -Wthread-safety-analysis -Wno-unused-parameter -Wno-self-assign -Wno-unused-local-typedef -Wno-deprecated-register -Wno-implicit-fallthrough -I/usr/local/opt/openssl/include -DHAVE_BUILD_INFO -D__STDC_FORMAT_MACROS -I/usr/local/opt/berkeley-db@4/include -DMAC_OSX -DOBJC_OLD_DISPATCH_PROTOTYPES=0 -L/usr/local/opt/openssl/lib -Wl,-headerpad_max_install_names conftest.cpp  -L/usr/local/opt/berkeley-db@4/lib >&5
configure:21856: $? = 0
configure:21856: result: yes
configure:21865: checking whether strerror_r returns char *
configure:21889: g++ -std=c++11 -c -g -O2 -Wall -Wextra -Wformat -Wvla -Wformat-security -Wthread-safety-analysis -Wno-unused-parameter -Wno-self-assign -Wno-unused-local-typedef -Wno-deprecated-register -Wno-implicit-fallthrough -I/usr/local/opt/openssl/include -DHAVE_BUILD_INFO -D__STDC_FORMAT_MACROS -I/usr/local/opt/berkeley-db@4/include -DMAC_OSX -DOBJC_OLD_DISPATCH_PROTOTYPES=0 conftest.cpp >&5
conftest.cpp:64:13: error: indirection requires pointer operand ('int' invalid)
          char x = *strerror_r (0, buf, sizeof buf);
                   ^~~~~~~~~~~~~~~~~~~~~~~~~~~~~~~~
conftest.cpp:65:10: error: cannot initialize a variable of type 'char *' with an rvalue of type 'int'
          char *p = strerror_r (0, buf, sizeof buf);
                ^   ~~~~~~~~~~~~~~~~~~~~~~~~~~~~~~~
2 errors generated.
configure:21889: $? = 1
configure: failed program was:
| /* confdefs.h */
| #define PACKAGE_NAME "Retrex Core"
| #define PACKAGE_TARNAME "retrex"
| #define PACKAGE_VERSION "2.0.2"
| #define PACKAGE_STRING "Retrex Core 2.0.2"
| #define PACKAGE_BUGREPORT "retrex.tech"
| #define PACKAGE_URL ""
| #define HAVE_CXX11 1
| #define STDC_HEADERS 1
| #define HAVE_SYS_TYPES_H 1
| #define HAVE_SYS_STAT_H 1
| #define HAVE_STDLIB_H 1
| #define HAVE_STRING_H 1
| #define HAVE_MEMORY_H 1
| #define HAVE_STRINGS_H 1
| #define HAVE_INTTYPES_H 1
| #define HAVE_STDINT_H 1
| #define HAVE_UNISTD_H 1
| #define HAVE_DLFCN_H 1
| #define LT_OBJDIR ".libs/"
| #define HAVE_PTHREAD_PRIO_INHERIT 1
| #define HAVE_PTHREAD 1
| #define HAVE_DECL_STRERROR_R 1
| #define HAVE_STRERROR_R 1
| /* end confdefs.h.  */
| #include <stdio.h>
| #ifdef HAVE_SYS_TYPES_H
| # include <sys/types.h>
| #endif
| #ifdef HAVE_SYS_STAT_H
| # include <sys/stat.h>
| #endif
| #ifdef STDC_HEADERS
| # include <stdlib.h>
| # include <stddef.h>
| #else
| # ifdef HAVE_STDLIB_H
| #  include <stdlib.h>
| # endif
| #endif
| #ifdef HAVE_STRING_H
| # if !defined STDC_HEADERS && defined HAVE_MEMORY_H
| #  include <memory.h>
| # endif
| # include <string.h>
| #endif
| #ifdef HAVE_STRINGS_H
| # include <strings.h>
| #endif
| #ifdef HAVE_INTTYPES_H
| # include <inttypes.h>
| #endif
| #ifdef HAVE_STDINT_H
| # include <stdint.h>
| #endif
| #ifdef HAVE_UNISTD_H
| # include <unistd.h>
| #endif
| int
| main ()
| {
| 
| 	  char buf[100];
| 	  char x = *strerror_r (0, buf, sizeof buf);
| 	  char *p = strerror_r (0, buf, sizeof buf);
| 	  return !p || x;
| 
|   ;
|   return 0;
| }
configure:21927: result: no
configure:21948: checking whether the linker accepts -Wl,--large-address-aware
configure:21967: g++ -std=c++11 -o conftest -g -O2 -Wall -Wextra -Wformat -Wvla -Wformat-security -Wthread-safety-analysis -Wno-unused-parameter -Wno-self-assign -Wno-unused-local-typedef -Wno-deprecated-register -Wno-implicit-fallthrough -I/usr/local/opt/openssl/include -DHAVE_BUILD_INFO -D__STDC_FORMAT_MACROS -I/usr/local/opt/berkeley-db@4/include -DMAC_OSX -DOBJC_OLD_DISPATCH_PROTOTYPES=0 -L/usr/local/opt/openssl/lib -Wl,-headerpad_max_install_names  -Wl,--large-address-aware conftest.cpp  -L/usr/local/opt/berkeley-db@4/lib >&5
ld: unknown option: --large-address-aware
clang: error: linker command failed with exit code 1 (use -v to see invocation)
configure:21967: $? = 1
configure: failed program was:
| /* confdefs.h */
| #define PACKAGE_NAME "Retrex Core"
| #define PACKAGE_TARNAME "retrex"
| #define PACKAGE_VERSION "2.0.2"
| #define PACKAGE_STRING "Retrex Core 2.0.2"
| #define PACKAGE_BUGREPORT "retrex.tech"
| #define PACKAGE_URL ""
| #define HAVE_CXX11 1
| #define STDC_HEADERS 1
| #define HAVE_SYS_TYPES_H 1
| #define HAVE_SYS_STAT_H 1
| #define HAVE_STDLIB_H 1
| #define HAVE_STRING_H 1
| #define HAVE_MEMORY_H 1
| #define HAVE_STRINGS_H 1
| #define HAVE_INTTYPES_H 1
| #define HAVE_STDINT_H 1
| #define HAVE_UNISTD_H 1
| #define HAVE_DLFCN_H 1
| #define LT_OBJDIR ".libs/"
| #define HAVE_PTHREAD_PRIO_INHERIT 1
| #define HAVE_PTHREAD 1
| #define HAVE_DECL_STRERROR_R 1
| #define HAVE_STRERROR_R 1
| /* end confdefs.h.  */
| 
| int
| main ()
| {
| 
|   ;
|   return 0;
| }
configure:21976: result: no
configure:21988: checking for __attribute__((visibility))
configure:22012: g++ -std=c++11 -o conftest -g -O2 -Wall -Wextra -Wformat -Wvla -Wformat-security -Wthread-safety-analysis -Wno-unused-parameter -Wno-self-assign -Wno-unused-local-typedef -Wno-deprecated-register -Wno-implicit-fallthrough -I/usr/local/opt/openssl/include -DHAVE_BUILD_INFO -D__STDC_FORMAT_MACROS -I/usr/local/opt/berkeley-db@4/include -DMAC_OSX -DOBJC_OLD_DISPATCH_PROTOTYPES=0 -L/usr/local/opt/openssl/lib -Wl,-headerpad_max_install_names conftest.cpp  -L/usr/local/opt/berkeley-db@4/lib >&5
conftest.cpp:31:56: warning: target does not support 'protected' visibility; using 'default' [-Wunsupported-visibility]
                    int foo_pro( void ) __attribute__((visibility("protected")));
                                                       ^
1 warning generated.
configure:22012: $? = 0
configure:22025: result: no
configure:22041: checking for __attribute__((dllexport))
configure:22062: g++ -std=c++11 -o conftest -g -O2 -Wall -Wextra -Wformat -Wvla -Wformat-security -Wthread-safety-analysis -Wno-unused-parameter -Wno-self-assign -Wno-unused-local-typedef -Wno-deprecated-register -Wno-implicit-fallthrough -I/usr/local/opt/openssl/include -DHAVE_BUILD_INFO -D__STDC_FORMAT_MACROS -I/usr/local/opt/berkeley-db@4/include -DMAC_OSX -DOBJC_OLD_DISPATCH_PROTOTYPES=0 -L/usr/local/opt/openssl/lib -Wl,-headerpad_max_install_names conftest.cpp  -L/usr/local/opt/berkeley-db@4/lib >&5
conftest.cpp:28:36: warning: unknown attribute 'dllexport' ignored [-Wunknown-attributes]
                    __attribute__((dllexport)) int foo( void ) { return 0; }
                                   ^
1 warning generated.
configure:22062: $? = 0
configure:22075: result: no
configure:22091: checking for __attribute__((dllimport))
configure:22112: g++ -std=c++11 -o conftest -g -O2 -Wall -Wextra -Wformat -Wvla -Wformat-security -Wthread-safety-analysis -Wno-unused-parameter -Wno-self-assign -Wno-unused-local-typedef -Wno-deprecated-register -Wno-implicit-fallthrough -I/usr/local/opt/openssl/include -DHAVE_BUILD_INFO -D__STDC_FORMAT_MACROS -I/usr/local/opt/berkeley-db@4/include -DMAC_OSX -DOBJC_OLD_DISPATCH_PROTOTYPES=0 -L/usr/local/opt/openssl/lib -Wl,-headerpad_max_install_names conftest.cpp  -L/usr/local/opt/berkeley-db@4/lib >&5
conftest.cpp:28:52: warning: unknown attribute 'dllimport' ignored [-Wunknown-attributes]
                    int foo( void ) __attribute__((dllimport));
                                                   ^
1 warning generated.
configure:22112: $? = 0
configure:22125: result: no
configure:22225: checking for library containing clock_gettime
configure:22256: g++ -std=c++11 -o conftest -g -O2 -Wall -Wextra -Wformat -Wvla -Wformat-security -Wthread-safety-analysis -Wno-unused-parameter -Wno-self-assign -Wno-unused-local-typedef -Wno-deprecated-register -Wno-implicit-fallthrough -I/usr/local/opt/openssl/include -DHAVE_BUILD_INFO -D__STDC_FORMAT_MACROS -I/usr/local/opt/berkeley-db@4/include -DMAC_OSX -DOBJC_OLD_DISPATCH_PROTOTYPES=0 -L/usr/local/opt/openssl/lib -Wl,-headerpad_max_install_names conftest.cpp  -L/usr/local/opt/berkeley-db@4/lib >&5
configure:22256: $? = 0
configure:22273: result: none required
configure:22285: checking whether C++ compiler accepts -fPIC
configure:22304: g++ -std=c++11 -c -g -O2 -Wall -Wextra -Wformat -Wvla -Wformat-security -Wthread-safety-analysis -Wno-unused-parameter -Wno-self-assign -Wno-unused-local-typedef -Wno-deprecated-register -Wno-implicit-fallthrough  -fPIC -I/usr/local/opt/openssl/include -DHAVE_BUILD_INFO -D__STDC_FORMAT_MACROS -I/usr/local/opt/berkeley-db@4/include -DMAC_OSX -DOBJC_OLD_DISPATCH_PROTOTYPES=0 conftest.cpp >&5
configure:22304: $? = 0
configure:22312: result: yes
configure:22323: checking whether C++ compiler accepts -Wstack-protector
configure:22342: g++ -std=c++11 -c -g -O2 -Wall -Wextra -Wformat -Wvla -Wformat-security -Wthread-safety-analysis -Wno-unused-parameter -Wno-self-assign -Wno-unused-local-typedef -Wno-deprecated-register -Wno-implicit-fallthrough  -Wstack-protector -I/usr/local/opt/openssl/include -DHAVE_BUILD_INFO -D__STDC_FORMAT_MACROS -I/usr/local/opt/berkeley-db@4/include -DMAC_OSX -DOBJC_OLD_DISPATCH_PROTOTYPES=0 conftest.cpp >&5
configure:22342: $? = 0
configure:22350: result: yes
configure:22358: checking whether C++ compiler accepts -fstack-protector-all
configure:22377: g++ -std=c++11 -c -g -O2 -Wall -Wextra -Wformat -Wvla -Wformat-security -Wthread-safety-analysis -Wno-unused-parameter -Wno-self-assign -Wno-unused-local-typedef -Wno-deprecated-register -Wno-implicit-fallthrough  -fstack-protector-all -I/usr/local/opt/openssl/include -DHAVE_BUILD_INFO -D__STDC_FORMAT_MACROS -I/usr/local/opt/berkeley-db@4/include -DMAC_OSX -DOBJC_OLD_DISPATCH_PROTOTYPES=0 conftest.cpp >&5
configure:22377: $? = 0
configure:22385: result: yes
configure:22395: checking whether C++ preprocessor accepts -D_FORTIFY_SOURCE=2
configure:22414: g++ -std=c++11 -E -I/usr/local/opt/openssl/include -DHAVE_BUILD_INFO -D__STDC_FORMAT_MACROS -I/usr/local/opt/berkeley-db@4/include -DMAC_OSX -DOBJC_OLD_DISPATCH_PROTOTYPES=0  -D_FORTIFY_SOURCE=2 conftest.cpp
configure:22414: $? = 0
configure:22422: result: yes
configure:22426: checking whether C++ preprocessor accepts -U_FORTIFY_SOURCE
configure:22445: g++ -std=c++11 -E -I/usr/local/opt/openssl/include -DHAVE_BUILD_INFO -D__STDC_FORMAT_MACROS -I/usr/local/opt/berkeley-db@4/include -DMAC_OSX -DOBJC_OLD_DISPATCH_PROTOTYPES=0  -U_FORTIFY_SOURCE conftest.cpp
configure:22445: $? = 0
configure:22453: result: yes
configure:22470: checking whether the linker accepts -Wl,--dynamicbase
configure:22489: g++ -std=c++11 -o conftest -g -O2 -Wall -Wextra -Wformat -Wvla -Wformat-security -Wthread-safety-analysis -Wno-unused-parameter -Wno-self-assign -Wno-unused-local-typedef -Wno-deprecated-register -Wno-implicit-fallthrough -I/usr/local/opt/openssl/include -DHAVE_BUILD_INFO -D__STDC_FORMAT_MACROS -I/usr/local/opt/berkeley-db@4/include -DMAC_OSX -DOBJC_OLD_DISPATCH_PROTOTYPES=0 -L/usr/local/opt/openssl/lib -Wl,-headerpad_max_install_names  -Wl,--dynamicbase conftest.cpp  -L/usr/local/opt/berkeley-db@4/lib >&5
ld: unknown option: --dynamicbase
clang: error: linker command failed with exit code 1 (use -v to see invocation)
configure:22489: $? = 1
configure: failed program was:
| /* confdefs.h */
| #define PACKAGE_NAME "Retrex Core"
| #define PACKAGE_TARNAME "retrex"
| #define PACKAGE_VERSION "2.0.2"
| #define PACKAGE_STRING "Retrex Core 2.0.2"
| #define PACKAGE_BUGREPORT "retrex.tech"
| #define PACKAGE_URL ""
| #define HAVE_CXX11 1
| #define STDC_HEADERS 1
| #define HAVE_SYS_TYPES_H 1
| #define HAVE_SYS_STAT_H 1
| #define HAVE_STDLIB_H 1
| #define HAVE_STRING_H 1
| #define HAVE_MEMORY_H 1
| #define HAVE_STRINGS_H 1
| #define HAVE_INTTYPES_H 1
| #define HAVE_STDINT_H 1
| #define HAVE_UNISTD_H 1
| #define HAVE_DLFCN_H 1
| #define LT_OBJDIR ".libs/"
| #define HAVE_PTHREAD_PRIO_INHERIT 1
| #define HAVE_PTHREAD 1
| #define HAVE_DECL_STRERROR_R 1
| #define HAVE_STRERROR_R 1
| /* end confdefs.h.  */
| 
| int
| main ()
| {
| 
|   ;
|   return 0;
| }
configure:22498: result: no
configure:22506: checking whether the linker accepts -Wl,--nxcompat
configure:22525: g++ -std=c++11 -o conftest -g -O2 -Wall -Wextra -Wformat -Wvla -Wformat-security -Wthread-safety-analysis -Wno-unused-parameter -Wno-self-assign -Wno-unused-local-typedef -Wno-deprecated-register -Wno-implicit-fallthrough -I/usr/local/opt/openssl/include -DHAVE_BUILD_INFO -D__STDC_FORMAT_MACROS -I/usr/local/opt/berkeley-db@4/include -DMAC_OSX -DOBJC_OLD_DISPATCH_PROTOTYPES=0 -L/usr/local/opt/openssl/lib -Wl,-headerpad_max_install_names  -Wl,--nxcompat conftest.cpp  -L/usr/local/opt/berkeley-db@4/lib >&5
ld: unknown option: --nxcompat
clang: error: linker command failed with exit code 1 (use -v to see invocation)
configure:22525: $? = 1
configure: failed program was:
| /* confdefs.h */
| #define PACKAGE_NAME "Retrex Core"
| #define PACKAGE_TARNAME "retrex"
| #define PACKAGE_VERSION "2.0.2"
| #define PACKAGE_STRING "Retrex Core 2.0.2"
| #define PACKAGE_BUGREPORT "retrex.tech"
| #define PACKAGE_URL ""
| #define HAVE_CXX11 1
| #define STDC_HEADERS 1
| #define HAVE_SYS_TYPES_H 1
| #define HAVE_SYS_STAT_H 1
| #define HAVE_STDLIB_H 1
| #define HAVE_STRING_H 1
| #define HAVE_MEMORY_H 1
| #define HAVE_STRINGS_H 1
| #define HAVE_INTTYPES_H 1
| #define HAVE_STDINT_H 1
| #define HAVE_UNISTD_H 1
| #define HAVE_DLFCN_H 1
| #define LT_OBJDIR ".libs/"
| #define HAVE_PTHREAD_PRIO_INHERIT 1
| #define HAVE_PTHREAD 1
| #define HAVE_DECL_STRERROR_R 1
| #define HAVE_STRERROR_R 1
| /* end confdefs.h.  */
| 
| int
| main ()
| {
| 
|   ;
|   return 0;
| }
configure:22534: result: no
configure:22542: checking whether the linker accepts -Wl,--high-entropy-va
configure:22561: g++ -std=c++11 -o conftest -g -O2 -Wall -Wextra -Wformat -Wvla -Wformat-security -Wthread-safety-analysis -Wno-unused-parameter -Wno-self-assign -Wno-unused-local-typedef -Wno-deprecated-register -Wno-implicit-fallthrough -I/usr/local/opt/openssl/include -DHAVE_BUILD_INFO -D__STDC_FORMAT_MACROS -I/usr/local/opt/berkeley-db@4/include -DMAC_OSX -DOBJC_OLD_DISPATCH_PROTOTYPES=0 -L/usr/local/opt/openssl/lib -Wl,-headerpad_max_install_names  -Wl,--high-entropy-va conftest.cpp  -L/usr/local/opt/berkeley-db@4/lib >&5
ld: unknown option: --high-entropy-va
clang: error: linker command failed with exit code 1 (use -v to see invocation)
configure:22561: $? = 1
configure: failed program was:
| /* confdefs.h */
| #define PACKAGE_NAME "Retrex Core"
| #define PACKAGE_TARNAME "retrex"
| #define PACKAGE_VERSION "2.0.2"
| #define PACKAGE_STRING "Retrex Core 2.0.2"
| #define PACKAGE_BUGREPORT "retrex.tech"
| #define PACKAGE_URL ""
| #define HAVE_CXX11 1
| #define STDC_HEADERS 1
| #define HAVE_SYS_TYPES_H 1
| #define HAVE_SYS_STAT_H 1
| #define HAVE_STDLIB_H 1
| #define HAVE_STRING_H 1
| #define HAVE_MEMORY_H 1
| #define HAVE_STRINGS_H 1
| #define HAVE_INTTYPES_H 1
| #define HAVE_STDINT_H 1
| #define HAVE_UNISTD_H 1
| #define HAVE_DLFCN_H 1
| #define LT_OBJDIR ".libs/"
| #define HAVE_PTHREAD_PRIO_INHERIT 1
| #define HAVE_PTHREAD 1
| #define HAVE_DECL_STRERROR_R 1
| #define HAVE_STRERROR_R 1
| /* end confdefs.h.  */
| 
| int
| main ()
| {
| 
|   ;
|   return 0;
| }
configure:22570: result: no
configure:22578: checking whether the linker accepts -Wl,-z,relro
configure:22597: g++ -std=c++11 -o conftest -g -O2 -Wall -Wextra -Wformat -Wvla -Wformat-security -Wthread-safety-analysis -Wno-unused-parameter -Wno-self-assign -Wno-unused-local-typedef -Wno-deprecated-register -Wno-implicit-fallthrough -I/usr/local/opt/openssl/include -DHAVE_BUILD_INFO -D__STDC_FORMAT_MACROS -I/usr/local/opt/berkeley-db@4/include -DMAC_OSX -DOBJC_OLD_DISPATCH_PROTOTYPES=0 -L/usr/local/opt/openssl/lib -Wl,-headerpad_max_install_names  -Wl,-z,relro conftest.cpp  -L/usr/local/opt/berkeley-db@4/lib >&5
ld: unknown option: -z
clang: error: linker command failed with exit code 1 (use -v to see invocation)
configure:22597: $? = 1
configure: failed program was:
| /* confdefs.h */
| #define PACKAGE_NAME "Retrex Core"
| #define PACKAGE_TARNAME "retrex"
| #define PACKAGE_VERSION "2.0.2"
| #define PACKAGE_STRING "Retrex Core 2.0.2"
| #define PACKAGE_BUGREPORT "retrex.tech"
| #define PACKAGE_URL ""
| #define HAVE_CXX11 1
| #define STDC_HEADERS 1
| #define HAVE_SYS_TYPES_H 1
| #define HAVE_SYS_STAT_H 1
| #define HAVE_STDLIB_H 1
| #define HAVE_STRING_H 1
| #define HAVE_MEMORY_H 1
| #define HAVE_STRINGS_H 1
| #define HAVE_INTTYPES_H 1
| #define HAVE_STDINT_H 1
| #define HAVE_UNISTD_H 1
| #define HAVE_DLFCN_H 1
| #define LT_OBJDIR ".libs/"
| #define HAVE_PTHREAD_PRIO_INHERIT 1
| #define HAVE_PTHREAD 1
| #define HAVE_DECL_STRERROR_R 1
| #define HAVE_STRERROR_R 1
| /* end confdefs.h.  */
| 
| int
| main ()
| {
| 
|   ;
|   return 0;
| }
configure:22606: result: no
configure:22614: checking whether the linker accepts -Wl,-z,now
configure:22633: g++ -std=c++11 -o conftest -g -O2 -Wall -Wextra -Wformat -Wvla -Wformat-security -Wthread-safety-analysis -Wno-unused-parameter -Wno-self-assign -Wno-unused-local-typedef -Wno-deprecated-register -Wno-implicit-fallthrough -I/usr/local/opt/openssl/include -DHAVE_BUILD_INFO -D__STDC_FORMAT_MACROS -I/usr/local/opt/berkeley-db@4/include -DMAC_OSX -DOBJC_OLD_DISPATCH_PROTOTYPES=0 -L/usr/local/opt/openssl/lib -Wl,-headerpad_max_install_names  -Wl,-z,now conftest.cpp  -L/usr/local/opt/berkeley-db@4/lib >&5
ld: unknown option: -z
clang: error: linker command failed with exit code 1 (use -v to see invocation)
configure:22633: $? = 1
configure: failed program was:
| /* confdefs.h */
| #define PACKAGE_NAME "Retrex Core"
| #define PACKAGE_TARNAME "retrex"
| #define PACKAGE_VERSION "2.0.2"
| #define PACKAGE_STRING "Retrex Core 2.0.2"
| #define PACKAGE_BUGREPORT "retrex.tech"
| #define PACKAGE_URL ""
| #define HAVE_CXX11 1
| #define STDC_HEADERS 1
| #define HAVE_SYS_TYPES_H 1
| #define HAVE_SYS_STAT_H 1
| #define HAVE_STDLIB_H 1
| #define HAVE_STRING_H 1
| #define HAVE_MEMORY_H 1
| #define HAVE_STRINGS_H 1
| #define HAVE_INTTYPES_H 1
| #define HAVE_STDINT_H 1
| #define HAVE_UNISTD_H 1
| #define HAVE_DLFCN_H 1
| #define LT_OBJDIR ".libs/"
| #define HAVE_PTHREAD_PRIO_INHERIT 1
| #define HAVE_PTHREAD 1
| #define HAVE_DECL_STRERROR_R 1
| #define HAVE_STRERROR_R 1
| /* end confdefs.h.  */
| 
| int
| main ()
| {
| 
|   ;
|   return 0;
| }
configure:22642: result: no
configure:22652: checking whether C++ compiler accepts -fPIC
configure:22679: result: yes
configure:22687: checking whether the linker accepts -pic
configure:22706: g++ -std=c++11 -o conftest -g -O2 -Wall -Wextra -Wformat -Wvla -Wformat-security -Wthread-safety-analysis -Wno-unused-parameter -Wno-self-assign -Wno-unused-local-typedef -Wno-deprecated-register -Wno-implicit-fallthrough -I/usr/local/opt/openssl/include -DHAVE_BUILD_INFO -D__STDC_FORMAT_MACROS -I/usr/local/opt/berkeley-db@4/include -DMAC_OSX -DOBJC_OLD_DISPATCH_PROTOTYPES=0 -L/usr/local/opt/openssl/lib -Wl,-headerpad_max_install_names  -pic conftest.cpp  -L/usr/local/opt/berkeley-db@4/lib >&5
clang: error: unknown argument '-pic'; did you mean '-fpic'?
configure:22706: $? = 1
configure: failed program was:
| /* confdefs.h */
| #define PACKAGE_NAME "Retrex Core"
| #define PACKAGE_TARNAME "retrex"
| #define PACKAGE_VERSION "2.0.2"
| #define PACKAGE_STRING "Retrex Core 2.0.2"
| #define PACKAGE_BUGREPORT "retrex.tech"
| #define PACKAGE_URL ""
| #define HAVE_CXX11 1
| #define STDC_HEADERS 1
| #define HAVE_SYS_TYPES_H 1
| #define HAVE_SYS_STAT_H 1
| #define HAVE_STDLIB_H 1
| #define HAVE_STRING_H 1
| #define HAVE_MEMORY_H 1
| #define HAVE_STRINGS_H 1
| #define HAVE_INTTYPES_H 1
| #define HAVE_STDINT_H 1
| #define HAVE_UNISTD_H 1
| #define HAVE_DLFCN_H 1
| #define LT_OBJDIR ".libs/"
| #define HAVE_PTHREAD_PRIO_INHERIT 1
| #define HAVE_PTHREAD 1
| #define HAVE_DECL_STRERROR_R 1
| #define HAVE_STRERROR_R 1
| /* end confdefs.h.  */
| 
| int
| main ()
| {
| 
|   ;
|   return 0;
| }
configure:22715: result: no
configure:22773: checking whether the linker accepts -Wl,-dead_strip
configure:22792: g++ -std=c++11 -o conftest -g -O2 -Wall -Wextra -Wformat -Wvla -Wformat-security -Wthread-safety-analysis -Wno-unused-parameter -Wno-self-assign -Wno-unused-local-typedef -Wno-deprecated-register -Wno-implicit-fallthrough -I/usr/local/opt/openssl/include -DHAVE_BUILD_INFO -D__STDC_FORMAT_MACROS -I/usr/local/opt/berkeley-db@4/include -DMAC_OSX -DOBJC_OLD_DISPATCH_PROTOTYPES=0 -L/usr/local/opt/openssl/lib -Wl,-headerpad_max_install_names  -Wl,-dead_strip conftest.cpp  -L/usr/local/opt/berkeley-db@4/lib >&5
configure:22792: $? = 0
configure:22801: result: yes
configure:22814: checking endian.h usability
configure:22814: g++ -std=c++11 -c -g -O2 -Wall -Wextra -Wformat -Wvla -Wformat-security -Wthread-safety-analysis -Wno-unused-parameter -Wno-self-assign -Wno-unused-local-typedef -Wno-deprecated-register -Wno-implicit-fallthrough -I/usr/local/opt/openssl/include -DHAVE_BUILD_INFO -D__STDC_FORMAT_MACROS -I/usr/local/opt/berkeley-db@4/include -DMAC_OSX -DOBJC_OLD_DISPATCH_PROTOTYPES=0 conftest.cpp >&5
conftest.cpp:59:10: fatal error: 'endian.h' file not found
#include <endian.h>
         ^~~~~~~~~~
1 error generated.
configure:22814: $? = 1
configure: failed program was:
| /* confdefs.h */
| #define PACKAGE_NAME "Retrex Core"
| #define PACKAGE_TARNAME "retrex"
| #define PACKAGE_VERSION "2.0.2"
| #define PACKAGE_STRING "Retrex Core 2.0.2"
| #define PACKAGE_BUGREPORT "retrex.tech"
| #define PACKAGE_URL ""
| #define HAVE_CXX11 1
| #define STDC_HEADERS 1
| #define HAVE_SYS_TYPES_H 1
| #define HAVE_SYS_STAT_H 1
| #define HAVE_STDLIB_H 1
| #define HAVE_STRING_H 1
| #define HAVE_MEMORY_H 1
| #define HAVE_STRINGS_H 1
| #define HAVE_INTTYPES_H 1
| #define HAVE_STDINT_H 1
| #define HAVE_UNISTD_H 1
| #define HAVE_DLFCN_H 1
| #define LT_OBJDIR ".libs/"
| #define HAVE_PTHREAD_PRIO_INHERIT 1
| #define HAVE_PTHREAD 1
| #define HAVE_DECL_STRERROR_R 1
| #define HAVE_STRERROR_R 1
| /* end confdefs.h.  */
| #include <stdio.h>
| #ifdef HAVE_SYS_TYPES_H
| # include <sys/types.h>
| #endif
| #ifdef HAVE_SYS_STAT_H
| # include <sys/stat.h>
| #endif
| #ifdef STDC_HEADERS
| # include <stdlib.h>
| # include <stddef.h>
| #else
| # ifdef HAVE_STDLIB_H
| #  include <stdlib.h>
| # endif
| #endif
| #ifdef HAVE_STRING_H
| # if !defined STDC_HEADERS && defined HAVE_MEMORY_H
| #  include <memory.h>
| # endif
| # include <string.h>
| #endif
| #ifdef HAVE_STRINGS_H
| # include <strings.h>
| #endif
| #ifdef HAVE_INTTYPES_H
| # include <inttypes.h>
| #endif
| #ifdef HAVE_STDINT_H
| # include <stdint.h>
| #endif
| #ifdef HAVE_UNISTD_H
| # include <unistd.h>
| #endif
| #include <endian.h>
configure:22814: result: no
configure:22814: checking endian.h presence
configure:22814: g++ -std=c++11 -E -I/usr/local/opt/openssl/include -DHAVE_BUILD_INFO -D__STDC_FORMAT_MACROS -I/usr/local/opt/berkeley-db@4/include -DMAC_OSX -DOBJC_OLD_DISPATCH_PROTOTYPES=0 conftest.cpp
conftest.cpp:26:10: fatal error: 'endian.h' file not found
#include <endian.h>
         ^~~~~~~~~~
1 error generated.
configure:22814: $? = 1
configure: failed program was:
| /* confdefs.h */
| #define PACKAGE_NAME "Retrex Core"
| #define PACKAGE_TARNAME "retrex"
| #define PACKAGE_VERSION "2.0.2"
| #define PACKAGE_STRING "Retrex Core 2.0.2"
| #define PACKAGE_BUGREPORT "retrex.tech"
| #define PACKAGE_URL ""
| #define HAVE_CXX11 1
| #define STDC_HEADERS 1
| #define HAVE_SYS_TYPES_H 1
| #define HAVE_SYS_STAT_H 1
| #define HAVE_STDLIB_H 1
| #define HAVE_STRING_H 1
| #define HAVE_MEMORY_H 1
| #define HAVE_STRINGS_H 1
| #define HAVE_INTTYPES_H 1
| #define HAVE_STDINT_H 1
| #define HAVE_UNISTD_H 1
| #define HAVE_DLFCN_H 1
| #define LT_OBJDIR ".libs/"
| #define HAVE_PTHREAD_PRIO_INHERIT 1
| #define HAVE_PTHREAD 1
| #define HAVE_DECL_STRERROR_R 1
| #define HAVE_STRERROR_R 1
| /* end confdefs.h.  */
| #include <endian.h>
configure:22814: result: no
configure:22814: checking for endian.h
configure:22814: result: no
configure:22814: checking stdio.h usability
configure:22814: g++ -std=c++11 -c -g -O2 -Wall -Wextra -Wformat -Wvla -Wformat-security -Wthread-safety-analysis -Wno-unused-parameter -Wno-self-assign -Wno-unused-local-typedef -Wno-deprecated-register -Wno-implicit-fallthrough -I/usr/local/opt/openssl/include -DHAVE_BUILD_INFO -D__STDC_FORMAT_MACROS -I/usr/local/opt/berkeley-db@4/include -DMAC_OSX -DOBJC_OLD_DISPATCH_PROTOTYPES=0 conftest.cpp >&5
configure:22814: $? = 0
configure:22814: result: yes
configure:22814: checking stdio.h presence
configure:22814: g++ -std=c++11 -E -I/usr/local/opt/openssl/include -DHAVE_BUILD_INFO -D__STDC_FORMAT_MACROS -I/usr/local/opt/berkeley-db@4/include -DMAC_OSX -DOBJC_OLD_DISPATCH_PROTOTYPES=0 conftest.cpp
configure:22814: $? = 0
configure:22814: result: yes
configure:22814: checking for stdio.h
configure:22814: result: yes
configure:22814: checking for stdlib.h
configure:22814: result: yes
configure:22814: checking for unistd.h
configure:22814: result: yes
configure:22814: checking for strings.h
configure:22814: result: yes
configure:22814: checking for sys/types.h
configure:22814: result: yes
configure:22814: checking for sys/stat.h
configure:22814: result: yes
configure:22814: checking sys/select.h usability
configure:22814: g++ -std=c++11 -c -g -O2 -Wall -Wextra -Wformat -Wvla -Wformat-security -Wthread-safety-analysis -Wno-unused-parameter -Wno-self-assign -Wno-unused-local-typedef -Wno-deprecated-register -Wno-implicit-fallthrough -I/usr/local/opt/openssl/include -DHAVE_BUILD_INFO -D__STDC_FORMAT_MACROS -I/usr/local/opt/berkeley-db@4/include -DMAC_OSX -DOBJC_OLD_DISPATCH_PROTOTYPES=0 conftest.cpp >&5
configure:22814: $? = 0
configure:22814: result: yes
configure:22814: checking sys/select.h presence
configure:22814: g++ -std=c++11 -E -I/usr/local/opt/openssl/include -DHAVE_BUILD_INFO -D__STDC_FORMAT_MACROS -I/usr/local/opt/berkeley-db@4/include -DMAC_OSX -DOBJC_OLD_DISPATCH_PROTOTYPES=0 conftest.cpp
configure:22814: $? = 0
configure:22814: result: yes
configure:22814: checking for sys/select.h
configure:22814: result: yes
configure:22814: checking sys/prctl.h usability
configure:22814: g++ -std=c++11 -c -g -O2 -Wall -Wextra -Wformat -Wvla -Wformat-security -Wthread-safety-analysis -Wno-unused-parameter -Wno-self-assign -Wno-unused-local-typedef -Wno-deprecated-register -Wno-implicit-fallthrough -I/usr/local/opt/openssl/include -DHAVE_BUILD_INFO -D__STDC_FORMAT_MACROS -I/usr/local/opt/berkeley-db@4/include -DMAC_OSX -DOBJC_OLD_DISPATCH_PROTOTYPES=0 conftest.cpp >&5
conftest.cpp:66:10: fatal error: 'sys/prctl.h' file not found
#include <sys/prctl.h>
         ^~~~~~~~~~~~~
1 error generated.
configure:22814: $? = 1
configure: failed program was:
| /* confdefs.h */
| #define PACKAGE_NAME "Retrex Core"
| #define PACKAGE_TARNAME "retrex"
| #define PACKAGE_VERSION "2.0.2"
| #define PACKAGE_STRING "Retrex Core 2.0.2"
| #define PACKAGE_BUGREPORT "retrex.tech"
| #define PACKAGE_URL ""
| #define HAVE_CXX11 1
| #define STDC_HEADERS 1
| #define HAVE_SYS_TYPES_H 1
| #define HAVE_SYS_STAT_H 1
| #define HAVE_STDLIB_H 1
| #define HAVE_STRING_H 1
| #define HAVE_MEMORY_H 1
| #define HAVE_STRINGS_H 1
| #define HAVE_INTTYPES_H 1
| #define HAVE_STDINT_H 1
| #define HAVE_UNISTD_H 1
| #define HAVE_DLFCN_H 1
| #define LT_OBJDIR ".libs/"
| #define HAVE_PTHREAD_PRIO_INHERIT 1
| #define HAVE_PTHREAD 1
| #define HAVE_DECL_STRERROR_R 1
| #define HAVE_STRERROR_R 1
| #define HAVE_STDIO_H 1
| #define HAVE_STDLIB_H 1
| #define HAVE_UNISTD_H 1
| #define HAVE_STRINGS_H 1
| #define HAVE_SYS_TYPES_H 1
| #define HAVE_SYS_STAT_H 1
| #define HAVE_SYS_SELECT_H 1
| /* end confdefs.h.  */
| #include <stdio.h>
| #ifdef HAVE_SYS_TYPES_H
| # include <sys/types.h>
| #endif
| #ifdef HAVE_SYS_STAT_H
| # include <sys/stat.h>
| #endif
| #ifdef STDC_HEADERS
| # include <stdlib.h>
| # include <stddef.h>
| #else
| # ifdef HAVE_STDLIB_H
| #  include <stdlib.h>
| # endif
| #endif
| #ifdef HAVE_STRING_H
| # if !defined STDC_HEADERS && defined HAVE_MEMORY_H
| #  include <memory.h>
| # endif
| # include <string.h>
| #endif
| #ifdef HAVE_STRINGS_H
| # include <strings.h>
| #endif
| #ifdef HAVE_INTTYPES_H
| # include <inttypes.h>
| #endif
| #ifdef HAVE_STDINT_H
| # include <stdint.h>
| #endif
| #ifdef HAVE_UNISTD_H
| # include <unistd.h>
| #endif
| #include <sys/prctl.h>
configure:22814: result: no
configure:22814: checking sys/prctl.h presence
configure:22814: g++ -std=c++11 -E -I/usr/local/opt/openssl/include -DHAVE_BUILD_INFO -D__STDC_FORMAT_MACROS -I/usr/local/opt/berkeley-db@4/include -DMAC_OSX -DOBJC_OLD_DISPATCH_PROTOTYPES=0 conftest.cpp
conftest.cpp:33:10: fatal error: 'sys/prctl.h' file not found
#include <sys/prctl.h>
         ^~~~~~~~~~~~~
1 error generated.
configure:22814: $? = 1
configure: failed program was:
| /* confdefs.h */
| #define PACKAGE_NAME "Retrex Core"
| #define PACKAGE_TARNAME "retrex"
| #define PACKAGE_VERSION "2.0.2"
| #define PACKAGE_STRING "Retrex Core 2.0.2"
| #define PACKAGE_BUGREPORT "retrex.tech"
| #define PACKAGE_URL ""
| #define HAVE_CXX11 1
| #define STDC_HEADERS 1
| #define HAVE_SYS_TYPES_H 1
| #define HAVE_SYS_STAT_H 1
| #define HAVE_STDLIB_H 1
| #define HAVE_STRING_H 1
| #define HAVE_MEMORY_H 1
| #define HAVE_STRINGS_H 1
| #define HAVE_INTTYPES_H 1
| #define HAVE_STDINT_H 1
| #define HAVE_UNISTD_H 1
| #define HAVE_DLFCN_H 1
| #define LT_OBJDIR ".libs/"
| #define HAVE_PTHREAD_PRIO_INHERIT 1
| #define HAVE_PTHREAD 1
| #define HAVE_DECL_STRERROR_R 1
| #define HAVE_STRERROR_R 1
| #define HAVE_STDIO_H 1
| #define HAVE_STDLIB_H 1
| #define HAVE_UNISTD_H 1
| #define HAVE_STRINGS_H 1
| #define HAVE_SYS_TYPES_H 1
| #define HAVE_SYS_STAT_H 1
| #define HAVE_SYS_SELECT_H 1
| /* end confdefs.h.  */
| #include <sys/prctl.h>
configure:22814: result: no
configure:22814: checking for sys/prctl.h
configure:22814: result: no
configure:22824: checking for library containing getaddrinfo_a
configure:22855: g++ -std=c++11 -o conftest -g -O2 -Wall -Wextra -Wformat -Wvla -Wformat-security -Wthread-safety-analysis -Wno-unused-parameter -Wno-self-assign -Wno-unused-local-typedef -Wno-deprecated-register -Wno-implicit-fallthrough -I/usr/local/opt/openssl/include -DHAVE_BUILD_INFO -D__STDC_FORMAT_MACROS -I/usr/local/opt/berkeley-db@4/include -DMAC_OSX -DOBJC_OLD_DISPATCH_PROTOTYPES=0 -L/usr/local/opt/openssl/lib -Wl,-headerpad_max_install_names -Wl,-dead_strip conftest.cpp  -L/usr/local/opt/berkeley-db@4/lib >&5
Undefined symbols for architecture x86_64:
  "_getaddrinfo_a", referenced from:
      _main in conftest-f29536.o
ld: symbol(s) not found for architecture x86_64
clang: error: linker command failed with exit code 1 (use -v to see invocation)
configure:22855: $? = 1
configure: failed program was:
| /* confdefs.h */
| #define PACKAGE_NAME "Retrex Core"
| #define PACKAGE_TARNAME "retrex"
| #define PACKAGE_VERSION "2.0.2"
| #define PACKAGE_STRING "Retrex Core 2.0.2"
| #define PACKAGE_BUGREPORT "retrex.tech"
| #define PACKAGE_URL ""
| #define HAVE_CXX11 1
| #define STDC_HEADERS 1
| #define HAVE_SYS_TYPES_H 1
| #define HAVE_SYS_STAT_H 1
| #define HAVE_STDLIB_H 1
| #define HAVE_STRING_H 1
| #define HAVE_MEMORY_H 1
| #define HAVE_STRINGS_H 1
| #define HAVE_INTTYPES_H 1
| #define HAVE_STDINT_H 1
| #define HAVE_UNISTD_H 1
| #define HAVE_DLFCN_H 1
| #define LT_OBJDIR ".libs/"
| #define HAVE_PTHREAD_PRIO_INHERIT 1
| #define HAVE_PTHREAD 1
| #define HAVE_DECL_STRERROR_R 1
| #define HAVE_STRERROR_R 1
| #define HAVE_STDIO_H 1
| #define HAVE_STDLIB_H 1
| #define HAVE_UNISTD_H 1
| #define HAVE_STRINGS_H 1
| #define HAVE_SYS_TYPES_H 1
| #define HAVE_SYS_STAT_H 1
| #define HAVE_SYS_SELECT_H 1
| /* end confdefs.h.  */
| 
| /* Override any GCC internal prototype to avoid an error.
|    Use char because int might match the return type of a GCC
|    builtin and then its argument prototype would still apply.  */
| #ifdef __cplusplus
| extern "C"
| #endif
| char getaddrinfo_a ();
| int
| main ()
| {
| return getaddrinfo_a ();
|   ;
|   return 0;
| }
configure:22855: g++ -std=c++11 -o conftest -g -O2 -Wall -Wextra -Wformat -Wvla -Wformat-security -Wthread-safety-analysis -Wno-unused-parameter -Wno-self-assign -Wno-unused-local-typedef -Wno-deprecated-register -Wno-implicit-fallthrough -I/usr/local/opt/openssl/include -DHAVE_BUILD_INFO -D__STDC_FORMAT_MACROS -I/usr/local/opt/berkeley-db@4/include -DMAC_OSX -DOBJC_OLD_DISPATCH_PROTOTYPES=0 -L/usr/local/opt/openssl/lib -Wl,-headerpad_max_install_names -Wl,-dead_strip conftest.cpp -lanl   -L/usr/local/opt/berkeley-db@4/lib >&5
ld: library not found for -lanl
clang: error: linker command failed with exit code 1 (use -v to see invocation)
configure:22855: $? = 1
configure: failed program was:
| /* confdefs.h */
| #define PACKAGE_NAME "Retrex Core"
| #define PACKAGE_TARNAME "retrex"
| #define PACKAGE_VERSION "2.0.2"
| #define PACKAGE_STRING "Retrex Core 2.0.2"
| #define PACKAGE_BUGREPORT "retrex.tech"
| #define PACKAGE_URL ""
| #define HAVE_CXX11 1
| #define STDC_HEADERS 1
| #define HAVE_SYS_TYPES_H 1
| #define HAVE_SYS_STAT_H 1
| #define HAVE_STDLIB_H 1
| #define HAVE_STRING_H 1
| #define HAVE_MEMORY_H 1
| #define HAVE_STRINGS_H 1
| #define HAVE_INTTYPES_H 1
| #define HAVE_STDINT_H 1
| #define HAVE_UNISTD_H 1
| #define HAVE_DLFCN_H 1
| #define LT_OBJDIR ".libs/"
| #define HAVE_PTHREAD_PRIO_INHERIT 1
| #define HAVE_PTHREAD 1
| #define HAVE_DECL_STRERROR_R 1
| #define HAVE_STRERROR_R 1
| #define HAVE_STDIO_H 1
| #define HAVE_STDLIB_H 1
| #define HAVE_UNISTD_H 1
| #define HAVE_STRINGS_H 1
| #define HAVE_SYS_TYPES_H 1
| #define HAVE_SYS_STAT_H 1
| #define HAVE_SYS_SELECT_H 1
| /* end confdefs.h.  */
| 
| /* Override any GCC internal prototype to avoid an error.
|    Use char because int might match the return type of a GCC
|    builtin and then its argument prototype would still apply.  */
| #ifdef __cplusplus
| extern "C"
| #endif
| char getaddrinfo_a ();
| int
| main ()
| {
| return getaddrinfo_a ();
|   ;
|   return 0;
| }
configure:22872: result: no
configure:22882: checking for library containing inet_pton
configure:22913: g++ -std=c++11 -o conftest -g -O2 -Wall -Wextra -Wformat -Wvla -Wformat-security -Wthread-safety-analysis -Wno-unused-parameter -Wno-self-assign -Wno-unused-local-typedef -Wno-deprecated-register -Wno-implicit-fallthrough -I/usr/local/opt/openssl/include -DHAVE_BUILD_INFO -D__STDC_FORMAT_MACROS -I/usr/local/opt/berkeley-db@4/include -DMAC_OSX -DOBJC_OLD_DISPATCH_PROTOTYPES=0 -L/usr/local/opt/openssl/lib -Wl,-headerpad_max_install_names -Wl,-dead_strip conftest.cpp  -L/usr/local/opt/berkeley-db@4/lib >&5
configure:22913: $? = 0
configure:22930: result: none required
configure:22941: checking whether strnlen is declared
configure:22941: g++ -std=c++11 -c -g -O2 -Wall -Wextra -Wformat -Wvla -Wformat-security -Wthread-safety-analysis -Wno-unused-parameter -Wno-self-assign -Wno-unused-local-typedef -Wno-deprecated-register -Wno-implicit-fallthrough -I/usr/local/opt/openssl/include -DHAVE_BUILD_INFO -D__STDC_FORMAT_MACROS -I/usr/local/opt/berkeley-db@4/include -DMAC_OSX -DOBJC_OLD_DISPATCH_PROTOTYPES=0 conftest.cpp >&5
configure:22941: $? = 0
configure:22941: result: yes
configure:22954: checking whether daemon is declared
configure:22954: g++ -std=c++11 -c -g -O2 -Wall -Wextra -Wformat -Wvla -Wformat-security -Wthread-safety-analysis -Wno-unused-parameter -Wno-self-assign -Wno-unused-local-typedef -Wno-deprecated-register -Wno-implicit-fallthrough -I/usr/local/opt/openssl/include -DHAVE_BUILD_INFO -D__STDC_FORMAT_MACROS -I/usr/local/opt/berkeley-db@4/include -DMAC_OSX -DOBJC_OLD_DISPATCH_PROTOTYPES=0 conftest.cpp >&5
conftest.cpp:73:10: warning: 'daemon' is deprecated: first deprecated in macOS 10.5 - Use posix_spawn APIs instead. [-Wdeprecated-declarations]
  (void) daemon;
         ^
/Applications/Xcode.app/Contents/Developer/Platforms/MacOSX.platform/Developer/SDKs/MacOSX.sdk/usr/include/stdlib.h:292:6: note: 'daemon' has been explicitly marked deprecated here
int      daemon(int, int) __DARWIN_1050(daemon) __OSX_AVAILABLE_BUT_DEPRECATED_MSG(__MAC_10_0, __MAC_10_5, __IPHONE_2_0, __IPHONE_2_0, "Use posix_spawn APIs instead.") __WATCHOS_PROHIBITED __TVOS_PROHIBITED;
         ^
1 warning generated.
configure:22954: $? = 0
configure:22954: result: yes
configure:22966: checking whether le32toh is declared
configure:22966: g++ -std=c++11 -c -g -O2 -Wall -Wextra -Wformat -Wvla -Wformat-security -Wthread-safety-analysis -Wno-unused-parameter -Wno-self-assign -Wno-unused-local-typedef -Wno-deprecated-register -Wno-implicit-fallthrough -I/usr/local/opt/openssl/include -DHAVE_BUILD_INFO -D__STDC_FORMAT_MACROS -I/usr/local/opt/berkeley-db@4/include -DMAC_OSX -DOBJC_OLD_DISPATCH_PROTOTYPES=0 conftest.cpp >&5
conftest.cpp:45:10: error: use of undeclared identifier 'le32toh'
  (void) le32toh;
         ^
1 error generated.
configure:22966: $? = 1
configure: failed program was:
| /* confdefs.h */
| #define PACKAGE_NAME "Retrex Core"
| #define PACKAGE_TARNAME "retrex"
| #define PACKAGE_VERSION "2.0.2"
| #define PACKAGE_STRING "Retrex Core 2.0.2"
| #define PACKAGE_BUGREPORT "retrex.tech"
| #define PACKAGE_URL ""
| #define HAVE_CXX11 1
| #define STDC_HEADERS 1
| #define HAVE_SYS_TYPES_H 1
| #define HAVE_SYS_STAT_H 1
| #define HAVE_STDLIB_H 1
| #define HAVE_STRING_H 1
| #define HAVE_MEMORY_H 1
| #define HAVE_STRINGS_H 1
| #define HAVE_INTTYPES_H 1
| #define HAVE_STDINT_H 1
| #define HAVE_UNISTD_H 1
| #define HAVE_DLFCN_H 1
| #define LT_OBJDIR ".libs/"
| #define HAVE_PTHREAD_PRIO_INHERIT 1
| #define HAVE_PTHREAD 1
| #define HAVE_DECL_STRERROR_R 1
| #define HAVE_STRERROR_R 1
| #define HAVE_STDIO_H 1
| #define HAVE_STDLIB_H 1
| #define HAVE_UNISTD_H 1
| #define HAVE_STRINGS_H 1
| #define HAVE_SYS_TYPES_H 1
| #define HAVE_SYS_STAT_H 1
| #define HAVE_SYS_SELECT_H 1
| #define HAVE_INET_PTON 1
| #define HAVE_DECL_STRNLEN 1
| #define HAVE_DECL_DAEMON 1
| /* end confdefs.h.  */
| #if HAVE_ENDIAN_H
|                  #include <endian.h>
|                  #endif
| 
| int
| main ()
| {
| #ifndef le32toh
| #ifdef __cplusplus
|   (void) le32toh;
| #else
|   (void) le32toh;
| #endif
| #endif
| 
|   ;
|   return 0;
| }
configure:22966: result: no
configure:22979: checking whether le64toh is declared
configure:22979: g++ -std=c++11 -c -g -O2 -Wall -Wextra -Wformat -Wvla -Wformat-security -Wthread-safety-analysis -Wno-unused-parameter -Wno-self-assign -Wno-unused-local-typedef -Wno-deprecated-register -Wno-implicit-fallthrough -I/usr/local/opt/openssl/include -DHAVE_BUILD_INFO -D__STDC_FORMAT_MACROS -I/usr/local/opt/berkeley-db@4/include -DMAC_OSX -DOBJC_OLD_DISPATCH_PROTOTYPES=0 conftest.cpp >&5
conftest.cpp:46:10: error: use of undeclared identifier 'le64toh'
  (void) le64toh;
         ^
1 error generated.
configure:22979: $? = 1
configure: failed program was:
| /* confdefs.h */
| #define PACKAGE_NAME "Retrex Core"
| #define PACKAGE_TARNAME "retrex"
| #define PACKAGE_VERSION "2.0.2"
| #define PACKAGE_STRING "Retrex Core 2.0.2"
| #define PACKAGE_BUGREPORT "retrex.tech"
| #define PACKAGE_URL ""
| #define HAVE_CXX11 1
| #define STDC_HEADERS 1
| #define HAVE_SYS_TYPES_H 1
| #define HAVE_SYS_STAT_H 1
| #define HAVE_STDLIB_H 1
| #define HAVE_STRING_H 1
| #define HAVE_MEMORY_H 1
| #define HAVE_STRINGS_H 1
| #define HAVE_INTTYPES_H 1
| #define HAVE_STDINT_H 1
| #define HAVE_UNISTD_H 1
| #define HAVE_DLFCN_H 1
| #define LT_OBJDIR ".libs/"
| #define HAVE_PTHREAD_PRIO_INHERIT 1
| #define HAVE_PTHREAD 1
| #define HAVE_DECL_STRERROR_R 1
| #define HAVE_STRERROR_R 1
| #define HAVE_STDIO_H 1
| #define HAVE_STDLIB_H 1
| #define HAVE_UNISTD_H 1
| #define HAVE_STRINGS_H 1
| #define HAVE_SYS_TYPES_H 1
| #define HAVE_SYS_STAT_H 1
| #define HAVE_SYS_SELECT_H 1
| #define HAVE_INET_PTON 1
| #define HAVE_DECL_STRNLEN 1
| #define HAVE_DECL_DAEMON 1
| #define HAVE_DECL_LE32TOH 0
| /* end confdefs.h.  */
| #if HAVE_ENDIAN_H
|                  #include <endian.h>
|                  #endif
| 
| int
| main ()
| {
| #ifndef le64toh
| #ifdef __cplusplus
|   (void) le64toh;
| #else
|   (void) le64toh;
| #endif
| #endif
| 
|   ;
|   return 0;
| }
configure:22979: result: no
configure:22992: checking whether htole32 is declared
configure:22992: g++ -std=c++11 -c -g -O2 -Wall -Wextra -Wformat -Wvla -Wformat-security -Wthread-safety-analysis -Wno-unused-parameter -Wno-self-assign -Wno-unused-local-typedef -Wno-deprecated-register -Wno-implicit-fallthrough -I/usr/local/opt/openssl/include -DHAVE_BUILD_INFO -D__STDC_FORMAT_MACROS -I/usr/local/opt/berkeley-db@4/include -DMAC_OSX -DOBJC_OLD_DISPATCH_PROTOTYPES=0 conftest.cpp >&5
conftest.cpp:47:10: error: use of undeclared identifier 'htole32'
  (void) htole32;
         ^
1 error generated.
configure:22992: $? = 1
configure: failed program was:
| /* confdefs.h */
| #define PACKAGE_NAME "Retrex Core"
| #define PACKAGE_TARNAME "retrex"
| #define PACKAGE_VERSION "2.0.2"
| #define PACKAGE_STRING "Retrex Core 2.0.2"
| #define PACKAGE_BUGREPORT "retrex.tech"
| #define PACKAGE_URL ""
| #define HAVE_CXX11 1
| #define STDC_HEADERS 1
| #define HAVE_SYS_TYPES_H 1
| #define HAVE_SYS_STAT_H 1
| #define HAVE_STDLIB_H 1
| #define HAVE_STRING_H 1
| #define HAVE_MEMORY_H 1
| #define HAVE_STRINGS_H 1
| #define HAVE_INTTYPES_H 1
| #define HAVE_STDINT_H 1
| #define HAVE_UNISTD_H 1
| #define HAVE_DLFCN_H 1
| #define LT_OBJDIR ".libs/"
| #define HAVE_PTHREAD_PRIO_INHERIT 1
| #define HAVE_PTHREAD 1
| #define HAVE_DECL_STRERROR_R 1
| #define HAVE_STRERROR_R 1
| #define HAVE_STDIO_H 1
| #define HAVE_STDLIB_H 1
| #define HAVE_UNISTD_H 1
| #define HAVE_STRINGS_H 1
| #define HAVE_SYS_TYPES_H 1
| #define HAVE_SYS_STAT_H 1
| #define HAVE_SYS_SELECT_H 1
| #define HAVE_INET_PTON 1
| #define HAVE_DECL_STRNLEN 1
| #define HAVE_DECL_DAEMON 1
| #define HAVE_DECL_LE32TOH 0
| #define HAVE_DECL_LE64TOH 0
| /* end confdefs.h.  */
| #if HAVE_ENDIAN_H
|                  #include <endian.h>
|                  #endif
| 
| int
| main ()
| {
| #ifndef htole32
| #ifdef __cplusplus
|   (void) htole32;
| #else
|   (void) htole32;
| #endif
| #endif
| 
|   ;
|   return 0;
| }
configure:22992: result: no
configure:23005: checking whether htole64 is declared
configure:23005: g++ -std=c++11 -c -g -O2 -Wall -Wextra -Wformat -Wvla -Wformat-security -Wthread-safety-analysis -Wno-unused-parameter -Wno-self-assign -Wno-unused-local-typedef -Wno-deprecated-register -Wno-implicit-fallthrough -I/usr/local/opt/openssl/include -DHAVE_BUILD_INFO -D__STDC_FORMAT_MACROS -I/usr/local/opt/berkeley-db@4/include -DMAC_OSX -DOBJC_OLD_DISPATCH_PROTOTYPES=0 conftest.cpp >&5
conftest.cpp:48:10: error: use of undeclared identifier 'htole64'
  (void) htole64;
         ^
1 error generated.
configure:23005: $? = 1
configure: failed program was:
| /* confdefs.h */
| #define PACKAGE_NAME "Retrex Core"
| #define PACKAGE_TARNAME "retrex"
| #define PACKAGE_VERSION "2.0.2"
| #define PACKAGE_STRING "Retrex Core 2.0.2"
| #define PACKAGE_BUGREPORT "retrex.tech"
| #define PACKAGE_URL ""
| #define HAVE_CXX11 1
| #define STDC_HEADERS 1
| #define HAVE_SYS_TYPES_H 1
| #define HAVE_SYS_STAT_H 1
| #define HAVE_STDLIB_H 1
| #define HAVE_STRING_H 1
| #define HAVE_MEMORY_H 1
| #define HAVE_STRINGS_H 1
| #define HAVE_INTTYPES_H 1
| #define HAVE_STDINT_H 1
| #define HAVE_UNISTD_H 1
| #define HAVE_DLFCN_H 1
| #define LT_OBJDIR ".libs/"
| #define HAVE_PTHREAD_PRIO_INHERIT 1
| #define HAVE_PTHREAD 1
| #define HAVE_DECL_STRERROR_R 1
| #define HAVE_STRERROR_R 1
| #define HAVE_STDIO_H 1
| #define HAVE_STDLIB_H 1
| #define HAVE_UNISTD_H 1
| #define HAVE_STRINGS_H 1
| #define HAVE_SYS_TYPES_H 1
| #define HAVE_SYS_STAT_H 1
| #define HAVE_SYS_SELECT_H 1
| #define HAVE_INET_PTON 1
| #define HAVE_DECL_STRNLEN 1
| #define HAVE_DECL_DAEMON 1
| #define HAVE_DECL_LE32TOH 0
| #define HAVE_DECL_LE64TOH 0
| #define HAVE_DECL_HTOLE32 0
| /* end confdefs.h.  */
| #if HAVE_ENDIAN_H
|                  #include <endian.h>
|                  #endif
| 
| int
| main ()
| {
| #ifndef htole64
| #ifdef __cplusplus
|   (void) htole64;
| #else
|   (void) htole64;
| #endif
| #endif
| 
|   ;
|   return 0;
| }
configure:23005: result: no
configure:23018: checking whether be32toh is declared
configure:23018: g++ -std=c++11 -c -g -O2 -Wall -Wextra -Wformat -Wvla -Wformat-security -Wthread-safety-analysis -Wno-unused-parameter -Wno-self-assign -Wno-unused-local-typedef -Wno-deprecated-register -Wno-implicit-fallthrough -I/usr/local/opt/openssl/include -DHAVE_BUILD_INFO -D__STDC_FORMAT_MACROS -I/usr/local/opt/berkeley-db@4/include -DMAC_OSX -DOBJC_OLD_DISPATCH_PROTOTYPES=0 conftest.cpp >&5
conftest.cpp:49:10: error: use of undeclared identifier 'be32toh'
  (void) be32toh;
         ^
1 error generated.
configure:23018: $? = 1
configure: failed program was:
| /* confdefs.h */
| #define PACKAGE_NAME "Retrex Core"
| #define PACKAGE_TARNAME "retrex"
| #define PACKAGE_VERSION "2.0.2"
| #define PACKAGE_STRING "Retrex Core 2.0.2"
| #define PACKAGE_BUGREPORT "retrex.tech"
| #define PACKAGE_URL ""
| #define HAVE_CXX11 1
| #define STDC_HEADERS 1
| #define HAVE_SYS_TYPES_H 1
| #define HAVE_SYS_STAT_H 1
| #define HAVE_STDLIB_H 1
| #define HAVE_STRING_H 1
| #define HAVE_MEMORY_H 1
| #define HAVE_STRINGS_H 1
| #define HAVE_INTTYPES_H 1
| #define HAVE_STDINT_H 1
| #define HAVE_UNISTD_H 1
| #define HAVE_DLFCN_H 1
| #define LT_OBJDIR ".libs/"
| #define HAVE_PTHREAD_PRIO_INHERIT 1
| #define HAVE_PTHREAD 1
| #define HAVE_DECL_STRERROR_R 1
| #define HAVE_STRERROR_R 1
| #define HAVE_STDIO_H 1
| #define HAVE_STDLIB_H 1
| #define HAVE_UNISTD_H 1
| #define HAVE_STRINGS_H 1
| #define HAVE_SYS_TYPES_H 1
| #define HAVE_SYS_STAT_H 1
| #define HAVE_SYS_SELECT_H 1
| #define HAVE_INET_PTON 1
| #define HAVE_DECL_STRNLEN 1
| #define HAVE_DECL_DAEMON 1
| #define HAVE_DECL_LE32TOH 0
| #define HAVE_DECL_LE64TOH 0
| #define HAVE_DECL_HTOLE32 0
| #define HAVE_DECL_HTOLE64 0
| /* end confdefs.h.  */
| #if HAVE_ENDIAN_H
|                  #include <endian.h>
|                  #endif
| 
| int
| main ()
| {
| #ifndef be32toh
| #ifdef __cplusplus
|   (void) be32toh;
| #else
|   (void) be32toh;
| #endif
| #endif
| 
|   ;
|   return 0;
| }
configure:23018: result: no
configure:23031: checking whether be64toh is declared
configure:23031: g++ -std=c++11 -c -g -O2 -Wall -Wextra -Wformat -Wvla -Wformat-security -Wthread-safety-analysis -Wno-unused-parameter -Wno-self-assign -Wno-unused-local-typedef -Wno-deprecated-register -Wno-implicit-fallthrough -I/usr/local/opt/openssl/include -DHAVE_BUILD_INFO -D__STDC_FORMAT_MACROS -I/usr/local/opt/berkeley-db@4/include -DMAC_OSX -DOBJC_OLD_DISPATCH_PROTOTYPES=0 conftest.cpp >&5
conftest.cpp:50:10: error: use of undeclared identifier 'be64toh'
  (void) be64toh;
         ^
1 error generated.
configure:23031: $? = 1
configure: failed program was:
| /* confdefs.h */
| #define PACKAGE_NAME "Retrex Core"
| #define PACKAGE_TARNAME "retrex"
| #define PACKAGE_VERSION "2.0.2"
| #define PACKAGE_STRING "Retrex Core 2.0.2"
| #define PACKAGE_BUGREPORT "retrex.tech"
| #define PACKAGE_URL ""
| #define HAVE_CXX11 1
| #define STDC_HEADERS 1
| #define HAVE_SYS_TYPES_H 1
| #define HAVE_SYS_STAT_H 1
| #define HAVE_STDLIB_H 1
| #define HAVE_STRING_H 1
| #define HAVE_MEMORY_H 1
| #define HAVE_STRINGS_H 1
| #define HAVE_INTTYPES_H 1
| #define HAVE_STDINT_H 1
| #define HAVE_UNISTD_H 1
| #define HAVE_DLFCN_H 1
| #define LT_OBJDIR ".libs/"
| #define HAVE_PTHREAD_PRIO_INHERIT 1
| #define HAVE_PTHREAD 1
| #define HAVE_DECL_STRERROR_R 1
| #define HAVE_STRERROR_R 1
| #define HAVE_STDIO_H 1
| #define HAVE_STDLIB_H 1
| #define HAVE_UNISTD_H 1
| #define HAVE_STRINGS_H 1
| #define HAVE_SYS_TYPES_H 1
| #define HAVE_SYS_STAT_H 1
| #define HAVE_SYS_SELECT_H 1
| #define HAVE_INET_PTON 1
| #define HAVE_DECL_STRNLEN 1
| #define HAVE_DECL_DAEMON 1
| #define HAVE_DECL_LE32TOH 0
| #define HAVE_DECL_LE64TOH 0
| #define HAVE_DECL_HTOLE32 0
| #define HAVE_DECL_HTOLE64 0
| #define HAVE_DECL_BE32TOH 0
| /* end confdefs.h.  */
| #if HAVE_ENDIAN_H
|                  #include <endian.h>
|                  #endif
| 
| int
| main ()
| {
| #ifndef be64toh
| #ifdef __cplusplus
|   (void) be64toh;
| #else
|   (void) be64toh;
| #endif
| #endif
| 
|   ;
|   return 0;
| }
configure:23031: result: no
configure:23044: checking whether htobe32 is declared
configure:23044: g++ -std=c++11 -c -g -O2 -Wall -Wextra -Wformat -Wvla -Wformat-security -Wthread-safety-analysis -Wno-unused-parameter -Wno-self-assign -Wno-unused-local-typedef -Wno-deprecated-register -Wno-implicit-fallthrough -I/usr/local/opt/openssl/include -DHAVE_BUILD_INFO -D__STDC_FORMAT_MACROS -I/usr/local/opt/berkeley-db@4/include -DMAC_OSX -DOBJC_OLD_DISPATCH_PROTOTYPES=0 conftest.cpp >&5
conftest.cpp:51:10: error: use of undeclared identifier 'htobe32'
  (void) htobe32;
         ^
1 error generated.
configure:23044: $? = 1
configure: failed program was:
| /* confdefs.h */
| #define PACKAGE_NAME "Retrex Core"
| #define PACKAGE_TARNAME "retrex"
| #define PACKAGE_VERSION "2.0.2"
| #define PACKAGE_STRING "Retrex Core 2.0.2"
| #define PACKAGE_BUGREPORT "retrex.tech"
| #define PACKAGE_URL ""
| #define HAVE_CXX11 1
| #define STDC_HEADERS 1
| #define HAVE_SYS_TYPES_H 1
| #define HAVE_SYS_STAT_H 1
| #define HAVE_STDLIB_H 1
| #define HAVE_STRING_H 1
| #define HAVE_MEMORY_H 1
| #define HAVE_STRINGS_H 1
| #define HAVE_INTTYPES_H 1
| #define HAVE_STDINT_H 1
| #define HAVE_UNISTD_H 1
| #define HAVE_DLFCN_H 1
| #define LT_OBJDIR ".libs/"
| #define HAVE_PTHREAD_PRIO_INHERIT 1
| #define HAVE_PTHREAD 1
| #define HAVE_DECL_STRERROR_R 1
| #define HAVE_STRERROR_R 1
| #define HAVE_STDIO_H 1
| #define HAVE_STDLIB_H 1
| #define HAVE_UNISTD_H 1
| #define HAVE_STRINGS_H 1
| #define HAVE_SYS_TYPES_H 1
| #define HAVE_SYS_STAT_H 1
| #define HAVE_SYS_SELECT_H 1
| #define HAVE_INET_PTON 1
| #define HAVE_DECL_STRNLEN 1
| #define HAVE_DECL_DAEMON 1
| #define HAVE_DECL_LE32TOH 0
| #define HAVE_DECL_LE64TOH 0
| #define HAVE_DECL_HTOLE32 0
| #define HAVE_DECL_HTOLE64 0
| #define HAVE_DECL_BE32TOH 0
| #define HAVE_DECL_BE64TOH 0
| /* end confdefs.h.  */
| #if HAVE_ENDIAN_H
|                  #include <endian.h>
|                  #endif
| 
| int
| main ()
| {
| #ifndef htobe32
| #ifdef __cplusplus
|   (void) htobe32;
| #else
|   (void) htobe32;
| #endif
| #endif
| 
|   ;
|   return 0;
| }
configure:23044: result: no
configure:23057: checking whether htobe64 is declared
configure:23057: g++ -std=c++11 -c -g -O2 -Wall -Wextra -Wformat -Wvla -Wformat-security -Wthread-safety-analysis -Wno-unused-parameter -Wno-self-assign -Wno-unused-local-typedef -Wno-deprecated-register -Wno-implicit-fallthrough -I/usr/local/opt/openssl/include -DHAVE_BUILD_INFO -D__STDC_FORMAT_MACROS -I/usr/local/opt/berkeley-db@4/include -DMAC_OSX -DOBJC_OLD_DISPATCH_PROTOTYPES=0 conftest.cpp >&5
conftest.cpp:52:10: error: use of undeclared identifier 'htobe64'
  (void) htobe64;
         ^
1 error generated.
configure:23057: $? = 1
configure: failed program was:
| /* confdefs.h */
| #define PACKAGE_NAME "Retrex Core"
| #define PACKAGE_TARNAME "retrex"
| #define PACKAGE_VERSION "2.0.2"
| #define PACKAGE_STRING "Retrex Core 2.0.2"
| #define PACKAGE_BUGREPORT "retrex.tech"
| #define PACKAGE_URL ""
| #define HAVE_CXX11 1
| #define STDC_HEADERS 1
| #define HAVE_SYS_TYPES_H 1
| #define HAVE_SYS_STAT_H 1
| #define HAVE_STDLIB_H 1
| #define HAVE_STRING_H 1
| #define HAVE_MEMORY_H 1
| #define HAVE_STRINGS_H 1
| #define HAVE_INTTYPES_H 1
| #define HAVE_STDINT_H 1
| #define HAVE_UNISTD_H 1
| #define HAVE_DLFCN_H 1
| #define LT_OBJDIR ".libs/"
| #define HAVE_PTHREAD_PRIO_INHERIT 1
| #define HAVE_PTHREAD 1
| #define HAVE_DECL_STRERROR_R 1
| #define HAVE_STRERROR_R 1
| #define HAVE_STDIO_H 1
| #define HAVE_STDLIB_H 1
| #define HAVE_UNISTD_H 1
| #define HAVE_STRINGS_H 1
| #define HAVE_SYS_TYPES_H 1
| #define HAVE_SYS_STAT_H 1
| #define HAVE_SYS_SELECT_H 1
| #define HAVE_INET_PTON 1
| #define HAVE_DECL_STRNLEN 1
| #define HAVE_DECL_DAEMON 1
| #define HAVE_DECL_LE32TOH 0
| #define HAVE_DECL_LE64TOH 0
| #define HAVE_DECL_HTOLE32 0
| #define HAVE_DECL_HTOLE64 0
| #define HAVE_DECL_BE32TOH 0
| #define HAVE_DECL_BE64TOH 0
| #define HAVE_DECL_HTOBE32 0
| /* end confdefs.h.  */
| #if HAVE_ENDIAN_H
|                  #include <endian.h>
|                  #endif
| 
| int
| main ()
| {
| #ifndef htobe64
| #ifdef __cplusplus
|   (void) htobe64;
| #else
|   (void) htobe64;
| #endif
| #endif
| 
|   ;
|   return 0;
| }
configure:23057: result: no
configure:23072: checking for MSG_NOSIGNAL
configure:23085: g++ -std=c++11 -c -g -O2 -Wall -Wextra -Wformat -Wvla -Wformat-security -Wthread-safety-analysis -Wno-unused-parameter -Wno-self-assign -Wno-unused-local-typedef -Wno-deprecated-register -Wno-implicit-fallthrough -I/usr/local/opt/openssl/include -DHAVE_BUILD_INFO -D__STDC_FORMAT_MACROS -I/usr/local/opt/berkeley-db@4/include -DMAC_OSX -DOBJC_OLD_DISPATCH_PROTOTYPES=0 conftest.cpp >&5
conftest.cpp:48:6: warning: unused variable 'f' [-Wunused-variable]
 int f = MSG_NOSIGNAL;
     ^
1 warning generated.
configure:23085: $? = 0
configure:23086: result: yes
configure:23097: checking for MSG_DONTWAIT
configure:23110: g++ -std=c++11 -c -g -O2 -Wall -Wextra -Wformat -Wvla -Wformat-security -Wthread-safety-analysis -Wno-unused-parameter -Wno-self-assign -Wno-unused-local-typedef -Wno-deprecated-register -Wno-implicit-fallthrough -I/usr/local/opt/openssl/include -DHAVE_BUILD_INFO -D__STDC_FORMAT_MACROS -I/usr/local/opt/berkeley-db@4/include -DMAC_OSX -DOBJC_OLD_DISPATCH_PROTOTYPES=0 conftest.cpp >&5
conftest.cpp:49:6: warning: unused variable 'f' [-Wunused-variable]
 int f = MSG_DONTWAIT;
     ^
1 warning generated.
configure:23110: $? = 0
configure:23111: result: yes
configure:23122: checking for getmemoryinfo
configure:23135: g++ -std=c++11 -c -g -O2 -Wall -Wextra -Wformat -Wvla -Wformat-security -Wthread-safety-analysis -Wno-unused-parameter -Wno-self-assign -Wno-unused-local-typedef -Wno-deprecated-register -Wno-implicit-fallthrough -I/usr/local/opt/openssl/include -DHAVE_BUILD_INFO -D__STDC_FORMAT_MACROS -I/usr/local/opt/berkeley-db@4/include -DMAC_OSX -DOBJC_OLD_DISPATCH_PROTOTYPES=0 conftest.cpp >&5
conftest.cpp:46:10: fatal error: 'malloc.h' file not found
#include <malloc.h>
         ^~~~~~~~~~
1 error generated.
configure:23135: $? = 1
configure: failed program was:
| /* confdefs.h */
| #define PACKAGE_NAME "Retrex Core"
| #define PACKAGE_TARNAME "retrex"
| #define PACKAGE_VERSION "2.0.2"
| #define PACKAGE_STRING "Retrex Core 2.0.2"
| #define PACKAGE_BUGREPORT "retrex.tech"
| #define PACKAGE_URL ""
| #define HAVE_CXX11 1
| #define STDC_HEADERS 1
| #define HAVE_SYS_TYPES_H 1
| #define HAVE_SYS_STAT_H 1
| #define HAVE_STDLIB_H 1
| #define HAVE_STRING_H 1
| #define HAVE_MEMORY_H 1
| #define HAVE_STRINGS_H 1
| #define HAVE_INTTYPES_H 1
| #define HAVE_STDINT_H 1
| #define HAVE_UNISTD_H 1
| #define HAVE_DLFCN_H 1
| #define LT_OBJDIR ".libs/"
| #define HAVE_PTHREAD_PRIO_INHERIT 1
| #define HAVE_PTHREAD 1
| #define HAVE_DECL_STRERROR_R 1
| #define HAVE_STRERROR_R 1
| #define HAVE_STDIO_H 1
| #define HAVE_STDLIB_H 1
| #define HAVE_UNISTD_H 1
| #define HAVE_STRINGS_H 1
| #define HAVE_SYS_TYPES_H 1
| #define HAVE_SYS_STAT_H 1
| #define HAVE_SYS_SELECT_H 1
| #define HAVE_INET_PTON 1
| #define HAVE_DECL_STRNLEN 1
| #define HAVE_DECL_DAEMON 1
| #define HAVE_DECL_LE32TOH 0
| #define HAVE_DECL_LE64TOH 0
| #define HAVE_DECL_HTOLE32 0
| #define HAVE_DECL_HTOLE64 0
| #define HAVE_DECL_BE32TOH 0
| #define HAVE_DECL_BE64TOH 0
| #define HAVE_DECL_HTOBE32 0
| #define HAVE_DECL_HTOBE64 0
| #define HAVE_MSG_NOSIGNAL 1
| #define HAVE_MSG_DONTWAIT 1
| /* end confdefs.h.  */
| #include <malloc.h>
| int
| main ()
| {
|  int f = malloc_info(0, NULL);
|   ;
|   return 0;
| }
configure:23141: result: no
configure:23147: checking for mallopt M_ARENA_MAX
configure:23160: g++ -std=c++11 -c -g -O2 -Wall -Wextra -Wformat -Wvla -Wformat-security -Wthread-safety-analysis -Wno-unused-parameter -Wno-self-assign -Wno-unused-local-typedef -Wno-deprecated-register -Wno-implicit-fallthrough -I/usr/local/opt/openssl/include -DHAVE_BUILD_INFO -D__STDC_FORMAT_MACROS -I/usr/local/opt/berkeley-db@4/include -DMAC_OSX -DOBJC_OLD_DISPATCH_PROTOTYPES=0 conftest.cpp >&5
conftest.cpp:46:10: fatal error: 'malloc.h' file not found
#include <malloc.h>
         ^~~~~~~~~~
1 error generated.
configure:23160: $? = 1
configure: failed program was:
| /* confdefs.h */
| #define PACKAGE_NAME "Retrex Core"
| #define PACKAGE_TARNAME "retrex"
| #define PACKAGE_VERSION "2.0.2"
| #define PACKAGE_STRING "Retrex Core 2.0.2"
| #define PACKAGE_BUGREPORT "retrex.tech"
| #define PACKAGE_URL ""
| #define HAVE_CXX11 1
| #define STDC_HEADERS 1
| #define HAVE_SYS_TYPES_H 1
| #define HAVE_SYS_STAT_H 1
| #define HAVE_STDLIB_H 1
| #define HAVE_STRING_H 1
| #define HAVE_MEMORY_H 1
| #define HAVE_STRINGS_H 1
| #define HAVE_INTTYPES_H 1
| #define HAVE_STDINT_H 1
| #define HAVE_UNISTD_H 1
| #define HAVE_DLFCN_H 1
| #define LT_OBJDIR ".libs/"
| #define HAVE_PTHREAD_PRIO_INHERIT 1
| #define HAVE_PTHREAD 1
| #define HAVE_DECL_STRERROR_R 1
| #define HAVE_STRERROR_R 1
| #define HAVE_STDIO_H 1
| #define HAVE_STDLIB_H 1
| #define HAVE_UNISTD_H 1
| #define HAVE_STRINGS_H 1
| #define HAVE_SYS_TYPES_H 1
| #define HAVE_SYS_STAT_H 1
| #define HAVE_SYS_SELECT_H 1
| #define HAVE_INET_PTON 1
| #define HAVE_DECL_STRNLEN 1
| #define HAVE_DECL_DAEMON 1
| #define HAVE_DECL_LE32TOH 0
| #define HAVE_DECL_LE64TOH 0
| #define HAVE_DECL_HTOLE32 0
| #define HAVE_DECL_HTOLE64 0
| #define HAVE_DECL_BE32TOH 0
| #define HAVE_DECL_BE64TOH 0
| #define HAVE_DECL_HTOBE32 0
| #define HAVE_DECL_HTOBE64 0
| #define HAVE_MSG_NOSIGNAL 1
| #define HAVE_MSG_DONTWAIT 1
| /* end confdefs.h.  */
| #include <malloc.h>
| int
| main ()
| {
|  mallopt(M_ARENA_MAX, 1);
|   ;
|   return 0;
| }
configure:23166: result: no
configure:23172: checking for visibility attribute
configure:23181: g++ -std=c++11 -o conftest -g -O2 -Wall -Wextra -Wformat -Wvla -Wformat-security -Wthread-safety-analysis -Wno-unused-parameter -Wno-self-assign -Wno-unused-local-typedef -Wno-deprecated-register -Wno-implicit-fallthrough -I/usr/local/opt/openssl/include -DHAVE_BUILD_INFO -D__STDC_FORMAT_MACROS -I/usr/local/opt/berkeley-db@4/include -DMAC_OSX -DOBJC_OLD_DISPATCH_PROTOTYPES=0 -L/usr/local/opt/openssl/lib -Wl,-headerpad_max_install_names -Wl,-dead_strip conftest.cpp  -L/usr/local/opt/berkeley-db@4/lib >&5
configure:23181: $? = 0
configure:23186: result: yes
configure:23204: checking for thread_local support
configure:23218: g++ -std=c++11 -o conftest -g -O2 -Wall -Wextra -Wformat -Wvla -Wformat-security -Wthread-safety-analysis -Wno-unused-parameter -Wno-self-assign -Wno-unused-local-typedef -Wno-deprecated-register -Wno-implicit-fallthrough -I/usr/local/opt/openssl/include -DHAVE_BUILD_INFO -D__STDC_FORMAT_MACROS -I/usr/local/opt/berkeley-db@4/include -DMAC_OSX -DOBJC_OLD_DISPATCH_PROTOTYPES=0 -L/usr/local/opt/openssl/lib -Wl,-headerpad_max_install_names -Wl,-dead_strip -pthread conftest.cpp  -L/usr/local/opt/berkeley-db@4/lib >&5
configure:23218: $? = 0
configure:23223: result: yes
configure:23297: checking for Berkeley DB C++ headers
configure:23327: g++ -std=c++11 -c -g -O2 -Wall -Wextra -Wformat -Wvla -Wformat-security -Wthread-safety-analysis -Wno-unused-parameter -Wno-self-assign -Wno-unused-local-typedef -Wno-deprecated-register -Wno-implicit-fallthrough -I/usr/local/opt/openssl/include -DHAVE_BUILD_INFO -D__STDC_FORMAT_MACROS -I/usr/local/opt/berkeley-db@4/include -DMAC_OSX -DOBJC_OLD_DISPATCH_PROTOTYPES=0 conftest.cpp >&5
conftest.cpp:49:18: fatal error: 'bdb4.8/db_cxx.h' file not found
        #include <bdb4.8/db_cxx.h>
                 ^~~~~~~~~~~~~~~~~
1 error generated.
configure:23327: $? = 1
configure: failed program was:
| /* confdefs.h */
| #define PACKAGE_NAME "Retrex Core"
| #define PACKAGE_TARNAME "retrex"
| #define PACKAGE_VERSION "2.0.2"
| #define PACKAGE_STRING "Retrex Core 2.0.2"
| #define PACKAGE_BUGREPORT "retrex.tech"
| #define PACKAGE_URL ""
| #define HAVE_CXX11 1
| #define STDC_HEADERS 1
| #define HAVE_SYS_TYPES_H 1
| #define HAVE_SYS_STAT_H 1
| #define HAVE_STDLIB_H 1
| #define HAVE_STRING_H 1
| #define HAVE_MEMORY_H 1
| #define HAVE_STRINGS_H 1
| #define HAVE_INTTYPES_H 1
| #define HAVE_STDINT_H 1
| #define HAVE_UNISTD_H 1
| #define HAVE_DLFCN_H 1
| #define LT_OBJDIR ".libs/"
| #define HAVE_PTHREAD_PRIO_INHERIT 1
| #define HAVE_PTHREAD 1
| #define HAVE_DECL_STRERROR_R 1
| #define HAVE_STRERROR_R 1
| #define HAVE_STDIO_H 1
| #define HAVE_STDLIB_H 1
| #define HAVE_UNISTD_H 1
| #define HAVE_STRINGS_H 1
| #define HAVE_SYS_TYPES_H 1
| #define HAVE_SYS_STAT_H 1
| #define HAVE_SYS_SELECT_H 1
| #define HAVE_INET_PTON 1
| #define HAVE_DECL_STRNLEN 1
| #define HAVE_DECL_DAEMON 1
| #define HAVE_DECL_LE32TOH 0
| #define HAVE_DECL_LE64TOH 0
| #define HAVE_DECL_HTOLE32 0
| #define HAVE_DECL_HTOLE64 0
| #define HAVE_DECL_BE32TOH 0
| #define HAVE_DECL_BE64TOH 0
| #define HAVE_DECL_HTOBE32 0
| #define HAVE_DECL_HTOBE64 0
| #define HAVE_MSG_NOSIGNAL 1
| #define HAVE_MSG_DONTWAIT 1
| #define HAVE_VISIBILITY_ATTRIBUTE 1
| #define HAVE_THREAD_LOCAL 1
| /* end confdefs.h.  */
| 
|         #include <bdb4.8/db_cxx.h>
| 
| int
| main ()
| {
| 
|         #if !((DB_VERSION_MAJOR == 4 && DB_VERSION_MINOR >= 8) || DB_VERSION_MAJOR > 4)
|           #error "failed to find bdb 4.8+"
|         #endif
| 
|   ;
|   return 0;
| }
configure:23327: g++ -std=c++11 -c -g -O2 -Wall -Wextra -Wformat -Wvla -Wformat-security -Wthread-safety-analysis -Wno-unused-parameter -Wno-self-assign -Wno-unused-local-typedef -Wno-deprecated-register -Wno-implicit-fallthrough -I/usr/local/opt/openssl/include -DHAVE_BUILD_INFO -D__STDC_FORMAT_MACROS -I/usr/local/opt/berkeley-db@4/include -DMAC_OSX -DOBJC_OLD_DISPATCH_PROTOTYPES=0 conftest.cpp >&5
conftest.cpp:49:18: fatal error: 'libdb4.8/db_cxx.h' file not found
        #include <libdb4.8/db_cxx.h>
                 ^~~~~~~~~~~~~~~~~~~
1 error generated.
configure:23327: $? = 1
configure: failed program was:
| /* confdefs.h */
| #define PACKAGE_NAME "Retrex Core"
| #define PACKAGE_TARNAME "retrex"
| #define PACKAGE_VERSION "2.0.2"
| #define PACKAGE_STRING "Retrex Core 2.0.2"
| #define PACKAGE_BUGREPORT "retrex.tech"
| #define PACKAGE_URL ""
| #define HAVE_CXX11 1
| #define STDC_HEADERS 1
| #define HAVE_SYS_TYPES_H 1
| #define HAVE_SYS_STAT_H 1
| #define HAVE_STDLIB_H 1
| #define HAVE_STRING_H 1
| #define HAVE_MEMORY_H 1
| #define HAVE_STRINGS_H 1
| #define HAVE_INTTYPES_H 1
| #define HAVE_STDINT_H 1
| #define HAVE_UNISTD_H 1
| #define HAVE_DLFCN_H 1
| #define LT_OBJDIR ".libs/"
| #define HAVE_PTHREAD_PRIO_INHERIT 1
| #define HAVE_PTHREAD 1
| #define HAVE_DECL_STRERROR_R 1
| #define HAVE_STRERROR_R 1
| #define HAVE_STDIO_H 1
| #define HAVE_STDLIB_H 1
| #define HAVE_UNISTD_H 1
| #define HAVE_STRINGS_H 1
| #define HAVE_SYS_TYPES_H 1
| #define HAVE_SYS_STAT_H 1
| #define HAVE_SYS_SELECT_H 1
| #define HAVE_INET_PTON 1
| #define HAVE_DECL_STRNLEN 1
| #define HAVE_DECL_DAEMON 1
| #define HAVE_DECL_LE32TOH 0
| #define HAVE_DECL_LE64TOH 0
| #define HAVE_DECL_HTOLE32 0
| #define HAVE_DECL_HTOLE64 0
| #define HAVE_DECL_BE32TOH 0
| #define HAVE_DECL_BE64TOH 0
| #define HAVE_DECL_HTOBE32 0
| #define HAVE_DECL_HTOBE64 0
| #define HAVE_MSG_NOSIGNAL 1
| #define HAVE_MSG_DONTWAIT 1
| #define HAVE_VISIBILITY_ATTRIBUTE 1
| #define HAVE_THREAD_LOCAL 1
| /* end confdefs.h.  */
| 
|         #include <libdb4.8/db_cxx.h>
| 
| int
| main ()
| {
| 
|         #if !((DB_VERSION_MAJOR == 4 && DB_VERSION_MINOR >= 8) || DB_VERSION_MAJOR > 4)
|           #error "failed to find bdb 4.8+"
|         #endif
| 
|   ;
|   return 0;
| }
configure:23327: g++ -std=c++11 -c -g -O2 -Wall -Wextra -Wformat -Wvla -Wformat-security -Wthread-safety-analysis -Wno-unused-parameter -Wno-self-assign -Wno-unused-local-typedef -Wno-deprecated-register -Wno-implicit-fallthrough -I/usr/local/opt/openssl/include -DHAVE_BUILD_INFO -D__STDC_FORMAT_MACROS -I/usr/local/opt/berkeley-db@4/include -DMAC_OSX -DOBJC_OLD_DISPATCH_PROTOTYPES=0 conftest.cpp >&5
conftest.cpp:49:18: fatal error: 'db4.8/db_cxx.h' file not found
        #include <db4.8/db_cxx.h>
                 ^~~~~~~~~~~~~~~~
1 error generated.
configure:23327: $? = 1
configure: failed program was:
| /* confdefs.h */
| #define PACKAGE_NAME "Retrex Core"
| #define PACKAGE_TARNAME "retrex"
| #define PACKAGE_VERSION "2.0.2"
| #define PACKAGE_STRING "Retrex Core 2.0.2"
| #define PACKAGE_BUGREPORT "retrex.tech"
| #define PACKAGE_URL ""
| #define HAVE_CXX11 1
| #define STDC_HEADERS 1
| #define HAVE_SYS_TYPES_H 1
| #define HAVE_SYS_STAT_H 1
| #define HAVE_STDLIB_H 1
| #define HAVE_STRING_H 1
| #define HAVE_MEMORY_H 1
| #define HAVE_STRINGS_H 1
| #define HAVE_INTTYPES_H 1
| #define HAVE_STDINT_H 1
| #define HAVE_UNISTD_H 1
| #define HAVE_DLFCN_H 1
| #define LT_OBJDIR ".libs/"
| #define HAVE_PTHREAD_PRIO_INHERIT 1
| #define HAVE_PTHREAD 1
| #define HAVE_DECL_STRERROR_R 1
| #define HAVE_STRERROR_R 1
| #define HAVE_STDIO_H 1
| #define HAVE_STDLIB_H 1
| #define HAVE_UNISTD_H 1
| #define HAVE_STRINGS_H 1
| #define HAVE_SYS_TYPES_H 1
| #define HAVE_SYS_STAT_H 1
| #define HAVE_SYS_SELECT_H 1
| #define HAVE_INET_PTON 1
| #define HAVE_DECL_STRNLEN 1
| #define HAVE_DECL_DAEMON 1
| #define HAVE_DECL_LE32TOH 0
| #define HAVE_DECL_LE64TOH 0
| #define HAVE_DECL_HTOLE32 0
| #define HAVE_DECL_HTOLE64 0
| #define HAVE_DECL_BE32TOH 0
| #define HAVE_DECL_BE64TOH 0
| #define HAVE_DECL_HTOBE32 0
| #define HAVE_DECL_HTOBE64 0
| #define HAVE_MSG_NOSIGNAL 1
| #define HAVE_MSG_DONTWAIT 1
| #define HAVE_VISIBILITY_ATTRIBUTE 1
| #define HAVE_THREAD_LOCAL 1
| /* end confdefs.h.  */
| 
|         #include <db4.8/db_cxx.h>
| 
| int
| main ()
| {
| 
|         #if !((DB_VERSION_MAJOR == 4 && DB_VERSION_MINOR >= 8) || DB_VERSION_MAJOR > 4)
|           #error "failed to find bdb 4.8+"
|         #endif
| 
|   ;
|   return 0;
| }
configure:23327: g++ -std=c++11 -c -g -O2 -Wall -Wextra -Wformat -Wvla -Wformat-security -Wthread-safety-analysis -Wno-unused-parameter -Wno-self-assign -Wno-unused-local-typedef -Wno-deprecated-register -Wno-implicit-fallthrough -I/usr/local/opt/openssl/include -DHAVE_BUILD_INFO -D__STDC_FORMAT_MACROS -I/usr/local/opt/berkeley-db@4/include -DMAC_OSX -DOBJC_OLD_DISPATCH_PROTOTYPES=0 conftest.cpp >&5
conftest.cpp:49:18: fatal error: 'bdb48/db_cxx.h' file not found
        #include <bdb48/db_cxx.h>
                 ^~~~~~~~~~~~~~~~
1 error generated.
configure:23327: $? = 1
configure: failed program was:
| /* confdefs.h */
| #define PACKAGE_NAME "Retrex Core"
| #define PACKAGE_TARNAME "retrex"
| #define PACKAGE_VERSION "2.0.2"
| #define PACKAGE_STRING "Retrex Core 2.0.2"
| #define PACKAGE_BUGREPORT "retrex.tech"
| #define PACKAGE_URL ""
| #define HAVE_CXX11 1
| #define STDC_HEADERS 1
| #define HAVE_SYS_TYPES_H 1
| #define HAVE_SYS_STAT_H 1
| #define HAVE_STDLIB_H 1
| #define HAVE_STRING_H 1
| #define HAVE_MEMORY_H 1
| #define HAVE_STRINGS_H 1
| #define HAVE_INTTYPES_H 1
| #define HAVE_STDINT_H 1
| #define HAVE_UNISTD_H 1
| #define HAVE_DLFCN_H 1
| #define LT_OBJDIR ".libs/"
| #define HAVE_PTHREAD_PRIO_INHERIT 1
| #define HAVE_PTHREAD 1
| #define HAVE_DECL_STRERROR_R 1
| #define HAVE_STRERROR_R 1
| #define HAVE_STDIO_H 1
| #define HAVE_STDLIB_H 1
| #define HAVE_UNISTD_H 1
| #define HAVE_STRINGS_H 1
| #define HAVE_SYS_TYPES_H 1
| #define HAVE_SYS_STAT_H 1
| #define HAVE_SYS_SELECT_H 1
| #define HAVE_INET_PTON 1
| #define HAVE_DECL_STRNLEN 1
| #define HAVE_DECL_DAEMON 1
| #define HAVE_DECL_LE32TOH 0
| #define HAVE_DECL_LE64TOH 0
| #define HAVE_DECL_HTOLE32 0
| #define HAVE_DECL_HTOLE64 0
| #define HAVE_DECL_BE32TOH 0
| #define HAVE_DECL_BE64TOH 0
| #define HAVE_DECL_HTOBE32 0
| #define HAVE_DECL_HTOBE64 0
| #define HAVE_MSG_NOSIGNAL 1
| #define HAVE_MSG_DONTWAIT 1
| #define HAVE_VISIBILITY_ATTRIBUTE 1
| #define HAVE_THREAD_LOCAL 1
| /* end confdefs.h.  */
| 
|         #include <bdb48/db_cxx.h>
| 
| int
| main ()
| {
| 
|         #if !((DB_VERSION_MAJOR == 4 && DB_VERSION_MINOR >= 8) || DB_VERSION_MAJOR > 4)
|           #error "failed to find bdb 4.8+"
|         #endif
| 
|   ;
|   return 0;
| }
configure:23327: g++ -std=c++11 -c -g -O2 -Wall -Wextra -Wformat -Wvla -Wformat-security -Wthread-safety-analysis -Wno-unused-parameter -Wno-self-assign -Wno-unused-local-typedef -Wno-deprecated-register -Wno-implicit-fallthrough -I/usr/local/opt/openssl/include -DHAVE_BUILD_INFO -D__STDC_FORMAT_MACROS -I/usr/local/opt/berkeley-db@4/include -DMAC_OSX -DOBJC_OLD_DISPATCH_PROTOTYPES=0 conftest.cpp >&5
conftest.cpp:49:18: fatal error: 'libdb48/db_cxx.h' file not found
        #include <libdb48/db_cxx.h>
                 ^~~~~~~~~~~~~~~~~~
1 error generated.
configure:23327: $? = 1
configure: failed program was:
| /* confdefs.h */
| #define PACKAGE_NAME "Retrex Core"
| #define PACKAGE_TARNAME "retrex"
| #define PACKAGE_VERSION "2.0.2"
| #define PACKAGE_STRING "Retrex Core 2.0.2"
| #define PACKAGE_BUGREPORT "retrex.tech"
| #define PACKAGE_URL ""
| #define HAVE_CXX11 1
| #define STDC_HEADERS 1
| #define HAVE_SYS_TYPES_H 1
| #define HAVE_SYS_STAT_H 1
| #define HAVE_STDLIB_H 1
| #define HAVE_STRING_H 1
| #define HAVE_MEMORY_H 1
| #define HAVE_STRINGS_H 1
| #define HAVE_INTTYPES_H 1
| #define HAVE_STDINT_H 1
| #define HAVE_UNISTD_H 1
| #define HAVE_DLFCN_H 1
| #define LT_OBJDIR ".libs/"
| #define HAVE_PTHREAD_PRIO_INHERIT 1
| #define HAVE_PTHREAD 1
| #define HAVE_DECL_STRERROR_R 1
| #define HAVE_STRERROR_R 1
| #define HAVE_STDIO_H 1
| #define HAVE_STDLIB_H 1
| #define HAVE_UNISTD_H 1
| #define HAVE_STRINGS_H 1
| #define HAVE_SYS_TYPES_H 1
| #define HAVE_SYS_STAT_H 1
| #define HAVE_SYS_SELECT_H 1
| #define HAVE_INET_PTON 1
| #define HAVE_DECL_STRNLEN 1
| #define HAVE_DECL_DAEMON 1
| #define HAVE_DECL_LE32TOH 0
| #define HAVE_DECL_LE64TOH 0
| #define HAVE_DECL_HTOLE32 0
| #define HAVE_DECL_HTOLE64 0
| #define HAVE_DECL_BE32TOH 0
| #define HAVE_DECL_BE64TOH 0
| #define HAVE_DECL_HTOBE32 0
| #define HAVE_DECL_HTOBE64 0
| #define HAVE_MSG_NOSIGNAL 1
| #define HAVE_MSG_DONTWAIT 1
| #define HAVE_VISIBILITY_ATTRIBUTE 1
| #define HAVE_THREAD_LOCAL 1
| /* end confdefs.h.  */
| 
|         #include <libdb48/db_cxx.h>
| 
| int
| main ()
| {
| 
|         #if !((DB_VERSION_MAJOR == 4 && DB_VERSION_MINOR >= 8) || DB_VERSION_MAJOR > 4)
|           #error "failed to find bdb 4.8+"
|         #endif
| 
|   ;
|   return 0;
| }
configure:23327: g++ -std=c++11 -c -g -O2 -Wall -Wextra -Wformat -Wvla -Wformat-security -Wthread-safety-analysis -Wno-unused-parameter -Wno-self-assign -Wno-unused-local-typedef -Wno-deprecated-register -Wno-implicit-fallthrough -I/usr/local/opt/openssl/include -DHAVE_BUILD_INFO -D__STDC_FORMAT_MACROS -I/usr/local/opt/berkeley-db@4/include -DMAC_OSX -DOBJC_OLD_DISPATCH_PROTOTYPES=0 conftest.cpp >&5
conftest.cpp:49:18: fatal error: 'db48/db_cxx.h' file not found
        #include <db48/db_cxx.h>
                 ^~~~~~~~~~~~~~~
1 error generated.
configure:23327: $? = 1
configure: failed program was:
| /* confdefs.h */
| #define PACKAGE_NAME "Retrex Core"
| #define PACKAGE_TARNAME "retrex"
| #define PACKAGE_VERSION "2.0.2"
| #define PACKAGE_STRING "Retrex Core 2.0.2"
| #define PACKAGE_BUGREPORT "retrex.tech"
| #define PACKAGE_URL ""
| #define HAVE_CXX11 1
| #define STDC_HEADERS 1
| #define HAVE_SYS_TYPES_H 1
| #define HAVE_SYS_STAT_H 1
| #define HAVE_STDLIB_H 1
| #define HAVE_STRING_H 1
| #define HAVE_MEMORY_H 1
| #define HAVE_STRINGS_H 1
| #define HAVE_INTTYPES_H 1
| #define HAVE_STDINT_H 1
| #define HAVE_UNISTD_H 1
| #define HAVE_DLFCN_H 1
| #define LT_OBJDIR ".libs/"
| #define HAVE_PTHREAD_PRIO_INHERIT 1
| #define HAVE_PTHREAD 1
| #define HAVE_DECL_STRERROR_R 1
| #define HAVE_STRERROR_R 1
| #define HAVE_STDIO_H 1
| #define HAVE_STDLIB_H 1
| #define HAVE_UNISTD_H 1
| #define HAVE_STRINGS_H 1
| #define HAVE_SYS_TYPES_H 1
| #define HAVE_SYS_STAT_H 1
| #define HAVE_SYS_SELECT_H 1
| #define HAVE_INET_PTON 1
| #define HAVE_DECL_STRNLEN 1
| #define HAVE_DECL_DAEMON 1
| #define HAVE_DECL_LE32TOH 0
| #define HAVE_DECL_LE64TOH 0
| #define HAVE_DECL_HTOLE32 0
| #define HAVE_DECL_HTOLE64 0
| #define HAVE_DECL_BE32TOH 0
| #define HAVE_DECL_BE64TOH 0
| #define HAVE_DECL_HTOBE32 0
| #define HAVE_DECL_HTOBE64 0
| #define HAVE_MSG_NOSIGNAL 1
| #define HAVE_MSG_DONTWAIT 1
| #define HAVE_VISIBILITY_ATTRIBUTE 1
| #define HAVE_THREAD_LOCAL 1
| /* end confdefs.h.  */
| 
|         #include <db48/db_cxx.h>
| 
| int
| main ()
| {
| 
|         #if !((DB_VERSION_MAJOR == 4 && DB_VERSION_MINOR >= 8) || DB_VERSION_MAJOR > 4)
|           #error "failed to find bdb 4.8+"
|         #endif
| 
|   ;
|   return 0;
| }
configure:23327: g++ -std=c++11 -c -g -O2 -Wall -Wextra -Wformat -Wvla -Wformat-security -Wthread-safety-analysis -Wno-unused-parameter -Wno-self-assign -Wno-unused-local-typedef -Wno-deprecated-register -Wno-implicit-fallthrough -I/usr/local/opt/openssl/include -DHAVE_BUILD_INFO -D__STDC_FORMAT_MACROS -I/usr/local/opt/berkeley-db@4/include -DMAC_OSX -DOBJC_OLD_DISPATCH_PROTOTYPES=0 conftest.cpp >&5
conftest.cpp:49:18: fatal error: 'bdb4/db_cxx.h' file not found
        #include <bdb4/db_cxx.h>
                 ^~~~~~~~~~~~~~~
1 error generated.
configure:23327: $? = 1
configure: failed program was:
| /* confdefs.h */
| #define PACKAGE_NAME "Retrex Core"
| #define PACKAGE_TARNAME "retrex"
| #define PACKAGE_VERSION "2.0.2"
| #define PACKAGE_STRING "Retrex Core 2.0.2"
| #define PACKAGE_BUGREPORT "retrex.tech"
| #define PACKAGE_URL ""
| #define HAVE_CXX11 1
| #define STDC_HEADERS 1
| #define HAVE_SYS_TYPES_H 1
| #define HAVE_SYS_STAT_H 1
| #define HAVE_STDLIB_H 1
| #define HAVE_STRING_H 1
| #define HAVE_MEMORY_H 1
| #define HAVE_STRINGS_H 1
| #define HAVE_INTTYPES_H 1
| #define HAVE_STDINT_H 1
| #define HAVE_UNISTD_H 1
| #define HAVE_DLFCN_H 1
| #define LT_OBJDIR ".libs/"
| #define HAVE_PTHREAD_PRIO_INHERIT 1
| #define HAVE_PTHREAD 1
| #define HAVE_DECL_STRERROR_R 1
| #define HAVE_STRERROR_R 1
| #define HAVE_STDIO_H 1
| #define HAVE_STDLIB_H 1
| #define HAVE_UNISTD_H 1
| #define HAVE_STRINGS_H 1
| #define HAVE_SYS_TYPES_H 1
| #define HAVE_SYS_STAT_H 1
| #define HAVE_SYS_SELECT_H 1
| #define HAVE_INET_PTON 1
| #define HAVE_DECL_STRNLEN 1
| #define HAVE_DECL_DAEMON 1
| #define HAVE_DECL_LE32TOH 0
| #define HAVE_DECL_LE64TOH 0
| #define HAVE_DECL_HTOLE32 0
| #define HAVE_DECL_HTOLE64 0
| #define HAVE_DECL_BE32TOH 0
| #define HAVE_DECL_BE64TOH 0
| #define HAVE_DECL_HTOBE32 0
| #define HAVE_DECL_HTOBE64 0
| #define HAVE_MSG_NOSIGNAL 1
| #define HAVE_MSG_DONTWAIT 1
| #define HAVE_VISIBILITY_ATTRIBUTE 1
| #define HAVE_THREAD_LOCAL 1
| /* end confdefs.h.  */
| 
|         #include <bdb4/db_cxx.h>
| 
| int
| main ()
| {
| 
|         #if !((DB_VERSION_MAJOR == 4 && DB_VERSION_MINOR >= 8) || DB_VERSION_MAJOR > 4)
|           #error "failed to find bdb 4.8+"
|         #endif
| 
|   ;
|   return 0;
| }
configure:23327: g++ -std=c++11 -c -g -O2 -Wall -Wextra -Wformat -Wvla -Wformat-security -Wthread-safety-analysis -Wno-unused-parameter -Wno-self-assign -Wno-unused-local-typedef -Wno-deprecated-register -Wno-implicit-fallthrough -I/usr/local/opt/openssl/include -DHAVE_BUILD_INFO -D__STDC_FORMAT_MACROS -I/usr/local/opt/berkeley-db@4/include -DMAC_OSX -DOBJC_OLD_DISPATCH_PROTOTYPES=0 conftest.cpp >&5
conftest.cpp:49:18: fatal error: 'libdb4/db_cxx.h' file not found
        #include <libdb4/db_cxx.h>
                 ^~~~~~~~~~~~~~~~~
1 error generated.
configure:23327: $? = 1
configure: failed program was:
| /* confdefs.h */
| #define PACKAGE_NAME "Retrex Core"
| #define PACKAGE_TARNAME "retrex"
| #define PACKAGE_VERSION "2.0.2"
| #define PACKAGE_STRING "Retrex Core 2.0.2"
| #define PACKAGE_BUGREPORT "retrex.tech"
| #define PACKAGE_URL ""
| #define HAVE_CXX11 1
| #define STDC_HEADERS 1
| #define HAVE_SYS_TYPES_H 1
| #define HAVE_SYS_STAT_H 1
| #define HAVE_STDLIB_H 1
| #define HAVE_STRING_H 1
| #define HAVE_MEMORY_H 1
| #define HAVE_STRINGS_H 1
| #define HAVE_INTTYPES_H 1
| #define HAVE_STDINT_H 1
| #define HAVE_UNISTD_H 1
| #define HAVE_DLFCN_H 1
| #define LT_OBJDIR ".libs/"
| #define HAVE_PTHREAD_PRIO_INHERIT 1
| #define HAVE_PTHREAD 1
| #define HAVE_DECL_STRERROR_R 1
| #define HAVE_STRERROR_R 1
| #define HAVE_STDIO_H 1
| #define HAVE_STDLIB_H 1
| #define HAVE_UNISTD_H 1
| #define HAVE_STRINGS_H 1
| #define HAVE_SYS_TYPES_H 1
| #define HAVE_SYS_STAT_H 1
| #define HAVE_SYS_SELECT_H 1
| #define HAVE_INET_PTON 1
| #define HAVE_DECL_STRNLEN 1
| #define HAVE_DECL_DAEMON 1
| #define HAVE_DECL_LE32TOH 0
| #define HAVE_DECL_LE64TOH 0
| #define HAVE_DECL_HTOLE32 0
| #define HAVE_DECL_HTOLE64 0
| #define HAVE_DECL_BE32TOH 0
| #define HAVE_DECL_BE64TOH 0
| #define HAVE_DECL_HTOBE32 0
| #define HAVE_DECL_HTOBE64 0
| #define HAVE_MSG_NOSIGNAL 1
| #define HAVE_MSG_DONTWAIT 1
| #define HAVE_VISIBILITY_ATTRIBUTE 1
| #define HAVE_THREAD_LOCAL 1
| /* end confdefs.h.  */
| 
|         #include <libdb4/db_cxx.h>
| 
| int
| main ()
| {
| 
|         #if !((DB_VERSION_MAJOR == 4 && DB_VERSION_MINOR >= 8) || DB_VERSION_MAJOR > 4)
|           #error "failed to find bdb 4.8+"
|         #endif
| 
|   ;
|   return 0;
| }
configure:23327: g++ -std=c++11 -c -g -O2 -Wall -Wextra -Wformat -Wvla -Wformat-security -Wthread-safety-analysis -Wno-unused-parameter -Wno-self-assign -Wno-unused-local-typedef -Wno-deprecated-register -Wno-implicit-fallthrough -I/usr/local/opt/openssl/include -DHAVE_BUILD_INFO -D__STDC_FORMAT_MACROS -I/usr/local/opt/berkeley-db@4/include -DMAC_OSX -DOBJC_OLD_DISPATCH_PROTOTYPES=0 conftest.cpp >&5
conftest.cpp:49:18: fatal error: 'db4/db_cxx.h' file not found
        #include <db4/db_cxx.h>
                 ^~~~~~~~~~~~~~
1 error generated.
configure:23327: $? = 1
configure: failed program was:
| /* confdefs.h */
| #define PACKAGE_NAME "Retrex Core"
| #define PACKAGE_TARNAME "retrex"
| #define PACKAGE_VERSION "2.0.2"
| #define PACKAGE_STRING "Retrex Core 2.0.2"
| #define PACKAGE_BUGREPORT "retrex.tech"
| #define PACKAGE_URL ""
| #define HAVE_CXX11 1
| #define STDC_HEADERS 1
| #define HAVE_SYS_TYPES_H 1
| #define HAVE_SYS_STAT_H 1
| #define HAVE_STDLIB_H 1
| #define HAVE_STRING_H 1
| #define HAVE_MEMORY_H 1
| #define HAVE_STRINGS_H 1
| #define HAVE_INTTYPES_H 1
| #define HAVE_STDINT_H 1
| #define HAVE_UNISTD_H 1
| #define HAVE_DLFCN_H 1
| #define LT_OBJDIR ".libs/"
| #define HAVE_PTHREAD_PRIO_INHERIT 1
| #define HAVE_PTHREAD 1
| #define HAVE_DECL_STRERROR_R 1
| #define HAVE_STRERROR_R 1
| #define HAVE_STDIO_H 1
| #define HAVE_STDLIB_H 1
| #define HAVE_UNISTD_H 1
| #define HAVE_STRINGS_H 1
| #define HAVE_SYS_TYPES_H 1
| #define HAVE_SYS_STAT_H 1
| #define HAVE_SYS_SELECT_H 1
| #define HAVE_INET_PTON 1
| #define HAVE_DECL_STRNLEN 1
| #define HAVE_DECL_DAEMON 1
| #define HAVE_DECL_LE32TOH 0
| #define HAVE_DECL_LE64TOH 0
| #define HAVE_DECL_HTOLE32 0
| #define HAVE_DECL_HTOLE64 0
| #define HAVE_DECL_BE32TOH 0
| #define HAVE_DECL_BE64TOH 0
| #define HAVE_DECL_HTOBE32 0
| #define HAVE_DECL_HTOBE64 0
| #define HAVE_MSG_NOSIGNAL 1
| #define HAVE_MSG_DONTWAIT 1
| #define HAVE_VISIBILITY_ATTRIBUTE 1
| #define HAVE_THREAD_LOCAL 1
| /* end confdefs.h.  */
| 
|         #include <db4/db_cxx.h>
| 
| int
| main ()
| {
| 
|         #if !((DB_VERSION_MAJOR == 4 && DB_VERSION_MINOR >= 8) || DB_VERSION_MAJOR > 4)
|           #error "failed to find bdb 4.8+"
|         #endif
| 
|   ;
|   return 0;
| }
configure:23327: g++ -std=c++11 -c -g -O2 -Wall -Wextra -Wformat -Wvla -Wformat-security -Wthread-safety-analysis -Wno-unused-parameter -Wno-self-assign -Wno-unused-local-typedef -Wno-deprecated-register -Wno-implicit-fallthrough -I/usr/local/opt/openssl/include -DHAVE_BUILD_INFO -D__STDC_FORMAT_MACROS -I/usr/local/opt/berkeley-db@4/include -DMAC_OSX -DOBJC_OLD_DISPATCH_PROTOTYPES=0 conftest.cpp >&5
conftest.cpp:49:18: fatal error: 'bdb5/db_cxx.h' file not found
        #include <bdb5/db_cxx.h>
                 ^~~~~~~~~~~~~~~
1 error generated.
configure:23327: $? = 1
configure: failed program was:
| /* confdefs.h */
| #define PACKAGE_NAME "Retrex Core"
| #define PACKAGE_TARNAME "retrex"
| #define PACKAGE_VERSION "2.0.2"
| #define PACKAGE_STRING "Retrex Core 2.0.2"
| #define PACKAGE_BUGREPORT "retrex.tech"
| #define PACKAGE_URL ""
| #define HAVE_CXX11 1
| #define STDC_HEADERS 1
| #define HAVE_SYS_TYPES_H 1
| #define HAVE_SYS_STAT_H 1
| #define HAVE_STDLIB_H 1
| #define HAVE_STRING_H 1
| #define HAVE_MEMORY_H 1
| #define HAVE_STRINGS_H 1
| #define HAVE_INTTYPES_H 1
| #define HAVE_STDINT_H 1
| #define HAVE_UNISTD_H 1
| #define HAVE_DLFCN_H 1
| #define LT_OBJDIR ".libs/"
| #define HAVE_PTHREAD_PRIO_INHERIT 1
| #define HAVE_PTHREAD 1
| #define HAVE_DECL_STRERROR_R 1
| #define HAVE_STRERROR_R 1
| #define HAVE_STDIO_H 1
| #define HAVE_STDLIB_H 1
| #define HAVE_UNISTD_H 1
| #define HAVE_STRINGS_H 1
| #define HAVE_SYS_TYPES_H 1
| #define HAVE_SYS_STAT_H 1
| #define HAVE_SYS_SELECT_H 1
| #define HAVE_INET_PTON 1
| #define HAVE_DECL_STRNLEN 1
| #define HAVE_DECL_DAEMON 1
| #define HAVE_DECL_LE32TOH 0
| #define HAVE_DECL_LE64TOH 0
| #define HAVE_DECL_HTOLE32 0
| #define HAVE_DECL_HTOLE64 0
| #define HAVE_DECL_BE32TOH 0
| #define HAVE_DECL_BE64TOH 0
| #define HAVE_DECL_HTOBE32 0
| #define HAVE_DECL_HTOBE64 0
| #define HAVE_MSG_NOSIGNAL 1
| #define HAVE_MSG_DONTWAIT 1
| #define HAVE_VISIBILITY_ATTRIBUTE 1
| #define HAVE_THREAD_LOCAL 1
| /* end confdefs.h.  */
| 
|         #include <bdb5/db_cxx.h>
| 
| int
| main ()
| {
| 
|         #if !((DB_VERSION_MAJOR == 4 && DB_VERSION_MINOR >= 8) || DB_VERSION_MAJOR > 4)
|           #error "failed to find bdb 4.8+"
|         #endif
| 
|   ;
|   return 0;
| }
configure:23327: g++ -std=c++11 -c -g -O2 -Wall -Wextra -Wformat -Wvla -Wformat-security -Wthread-safety-analysis -Wno-unused-parameter -Wno-self-assign -Wno-unused-local-typedef -Wno-deprecated-register -Wno-implicit-fallthrough -I/usr/local/opt/openssl/include -DHAVE_BUILD_INFO -D__STDC_FORMAT_MACROS -I/usr/local/opt/berkeley-db@4/include -DMAC_OSX -DOBJC_OLD_DISPATCH_PROTOTYPES=0 conftest.cpp >&5
conftest.cpp:49:18: fatal error: 'libdb5/db_cxx.h' file not found
        #include <libdb5/db_cxx.h>
                 ^~~~~~~~~~~~~~~~~
1 error generated.
configure:23327: $? = 1
configure: failed program was:
| /* confdefs.h */
| #define PACKAGE_NAME "Retrex Core"
| #define PACKAGE_TARNAME "retrex"
| #define PACKAGE_VERSION "2.0.2"
| #define PACKAGE_STRING "Retrex Core 2.0.2"
| #define PACKAGE_BUGREPORT "retrex.tech"
| #define PACKAGE_URL ""
| #define HAVE_CXX11 1
| #define STDC_HEADERS 1
| #define HAVE_SYS_TYPES_H 1
| #define HAVE_SYS_STAT_H 1
| #define HAVE_STDLIB_H 1
| #define HAVE_STRING_H 1
| #define HAVE_MEMORY_H 1
| #define HAVE_STRINGS_H 1
| #define HAVE_INTTYPES_H 1
| #define HAVE_STDINT_H 1
| #define HAVE_UNISTD_H 1
| #define HAVE_DLFCN_H 1
| #define LT_OBJDIR ".libs/"
| #define HAVE_PTHREAD_PRIO_INHERIT 1
| #define HAVE_PTHREAD 1
| #define HAVE_DECL_STRERROR_R 1
| #define HAVE_STRERROR_R 1
| #define HAVE_STDIO_H 1
| #define HAVE_STDLIB_H 1
| #define HAVE_UNISTD_H 1
| #define HAVE_STRINGS_H 1
| #define HAVE_SYS_TYPES_H 1
| #define HAVE_SYS_STAT_H 1
| #define HAVE_SYS_SELECT_H 1
| #define HAVE_INET_PTON 1
| #define HAVE_DECL_STRNLEN 1
| #define HAVE_DECL_DAEMON 1
| #define HAVE_DECL_LE32TOH 0
| #define HAVE_DECL_LE64TOH 0
| #define HAVE_DECL_HTOLE32 0
| #define HAVE_DECL_HTOLE64 0
| #define HAVE_DECL_BE32TOH 0
| #define HAVE_DECL_BE64TOH 0
| #define HAVE_DECL_HTOBE32 0
| #define HAVE_DECL_HTOBE64 0
| #define HAVE_MSG_NOSIGNAL 1
| #define HAVE_MSG_DONTWAIT 1
| #define HAVE_VISIBILITY_ATTRIBUTE 1
| #define HAVE_THREAD_LOCAL 1
| /* end confdefs.h.  */
| 
|         #include <libdb5/db_cxx.h>
| 
| int
| main ()
| {
| 
|         #if !((DB_VERSION_MAJOR == 4 && DB_VERSION_MINOR >= 8) || DB_VERSION_MAJOR > 4)
|           #error "failed to find bdb 4.8+"
|         #endif
| 
|   ;
|   return 0;
| }
configure:23327: g++ -std=c++11 -c -g -O2 -Wall -Wextra -Wformat -Wvla -Wformat-security -Wthread-safety-analysis -Wno-unused-parameter -Wno-self-assign -Wno-unused-local-typedef -Wno-deprecated-register -Wno-implicit-fallthrough -I/usr/local/opt/openssl/include -DHAVE_BUILD_INFO -D__STDC_FORMAT_MACROS -I/usr/local/opt/berkeley-db@4/include -DMAC_OSX -DOBJC_OLD_DISPATCH_PROTOTYPES=0 conftest.cpp >&5
conftest.cpp:49:18: fatal error: 'db5/db_cxx.h' file not found
        #include <db5/db_cxx.h>
                 ^~~~~~~~~~~~~~
1 error generated.
configure:23327: $? = 1
configure: failed program was:
| /* confdefs.h */
| #define PACKAGE_NAME "Retrex Core"
| #define PACKAGE_TARNAME "retrex"
| #define PACKAGE_VERSION "2.0.2"
| #define PACKAGE_STRING "Retrex Core 2.0.2"
| #define PACKAGE_BUGREPORT "retrex.tech"
| #define PACKAGE_URL ""
| #define HAVE_CXX11 1
| #define STDC_HEADERS 1
| #define HAVE_SYS_TYPES_H 1
| #define HAVE_SYS_STAT_H 1
| #define HAVE_STDLIB_H 1
| #define HAVE_STRING_H 1
| #define HAVE_MEMORY_H 1
| #define HAVE_STRINGS_H 1
| #define HAVE_INTTYPES_H 1
| #define HAVE_STDINT_H 1
| #define HAVE_UNISTD_H 1
| #define HAVE_DLFCN_H 1
| #define LT_OBJDIR ".libs/"
| #define HAVE_PTHREAD_PRIO_INHERIT 1
| #define HAVE_PTHREAD 1
| #define HAVE_DECL_STRERROR_R 1
| #define HAVE_STRERROR_R 1
| #define HAVE_STDIO_H 1
| #define HAVE_STDLIB_H 1
| #define HAVE_UNISTD_H 1
| #define HAVE_STRINGS_H 1
| #define HAVE_SYS_TYPES_H 1
| #define HAVE_SYS_STAT_H 1
| #define HAVE_SYS_SELECT_H 1
| #define HAVE_INET_PTON 1
| #define HAVE_DECL_STRNLEN 1
| #define HAVE_DECL_DAEMON 1
| #define HAVE_DECL_LE32TOH 0
| #define HAVE_DECL_LE64TOH 0
| #define HAVE_DECL_HTOLE32 0
| #define HAVE_DECL_HTOLE64 0
| #define HAVE_DECL_BE32TOH 0
| #define HAVE_DECL_BE64TOH 0
| #define HAVE_DECL_HTOBE32 0
| #define HAVE_DECL_HTOBE64 0
| #define HAVE_MSG_NOSIGNAL 1
| #define HAVE_MSG_DONTWAIT 1
| #define HAVE_VISIBILITY_ATTRIBUTE 1
| #define HAVE_THREAD_LOCAL 1
| /* end confdefs.h.  */
| 
|         #include <db5/db_cxx.h>
| 
| int
| main ()
| {
| 
|         #if !((DB_VERSION_MAJOR == 4 && DB_VERSION_MINOR >= 8) || DB_VERSION_MAJOR > 4)
|           #error "failed to find bdb 4.8+"
|         #endif
| 
|   ;
|   return 0;
| }
configure:23327: g++ -std=c++11 -c -g -O2 -Wall -Wextra -Wformat -Wvla -Wformat-security -Wthread-safety-analysis -Wno-unused-parameter -Wno-self-assign -Wno-unused-local-typedef -Wno-deprecated-register -Wno-implicit-fallthrough -I/usr/local/opt/openssl/include -DHAVE_BUILD_INFO -D__STDC_FORMAT_MACROS -I/usr/local/opt/berkeley-db@4/include -DMAC_OSX -DOBJC_OLD_DISPATCH_PROTOTYPES=0 conftest.cpp >&5
conftest.cpp:49:18: fatal error: 'bdb5.3/db_cxx.h' file not found
        #include <bdb5.3/db_cxx.h>
                 ^~~~~~~~~~~~~~~~~
1 error generated.
configure:23327: $? = 1
configure: failed program was:
| /* confdefs.h */
| #define PACKAGE_NAME "Retrex Core"
| #define PACKAGE_TARNAME "retrex"
| #define PACKAGE_VERSION "2.0.2"
| #define PACKAGE_STRING "Retrex Core 2.0.2"
| #define PACKAGE_BUGREPORT "retrex.tech"
| #define PACKAGE_URL ""
| #define HAVE_CXX11 1
| #define STDC_HEADERS 1
| #define HAVE_SYS_TYPES_H 1
| #define HAVE_SYS_STAT_H 1
| #define HAVE_STDLIB_H 1
| #define HAVE_STRING_H 1
| #define HAVE_MEMORY_H 1
| #define HAVE_STRINGS_H 1
| #define HAVE_INTTYPES_H 1
| #define HAVE_STDINT_H 1
| #define HAVE_UNISTD_H 1
| #define HAVE_DLFCN_H 1
| #define LT_OBJDIR ".libs/"
| #define HAVE_PTHREAD_PRIO_INHERIT 1
| #define HAVE_PTHREAD 1
| #define HAVE_DECL_STRERROR_R 1
| #define HAVE_STRERROR_R 1
| #define HAVE_STDIO_H 1
| #define HAVE_STDLIB_H 1
| #define HAVE_UNISTD_H 1
| #define HAVE_STRINGS_H 1
| #define HAVE_SYS_TYPES_H 1
| #define HAVE_SYS_STAT_H 1
| #define HAVE_SYS_SELECT_H 1
| #define HAVE_INET_PTON 1
| #define HAVE_DECL_STRNLEN 1
| #define HAVE_DECL_DAEMON 1
| #define HAVE_DECL_LE32TOH 0
| #define HAVE_DECL_LE64TOH 0
| #define HAVE_DECL_HTOLE32 0
| #define HAVE_DECL_HTOLE64 0
| #define HAVE_DECL_BE32TOH 0
| #define HAVE_DECL_BE64TOH 0
| #define HAVE_DECL_HTOBE32 0
| #define HAVE_DECL_HTOBE64 0
| #define HAVE_MSG_NOSIGNAL 1
| #define HAVE_MSG_DONTWAIT 1
| #define HAVE_VISIBILITY_ATTRIBUTE 1
| #define HAVE_THREAD_LOCAL 1
| /* end confdefs.h.  */
| 
|         #include <bdb5.3/db_cxx.h>
| 
| int
| main ()
| {
| 
|         #if !((DB_VERSION_MAJOR == 4 && DB_VERSION_MINOR >= 8) || DB_VERSION_MAJOR > 4)
|           #error "failed to find bdb 4.8+"
|         #endif
| 
|   ;
|   return 0;
| }
configure:23327: g++ -std=c++11 -c -g -O2 -Wall -Wextra -Wformat -Wvla -Wformat-security -Wthread-safety-analysis -Wno-unused-parameter -Wno-self-assign -Wno-unused-local-typedef -Wno-deprecated-register -Wno-implicit-fallthrough -I/usr/local/opt/openssl/include -DHAVE_BUILD_INFO -D__STDC_FORMAT_MACROS -I/usr/local/opt/berkeley-db@4/include -DMAC_OSX -DOBJC_OLD_DISPATCH_PROTOTYPES=0 conftest.cpp >&5
conftest.cpp:49:18: fatal error: 'libdb5.3/db_cxx.h' file not found
        #include <libdb5.3/db_cxx.h>
                 ^~~~~~~~~~~~~~~~~~~
1 error generated.
configure:23327: $? = 1
configure: failed program was:
| /* confdefs.h */
| #define PACKAGE_NAME "Retrex Core"
| #define PACKAGE_TARNAME "retrex"
| #define PACKAGE_VERSION "2.0.2"
| #define PACKAGE_STRING "Retrex Core 2.0.2"
| #define PACKAGE_BUGREPORT "retrex.tech"
| #define PACKAGE_URL ""
| #define HAVE_CXX11 1
| #define STDC_HEADERS 1
| #define HAVE_SYS_TYPES_H 1
| #define HAVE_SYS_STAT_H 1
| #define HAVE_STDLIB_H 1
| #define HAVE_STRING_H 1
| #define HAVE_MEMORY_H 1
| #define HAVE_STRINGS_H 1
| #define HAVE_INTTYPES_H 1
| #define HAVE_STDINT_H 1
| #define HAVE_UNISTD_H 1
| #define HAVE_DLFCN_H 1
| #define LT_OBJDIR ".libs/"
| #define HAVE_PTHREAD_PRIO_INHERIT 1
| #define HAVE_PTHREAD 1
| #define HAVE_DECL_STRERROR_R 1
| #define HAVE_STRERROR_R 1
| #define HAVE_STDIO_H 1
| #define HAVE_STDLIB_H 1
| #define HAVE_UNISTD_H 1
| #define HAVE_STRINGS_H 1
| #define HAVE_SYS_TYPES_H 1
| #define HAVE_SYS_STAT_H 1
| #define HAVE_SYS_SELECT_H 1
| #define HAVE_INET_PTON 1
| #define HAVE_DECL_STRNLEN 1
| #define HAVE_DECL_DAEMON 1
| #define HAVE_DECL_LE32TOH 0
| #define HAVE_DECL_LE64TOH 0
| #define HAVE_DECL_HTOLE32 0
| #define HAVE_DECL_HTOLE64 0
| #define HAVE_DECL_BE32TOH 0
| #define HAVE_DECL_BE64TOH 0
| #define HAVE_DECL_HTOBE32 0
| #define HAVE_DECL_HTOBE64 0
| #define HAVE_MSG_NOSIGNAL 1
| #define HAVE_MSG_DONTWAIT 1
| #define HAVE_VISIBILITY_ATTRIBUTE 1
| #define HAVE_THREAD_LOCAL 1
| /* end confdefs.h.  */
| 
|         #include <libdb5.3/db_cxx.h>
| 
| int
| main ()
| {
| 
|         #if !((DB_VERSION_MAJOR == 4 && DB_VERSION_MINOR >= 8) || DB_VERSION_MAJOR > 4)
|           #error "failed to find bdb 4.8+"
|         #endif
| 
|   ;
|   return 0;
| }
configure:23327: g++ -std=c++11 -c -g -O2 -Wall -Wextra -Wformat -Wvla -Wformat-security -Wthread-safety-analysis -Wno-unused-parameter -Wno-self-assign -Wno-unused-local-typedef -Wno-deprecated-register -Wno-implicit-fallthrough -I/usr/local/opt/openssl/include -DHAVE_BUILD_INFO -D__STDC_FORMAT_MACROS -I/usr/local/opt/berkeley-db@4/include -DMAC_OSX -DOBJC_OLD_DISPATCH_PROTOTYPES=0 conftest.cpp >&5
conftest.cpp:49:18: fatal error: 'db5.3/db_cxx.h' file not found
        #include <db5.3/db_cxx.h>
                 ^~~~~~~~~~~~~~~~
1 error generated.
configure:23327: $? = 1
configure: failed program was:
| /* confdefs.h */
| #define PACKAGE_NAME "Retrex Core"
| #define PACKAGE_TARNAME "retrex"
| #define PACKAGE_VERSION "2.0.2"
| #define PACKAGE_STRING "Retrex Core 2.0.2"
| #define PACKAGE_BUGREPORT "retrex.tech"
| #define PACKAGE_URL ""
| #define HAVE_CXX11 1
| #define STDC_HEADERS 1
| #define HAVE_SYS_TYPES_H 1
| #define HAVE_SYS_STAT_H 1
| #define HAVE_STDLIB_H 1
| #define HAVE_STRING_H 1
| #define HAVE_MEMORY_H 1
| #define HAVE_STRINGS_H 1
| #define HAVE_INTTYPES_H 1
| #define HAVE_STDINT_H 1
| #define HAVE_UNISTD_H 1
| #define HAVE_DLFCN_H 1
| #define LT_OBJDIR ".libs/"
| #define HAVE_PTHREAD_PRIO_INHERIT 1
| #define HAVE_PTHREAD 1
| #define HAVE_DECL_STRERROR_R 1
| #define HAVE_STRERROR_R 1
| #define HAVE_STDIO_H 1
| #define HAVE_STDLIB_H 1
| #define HAVE_UNISTD_H 1
| #define HAVE_STRINGS_H 1
| #define HAVE_SYS_TYPES_H 1
| #define HAVE_SYS_STAT_H 1
| #define HAVE_SYS_SELECT_H 1
| #define HAVE_INET_PTON 1
| #define HAVE_DECL_STRNLEN 1
| #define HAVE_DECL_DAEMON 1
| #define HAVE_DECL_LE32TOH 0
| #define HAVE_DECL_LE64TOH 0
| #define HAVE_DECL_HTOLE32 0
| #define HAVE_DECL_HTOLE64 0
| #define HAVE_DECL_BE32TOH 0
| #define HAVE_DECL_BE64TOH 0
| #define HAVE_DECL_HTOBE32 0
| #define HAVE_DECL_HTOBE64 0
| #define HAVE_MSG_NOSIGNAL 1
| #define HAVE_MSG_DONTWAIT 1
| #define HAVE_VISIBILITY_ATTRIBUTE 1
| #define HAVE_THREAD_LOCAL 1
| /* end confdefs.h.  */
| 
|         #include <db5.3/db_cxx.h>
| 
| int
| main ()
| {
| 
|         #if !((DB_VERSION_MAJOR == 4 && DB_VERSION_MINOR >= 8) || DB_VERSION_MAJOR > 4)
|           #error "failed to find bdb 4.8+"
|         #endif
| 
|   ;
|   return 0;
| }
configure:23327: g++ -std=c++11 -c -g -O2 -Wall -Wextra -Wformat -Wvla -Wformat-security -Wthread-safety-analysis -Wno-unused-parameter -Wno-self-assign -Wno-unused-local-typedef -Wno-deprecated-register -Wno-implicit-fallthrough -I/usr/local/opt/openssl/include -DHAVE_BUILD_INFO -D__STDC_FORMAT_MACROS -I/usr/local/opt/berkeley-db@4/include -DMAC_OSX -DOBJC_OLD_DISPATCH_PROTOTYPES=0 conftest.cpp >&5
conftest.cpp:49:18: fatal error: 'bdb/db_cxx.h' file not found
        #include <bdb/db_cxx.h>
                 ^~~~~~~~~~~~~~
1 error generated.
configure:23327: $? = 1
configure: failed program was:
| /* confdefs.h */
| #define PACKAGE_NAME "Retrex Core"
| #define PACKAGE_TARNAME "retrex"
| #define PACKAGE_VERSION "2.0.2"
| #define PACKAGE_STRING "Retrex Core 2.0.2"
| #define PACKAGE_BUGREPORT "retrex.tech"
| #define PACKAGE_URL ""
| #define HAVE_CXX11 1
| #define STDC_HEADERS 1
| #define HAVE_SYS_TYPES_H 1
| #define HAVE_SYS_STAT_H 1
| #define HAVE_STDLIB_H 1
| #define HAVE_STRING_H 1
| #define HAVE_MEMORY_H 1
| #define HAVE_STRINGS_H 1
| #define HAVE_INTTYPES_H 1
| #define HAVE_STDINT_H 1
| #define HAVE_UNISTD_H 1
| #define HAVE_DLFCN_H 1
| #define LT_OBJDIR ".libs/"
| #define HAVE_PTHREAD_PRIO_INHERIT 1
| #define HAVE_PTHREAD 1
| #define HAVE_DECL_STRERROR_R 1
| #define HAVE_STRERROR_R 1
| #define HAVE_STDIO_H 1
| #define HAVE_STDLIB_H 1
| #define HAVE_UNISTD_H 1
| #define HAVE_STRINGS_H 1
| #define HAVE_SYS_TYPES_H 1
| #define HAVE_SYS_STAT_H 1
| #define HAVE_SYS_SELECT_H 1
| #define HAVE_INET_PTON 1
| #define HAVE_DECL_STRNLEN 1
| #define HAVE_DECL_DAEMON 1
| #define HAVE_DECL_LE32TOH 0
| #define HAVE_DECL_LE64TOH 0
| #define HAVE_DECL_HTOLE32 0
| #define HAVE_DECL_HTOLE64 0
| #define HAVE_DECL_BE32TOH 0
| #define HAVE_DECL_BE64TOH 0
| #define HAVE_DECL_HTOBE32 0
| #define HAVE_DECL_HTOBE64 0
| #define HAVE_MSG_NOSIGNAL 1
| #define HAVE_MSG_DONTWAIT 1
| #define HAVE_VISIBILITY_ATTRIBUTE 1
| #define HAVE_THREAD_LOCAL 1
| /* end confdefs.h.  */
| 
|         #include <bdb/db_cxx.h>
| 
| int
| main ()
| {
| 
|         #if !((DB_VERSION_MAJOR == 4 && DB_VERSION_MINOR >= 8) || DB_VERSION_MAJOR > 4)
|           #error "failed to find bdb 4.8+"
|         #endif
| 
|   ;
|   return 0;
| }
configure:23327: g++ -std=c++11 -c -g -O2 -Wall -Wextra -Wformat -Wvla -Wformat-security -Wthread-safety-analysis -Wno-unused-parameter -Wno-self-assign -Wno-unused-local-typedef -Wno-deprecated-register -Wno-implicit-fallthrough -I/usr/local/opt/openssl/include -DHAVE_BUILD_INFO -D__STDC_FORMAT_MACROS -I/usr/local/opt/berkeley-db@4/include -DMAC_OSX -DOBJC_OLD_DISPATCH_PROTOTYPES=0 conftest.cpp >&5
conftest.cpp:49:18: fatal error: 'libdb/db_cxx.h' file not found
        #include <libdb/db_cxx.h>
                 ^~~~~~~~~~~~~~~~
1 error generated.
configure:23327: $? = 1
configure: failed program was:
| /* confdefs.h */
| #define PACKAGE_NAME "Retrex Core"
| #define PACKAGE_TARNAME "retrex"
| #define PACKAGE_VERSION "2.0.2"
| #define PACKAGE_STRING "Retrex Core 2.0.2"
| #define PACKAGE_BUGREPORT "retrex.tech"
| #define PACKAGE_URL ""
| #define HAVE_CXX11 1
| #define STDC_HEADERS 1
| #define HAVE_SYS_TYPES_H 1
| #define HAVE_SYS_STAT_H 1
| #define HAVE_STDLIB_H 1
| #define HAVE_STRING_H 1
| #define HAVE_MEMORY_H 1
| #define HAVE_STRINGS_H 1
| #define HAVE_INTTYPES_H 1
| #define HAVE_STDINT_H 1
| #define HAVE_UNISTD_H 1
| #define HAVE_DLFCN_H 1
| #define LT_OBJDIR ".libs/"
| #define HAVE_PTHREAD_PRIO_INHERIT 1
| #define HAVE_PTHREAD 1
| #define HAVE_DECL_STRERROR_R 1
| #define HAVE_STRERROR_R 1
| #define HAVE_STDIO_H 1
| #define HAVE_STDLIB_H 1
| #define HAVE_UNISTD_H 1
| #define HAVE_STRINGS_H 1
| #define HAVE_SYS_TYPES_H 1
| #define HAVE_SYS_STAT_H 1
| #define HAVE_SYS_SELECT_H 1
| #define HAVE_INET_PTON 1
| #define HAVE_DECL_STRNLEN 1
| #define HAVE_DECL_DAEMON 1
| #define HAVE_DECL_LE32TOH 0
| #define HAVE_DECL_LE64TOH 0
| #define HAVE_DECL_HTOLE32 0
| #define HAVE_DECL_HTOLE64 0
| #define HAVE_DECL_BE32TOH 0
| #define HAVE_DECL_BE64TOH 0
| #define HAVE_DECL_HTOBE32 0
| #define HAVE_DECL_HTOBE64 0
| #define HAVE_MSG_NOSIGNAL 1
| #define HAVE_MSG_DONTWAIT 1
| #define HAVE_VISIBILITY_ATTRIBUTE 1
| #define HAVE_THREAD_LOCAL 1
| /* end confdefs.h.  */
| 
|         #include <libdb/db_cxx.h>
| 
| int
| main ()
| {
| 
|         #if !((DB_VERSION_MAJOR == 4 && DB_VERSION_MINOR >= 8) || DB_VERSION_MAJOR > 4)
|           #error "failed to find bdb 4.8+"
|         #endif
| 
|   ;
|   return 0;
| }
configure:23327: g++ -std=c++11 -c -g -O2 -Wall -Wextra -Wformat -Wvla -Wformat-security -Wthread-safety-analysis -Wno-unused-parameter -Wno-self-assign -Wno-unused-local-typedef -Wno-deprecated-register -Wno-implicit-fallthrough -I/usr/local/opt/openssl/include -DHAVE_BUILD_INFO -D__STDC_FORMAT_MACROS -I/usr/local/opt/berkeley-db@4/include -DMAC_OSX -DOBJC_OLD_DISPATCH_PROTOTYPES=0 conftest.cpp >&5
conftest.cpp:49:18: fatal error: 'db/db_cxx.h' file not found
        #include <db/db_cxx.h>
                 ^~~~~~~~~~~~~
1 error generated.
configure:23327: $? = 1
configure: failed program was:
| /* confdefs.h */
| #define PACKAGE_NAME "Retrex Core"
| #define PACKAGE_TARNAME "retrex"
| #define PACKAGE_VERSION "2.0.2"
| #define PACKAGE_STRING "Retrex Core 2.0.2"
| #define PACKAGE_BUGREPORT "retrex.tech"
| #define PACKAGE_URL ""
| #define HAVE_CXX11 1
| #define STDC_HEADERS 1
| #define HAVE_SYS_TYPES_H 1
| #define HAVE_SYS_STAT_H 1
| #define HAVE_STDLIB_H 1
| #define HAVE_STRING_H 1
| #define HAVE_MEMORY_H 1
| #define HAVE_STRINGS_H 1
| #define HAVE_INTTYPES_H 1
| #define HAVE_STDINT_H 1
| #define HAVE_UNISTD_H 1
| #define HAVE_DLFCN_H 1
| #define LT_OBJDIR ".libs/"
| #define HAVE_PTHREAD_PRIO_INHERIT 1
| #define HAVE_PTHREAD 1
| #define HAVE_DECL_STRERROR_R 1
| #define HAVE_STRERROR_R 1
| #define HAVE_STDIO_H 1
| #define HAVE_STDLIB_H 1
| #define HAVE_UNISTD_H 1
| #define HAVE_STRINGS_H 1
| #define HAVE_SYS_TYPES_H 1
| #define HAVE_SYS_STAT_H 1
| #define HAVE_SYS_SELECT_H 1
| #define HAVE_INET_PTON 1
| #define HAVE_DECL_STRNLEN 1
| #define HAVE_DECL_DAEMON 1
| #define HAVE_DECL_LE32TOH 0
| #define HAVE_DECL_LE64TOH 0
| #define HAVE_DECL_HTOLE32 0
| #define HAVE_DECL_HTOLE64 0
| #define HAVE_DECL_BE32TOH 0
| #define HAVE_DECL_BE64TOH 0
| #define HAVE_DECL_HTOBE32 0
| #define HAVE_DECL_HTOBE64 0
| #define HAVE_MSG_NOSIGNAL 1
| #define HAVE_MSG_DONTWAIT 1
| #define HAVE_VISIBILITY_ATTRIBUTE 1
| #define HAVE_THREAD_LOCAL 1
| /* end confdefs.h.  */
| 
|         #include <db/db_cxx.h>
| 
| int
| main ()
| {
| 
|         #if !((DB_VERSION_MAJOR == 4 && DB_VERSION_MINOR >= 8) || DB_VERSION_MAJOR > 4)
|           #error "failed to find bdb 4.8+"
|         #endif
| 
|   ;
|   return 0;
| }
configure:23327: g++ -std=c++11 -c -g -O2 -Wall -Wextra -Wformat -Wvla -Wformat-security -Wthread-safety-analysis -Wno-unused-parameter -Wno-self-assign -Wno-unused-local-typedef -Wno-deprecated-register -Wno-implicit-fallthrough -I/usr/local/opt/openssl/include -DHAVE_BUILD_INFO -D__STDC_FORMAT_MACROS -I/usr/local/opt/berkeley-db@4/include -DMAC_OSX -DOBJC_OLD_DISPATCH_PROTOTYPES=0 conftest.cpp >&5
configure:23327: $? = 0
configure:23356: g++ -std=c++11 -c -g -O2 -Wall -Wextra -Wformat -Wvla -Wformat-security -Wthread-safety-analysis -Wno-unused-parameter -Wno-self-assign -Wno-unused-local-typedef -Wno-deprecated-register -Wno-implicit-fallthrough -I/usr/local/opt/openssl/include -DHAVE_BUILD_INFO -D__STDC_FORMAT_MACROS -I/usr/local/opt/berkeley-db@4/include -DMAC_OSX -DOBJC_OLD_DISPATCH_PROTOTYPES=0 conftest.cpp >&5
configure:23356: $? = 0
configure:23399: result: default
configure:23422: checking for main in -ldb_cxx-4.8
configure:23441: g++ -std=c++11 -o conftest -g -O2 -Wall -Wextra -Wformat -Wvla -Wformat-security -Wthread-safety-analysis -Wno-unused-parameter -Wno-self-assign -Wno-unused-local-typedef -Wno-deprecated-register -Wno-implicit-fallthrough -I/usr/local/opt/openssl/include -DHAVE_BUILD_INFO -D__STDC_FORMAT_MACROS -I/usr/local/opt/berkeley-db@4/include -DMAC_OSX -DOBJC_OLD_DISPATCH_PROTOTYPES=0 -L/usr/local/opt/openssl/lib -Wl,-headerpad_max_install_names -Wl,-dead_strip conftest.cpp -ldb_cxx-4.8   -L/usr/local/opt/berkeley-db@4/lib >&5
conftest.cpp:52:1: warning: all paths through this function will call itself [-Winfinite-recursion]
{
^
1 warning generated.
configure:23441: $? = 0
configure:23451: result: yes
configure:23473: checking miniupnpc/miniwget.h usability
configure:23473: g++ -std=c++11 -c -g -O2 -Wall -Wextra -Wformat -Wvla -Wformat-security -Wthread-safety-analysis -Wno-unused-parameter -Wno-self-assign -Wno-unused-local-typedef -Wno-deprecated-register -Wno-implicit-fallthrough -I/usr/local/opt/openssl/include -DHAVE_BUILD_INFO -D__STDC_FORMAT_MACROS -I/usr/local/opt/berkeley-db@4/include -DMAC_OSX -DOBJC_OLD_DISPATCH_PROTOTYPES=0 conftest.cpp >&5
configure:23473: $? = 0
configure:23473: result: yes
configure:23473: checking miniupnpc/miniwget.h presence
configure:23473: g++ -std=c++11 -E -I/usr/local/opt/openssl/include -DHAVE_BUILD_INFO -D__STDC_FORMAT_MACROS -I/usr/local/opt/berkeley-db@4/include -DMAC_OSX -DOBJC_OLD_DISPATCH_PROTOTYPES=0 conftest.cpp
configure:23473: $? = 0
configure:23473: result: yes
configure:23473: checking for miniupnpc/miniwget.h
configure:23473: result: yes
configure:23478: checking for main in -lminiupnpc
configure:23497: g++ -std=c++11 -o conftest -g -O2 -Wall -Wextra -Wformat -Wvla -Wformat-security -Wthread-safety-analysis -Wno-unused-parameter -Wno-self-assign -Wno-unused-local-typedef -Wno-deprecated-register -Wno-implicit-fallthrough -I/usr/local/opt/openssl/include -DHAVE_BUILD_INFO -D__STDC_FORMAT_MACROS -I/usr/local/opt/berkeley-db@4/include -DMAC_OSX -DOBJC_OLD_DISPATCH_PROTOTYPES=0 -L/usr/local/opt/openssl/lib -Wl,-headerpad_max_install_names -Wl,-dead_strip conftest.cpp -lminiupnpc   -L/usr/local/opt/berkeley-db@4/lib >&5
conftest.cpp:53:1: warning: all paths through this function will call itself [-Winfinite-recursion]
{
^
1 warning generated.
configure:23497: $? = 0
configure:23506: result: yes
configure:23473: checking miniupnpc/miniupnpc.h usability
configure:23473: g++ -std=c++11 -c -g -O2 -Wall -Wextra -Wformat -Wvla -Wformat-security -Wthread-safety-analysis -Wno-unused-parameter -Wno-self-assign -Wno-unused-local-typedef -Wno-deprecated-register -Wno-implicit-fallthrough -I/usr/local/opt/openssl/include -DHAVE_BUILD_INFO -D__STDC_FORMAT_MACROS -I/usr/local/opt/berkeley-db@4/include -DMAC_OSX -DOBJC_OLD_DISPATCH_PROTOTYPES=0 conftest.cpp >&5
configure:23473: $? = 0
configure:23473: result: yes
configure:23473: checking miniupnpc/miniupnpc.h presence
configure:23473: g++ -std=c++11 -E -I/usr/local/opt/openssl/include -DHAVE_BUILD_INFO -D__STDC_FORMAT_MACROS -I/usr/local/opt/berkeley-db@4/include -DMAC_OSX -DOBJC_OLD_DISPATCH_PROTOTYPES=0 conftest.cpp
configure:23473: $? = 0
configure:23473: result: yes
configure:23473: checking for miniupnpc/miniupnpc.h
configure:23473: result: yes
configure:23478: checking for main in -lminiupnpc
configure:23506: result: yes
configure:23473: checking miniupnpc/upnpcommands.h usability
configure:23473: g++ -std=c++11 -c -g -O2 -Wall -Wextra -Wformat -Wvla -Wformat-security -Wthread-safety-analysis -Wno-unused-parameter -Wno-self-assign -Wno-unused-local-typedef -Wno-deprecated-register -Wno-implicit-fallthrough -I/usr/local/opt/openssl/include -DHAVE_BUILD_INFO -D__STDC_FORMAT_MACROS -I/usr/local/opt/berkeley-db@4/include -DMAC_OSX -DOBJC_OLD_DISPATCH_PROTOTYPES=0 conftest.cpp >&5
configure:23473: $? = 0
configure:23473: result: yes
configure:23473: checking miniupnpc/upnpcommands.h presence
configure:23473: g++ -std=c++11 -E -I/usr/local/opt/openssl/include -DHAVE_BUILD_INFO -D__STDC_FORMAT_MACROS -I/usr/local/opt/berkeley-db@4/include -DMAC_OSX -DOBJC_OLD_DISPATCH_PROTOTYPES=0 conftest.cpp
configure:23473: $? = 0
configure:23473: result: yes
configure:23473: checking for miniupnpc/upnpcommands.h
configure:23473: result: yes
configure:23478: checking for main in -lminiupnpc
configure:23506: result: yes
configure:23473: checking miniupnpc/upnperrors.h usability
configure:23473: g++ -std=c++11 -c -g -O2 -Wall -Wextra -Wformat -Wvla -Wformat-security -Wthread-safety-analysis -Wno-unused-parameter -Wno-self-assign -Wno-unused-local-typedef -Wno-deprecated-register -Wno-implicit-fallthrough -I/usr/local/opt/openssl/include -DHAVE_BUILD_INFO -D__STDC_FORMAT_MACROS -I/usr/local/opt/berkeley-db@4/include -DMAC_OSX -DOBJC_OLD_DISPATCH_PROTOTYPES=0 conftest.cpp >&5
configure:23473: $? = 0
configure:23473: result: yes
configure:23473: checking miniupnpc/upnperrors.h presence
configure:23473: g++ -std=c++11 -E -I/usr/local/opt/openssl/include -DHAVE_BUILD_INFO -D__STDC_FORMAT_MACROS -I/usr/local/opt/berkeley-db@4/include -DMAC_OSX -DOBJC_OLD_DISPATCH_PROTOTYPES=0 conftest.cpp
configure:23473: $? = 0
configure:23473: result: yes
configure:23473: checking for miniupnpc/upnperrors.h
configure:23473: result: yes
configure:23478: checking for main in -lminiupnpc
configure:23506: result: yes
configure:23616: checking for Qt5Core Qt5Gui Qt5Network Qt5Widgets
configure:23623: $PKG_CONFIG --exists --print-errors "$qt5_modules"
configure:23626: $? = 0
configure:23640: $PKG_CONFIG --exists --print-errors "$qt5_modules"
configure:23643: $? = 0
configure:23681: result: yes
configure:23933: checking for Qt5Test
configure:23940: $PKG_CONFIG --exists --print-errors "${QT_LIB_PREFIX}Test"
configure:23943: $? = 0
configure:23957: $PKG_CONFIG --exists --print-errors "${QT_LIB_PREFIX}Test"
configure:23960: $? = 0
configure:23998: result: yes
configure:24005: checking for Qt5DBus
configure:24012: $PKG_CONFIG --exists --print-errors "${QT_LIB_PREFIX}DBus"
configure:24015: $? = 0
configure:24029: $PKG_CONFIG --exists --print-errors "${QT_LIB_PREFIX}DBus"
configure:24032: $? = 0
configure:24070: result: yes
configure:25040: checking for static Qt
configure:25066: g++ -std=c++11 -c -fPIC -g -O2 -Wall -Wextra -Wformat -Wvla -Wformat-security -Wthread-safety-analysis -Wno-unused-parameter -Wno-self-assign -Wno-unused-local-typedef -Wno-deprecated-register -Wno-implicit-fallthrough -DQT_NETWORK_LIB -F/usr/local/Cellar/qt/5.15.2/lib -DQT_WIDGETS_LIB -F/usr/local/Cellar/qt/5.15.2/lib -DQT_GUI_LIB -F/usr/local/Cellar/qt/5.15.2/lib -DQT_CORE_LIB -F/usr/local/Cellar/qt/5.15.2/lib -I/usr/local/Cellar/qt/5.15.2/lib/QtNetwork.framework/Headers -I/usr/local/Cellar/qt/5.15.2/lib/QtWidgets.framework/Headers -I/usr/local/Cellar/qt/5.15.2/lib/QtGui.framework/Headers -I/usr/local/Cellar/qt/5.15.2/lib/QtCore.framework/Headers -I/usr/local/opt/openssl/include -DHAVE_BUILD_INFO -D__STDC_FORMAT_MACROS -I/usr/local/opt/berkeley-db@4/include -DMAC_OSX -DOBJC_OLD_DISPATCH_PROTOTYPES=0 conftest.cpp >&5
conftest.cpp:63:7: error: use of undeclared identifier 'choke'
      choke
      ^
1 error generated.
configure:25066: $? = 1
configure: failed program was:
| /* confdefs.h */
| #define PACKAGE_NAME "Retrex Core"
| #define PACKAGE_TARNAME "retrex"
| #define PACKAGE_VERSION "2.0.2"
| #define PACKAGE_STRING "Retrex Core 2.0.2"
| #define PACKAGE_BUGREPORT "retrex.tech"
| #define PACKAGE_URL ""
| #define HAVE_CXX11 1
| #define STDC_HEADERS 1
| #define HAVE_SYS_TYPES_H 1
| #define HAVE_SYS_STAT_H 1
| #define HAVE_STDLIB_H 1
| #define HAVE_STRING_H 1
| #define HAVE_MEMORY_H 1
| #define HAVE_STRINGS_H 1
| #define HAVE_INTTYPES_H 1
| #define HAVE_STDINT_H 1
| #define HAVE_UNISTD_H 1
| #define HAVE_DLFCN_H 1
| #define LT_OBJDIR ".libs/"
| #define HAVE_PTHREAD_PRIO_INHERIT 1
| #define HAVE_PTHREAD 1
| #define HAVE_DECL_STRERROR_R 1
| #define HAVE_STRERROR_R 1
| #define HAVE_STDIO_H 1
| #define HAVE_STDLIB_H 1
| #define HAVE_UNISTD_H 1
| #define HAVE_STRINGS_H 1
| #define HAVE_SYS_TYPES_H 1
| #define HAVE_SYS_STAT_H 1
| #define HAVE_SYS_SELECT_H 1
| #define HAVE_INET_PTON 1
| #define HAVE_DECL_STRNLEN 1
| #define HAVE_DECL_DAEMON 1
| #define HAVE_DECL_LE32TOH 0
| #define HAVE_DECL_LE64TOH 0
| #define HAVE_DECL_HTOLE32 0
| #define HAVE_DECL_HTOLE64 0
| #define HAVE_DECL_BE32TOH 0
| #define HAVE_DECL_BE64TOH 0
| #define HAVE_DECL_HTOBE32 0
| #define HAVE_DECL_HTOBE64 0
| #define HAVE_MSG_NOSIGNAL 1
| #define HAVE_MSG_DONTWAIT 1
| #define HAVE_VISIBILITY_ATTRIBUTE 1
| #define HAVE_THREAD_LOCAL 1
| #define HAVE_MINIUPNPC_MINIWGET_H 1
| #define HAVE_MINIUPNPC_MINIUPNPC_H 1
| #define HAVE_MINIUPNPC_UPNPCOMMANDS_H 1
| #define HAVE_MINIUPNPC_UPNPERRORS_H 1
| /* end confdefs.h.  */
| 
|       #include <QtCore/qconfig.h>
|       #ifndef QT_VERSION
|       #  include <QtCore/qglobal.h>
|       #endif
| 
| int
| main ()
| {
| 
|       #if !defined(QT_STATIC)
|       choke
|       #endif
| 
|   ;
|   return 0;
| }
configure:25074: result: no
configure:25803: checking whether -fPIE can be used with this Qt config
configure:25829: g++ -std=c++11 -c -fPIC -g -O2 -Wall -Wextra -Wformat -Wvla -Wformat-security -Wthread-safety-analysis -Wno-unused-parameter -Wno-self-assign -Wno-unused-local-typedef -Wno-deprecated-register -Wno-implicit-fallthrough -DQT_NETWORK_LIB -F/usr/local/Cellar/qt/5.15.2/lib -DQT_WIDGETS_LIB -F/usr/local/Cellar/qt/5.15.2/lib -DQT_GUI_LIB -F/usr/local/Cellar/qt/5.15.2/lib -DQT_CORE_LIB -F/usr/local/Cellar/qt/5.15.2/lib -I/usr/local/Cellar/qt/5.15.2/lib/QtNetwork.framework/Headers -I/usr/local/Cellar/qt/5.15.2/lib/QtWidgets.framework/Headers -I/usr/local/Cellar/qt/5.15.2/lib/QtGui.framework/Headers -I/usr/local/Cellar/qt/5.15.2/lib/QtCore.framework/Headers -I/usr/local/opt/openssl/include -DHAVE_BUILD_INFO -D__STDC_FORMAT_MACROS -I/usr/local/opt/berkeley-db@4/include -DMAC_OSX -DOBJC_OLD_DISPATCH_PROTOTYPES=0 -DHAVE_QT5 conftest.cpp >&5
configure:25829: $? = 0
configure:25830: result: yes
configure:25903: checking for moc-qt5
configure:25936: result: no
configure:25903: checking for moc5
configure:25936: result: no
configure:25903: checking for moc
configure:25921: found /usr/local/Cellar/qt/5.15.2/bin/moc
configure:25933: result: /usr/local/Cellar/qt/5.15.2/bin/moc
configure:26022: checking for uic-qt5
configure:26055: result: no
configure:26022: checking for uic5
configure:26055: result: no
configure:26022: checking for uic
configure:26040: found /usr/local/Cellar/qt/5.15.2/bin/uic
configure:26052: result: /usr/local/Cellar/qt/5.15.2/bin/uic
configure:26141: checking for rcc-qt5
configure:26174: result: no
configure:26141: checking for rcc5
configure:26174: result: no
configure:26141: checking for rcc
configure:26159: found /usr/local/Cellar/qt/5.15.2/bin/rcc
configure:26171: result: /usr/local/Cellar/qt/5.15.2/bin/rcc
configure:26260: checking for lrelease-qt5
configure:26293: result: no
configure:26260: checking for lrelease5
configure:26293: result: no
configure:26260: checking for lrelease
configure:26278: found /usr/local/Cellar/qt/5.15.2/bin/lrelease
configure:26290: result: /usr/local/Cellar/qt/5.15.2/bin/lrelease
configure:26379: checking for lupdate-qt5
configure:26412: result: no
configure:26379: checking for lupdate5
configure:26412: result: no
configure:26379: checking for lupdate
configure:26397: found /usr/local/Cellar/qt/5.15.2/bin/lupdate
configure:26409: result: /usr/local/Cellar/qt/5.15.2/bin/lupdate
configure:26499: checking whether the linker accepts -framework Foundation -framework ApplicationServices -framework AppKit
configure:26518: g++ -std=c++11 -o conftest -g -O2 -Wall -Wextra -Wformat -Wvla -Wformat-security -Wthread-safety-analysis -Wno-unused-parameter -Wno-self-assign -Wno-unused-local-typedef -Wno-deprecated-register -Wno-implicit-fallthrough -I/usr/local/opt/openssl/include -DHAVE_BUILD_INFO -D__STDC_FORMAT_MACROS -I/usr/local/opt/berkeley-db@4/include -DMAC_OSX -DOBJC_OLD_DISPATCH_PROTOTYPES=0 -DHAVE_QT5 -L/usr/local/opt/openssl/lib -Wl,-headerpad_max_install_names -Wl,-dead_strip  -framework Foundation -framework ApplicationServices -framework AppKit conftest.cpp  -L/usr/local/opt/berkeley-db@4/lib >&5
configure:26518: $? = 0
configure:26528: result: yes
configure:26594: checking whether to build Retrex Core GUI
configure:26624: result: yes (Qt5)
configure:26698: checking for boostlib >= 1.47.0
configure:26783: g++ -std=c++11 -c -g -O2 -Wall -Wextra -Wformat -Wvla -Wformat-security -Wthread-safety-analysis -Wno-unused-parameter -Wno-self-assign -Wno-unused-local-typedef -Wno-deprecated-register -Wno-implicit-fallthrough -I/usr/local/opt/openssl/include -DHAVE_BUILD_INFO -D__STDC_FORMAT_MACROS -I/usr/local/opt/berkeley-db@4/include -DMAC_OSX -DOBJC_OLD_DISPATCH_PROTOTYPES=0 -DHAVE_QT5 -I/usr/local/include conftest.cpp >&5
configure:26783: $? = 0
configure:26785: result: yes
configure:26972: checking whether the Boost::System library is available
configure:26997: g++ -std=c++11 -c  -I/usr/local/opt/openssl/include -DHAVE_BUILD_INFO -D__STDC_FORMAT_MACROS -I/usr/local/opt/berkeley-db@4/include -DMAC_OSX -DOBJC_OLD_DISPATCH_PROTOTYPES=0 -DHAVE_QT5 -I/usr/local/include conftest.cpp >&5
configure:26997: $? = 0
configure:27012: result: yes
configure:27028: checking for exit in -lboost_system
configure:27053: g++ -std=c++11 -o conftest -g -O2 -Wall -Wextra -Wformat -Wvla -Wformat-security -Wthread-safety-analysis -Wno-unused-parameter -Wno-self-assign -Wno-unused-local-typedef -Wno-deprecated-register -Wno-implicit-fallthrough -I/usr/local/opt/openssl/include -DHAVE_BUILD_INFO -D__STDC_FORMAT_MACROS -I/usr/local/opt/berkeley-db@4/include -DMAC_OSX -DOBJC_OLD_DISPATCH_PROTOTYPES=0 -DHAVE_QT5 -I/usr/local/include -L/usr/local/opt/openssl/lib -Wl,-headerpad_max_install_names -Wl,-dead_strip -L/usr/local/lib conftest.cpp -lboost_system   -L/usr/local/opt/berkeley-db@4/lib >&5
configure:27053: $? = 0
configure:27063: result: yes
configure:27218: checking whether the Boost::Filesystem library is available
configure:27242: g++ -std=c++11 -c -g -O2 -Wall -Wextra -Wformat -Wvla -Wformat-security -Wthread-safety-analysis -Wno-unused-parameter -Wno-self-assign -Wno-unused-local-typedef -Wno-deprecated-register -Wno-implicit-fallthrough -I/usr/local/opt/openssl/include -DHAVE_BUILD_INFO -D__STDC_FORMAT_MACROS -I/usr/local/opt/berkeley-db@4/include -DMAC_OSX -DOBJC_OLD_DISPATCH_PROTOTYPES=0 -DHAVE_QT5 -I/usr/local/include conftest.cpp >&5
configure:27242: $? = 0
configure:27256: result: yes
configure:27268: checking for exit in -lboost_filesystem
configure:27293: g++ -std=c++11 -o conftest -g -O2 -Wall -Wextra -Wformat -Wvla -Wformat-security -Wthread-safety-analysis -Wno-unused-parameter -Wno-self-assign -Wno-unused-local-typedef -Wno-deprecated-register -Wno-implicit-fallthrough -I/usr/local/opt/openssl/include -DHAVE_BUILD_INFO -D__STDC_FORMAT_MACROS -I/usr/local/opt/berkeley-db@4/include -DMAC_OSX -DOBJC_OLD_DISPATCH_PROTOTYPES=0 -DHAVE_QT5 -I/usr/local/include -L/usr/local/opt/openssl/lib -Wl,-headerpad_max_install_names -Wl,-dead_strip -L/usr/local/lib conftest.cpp -lboost_filesystem   -L/usr/local/opt/berkeley-db@4/lib -lboost_system >&5
configure:27293: $? = 0
configure:27303: result: yes
configure:27453: checking whether the Boost::Program_Options library is available
configure:27477: g++ -std=c++11 -c -g -O2 -Wall -Wextra -Wformat -Wvla -Wformat-security -Wthread-safety-analysis -Wno-unused-parameter -Wno-self-assign -Wno-unused-local-typedef -Wno-deprecated-register -Wno-implicit-fallthrough -I/usr/local/opt/openssl/include -DHAVE_BUILD_INFO -D__STDC_FORMAT_MACROS -I/usr/local/opt/berkeley-db@4/include -DMAC_OSX -DOBJC_OLD_DISPATCH_PROTOTYPES=0 -DHAVE_QT5 -I/usr/local/include conftest.cpp >&5
configure:27477: $? = 0
configure:27491: result: yes
configure:27502: checking for exit in -lboost_program_options-mt
configure:27527: g++ -std=c++11 -o conftest -g -O2 -Wall -Wextra -Wformat -Wvla -Wformat-security -Wthread-safety-analysis -Wno-unused-parameter -Wno-self-assign -Wno-unused-local-typedef -Wno-deprecated-register -Wno-implicit-fallthrough -I/usr/local/opt/openssl/include -DHAVE_BUILD_INFO -D__STDC_FORMAT_MACROS -I/usr/local/opt/berkeley-db@4/include -DMAC_OSX -DOBJC_OLD_DISPATCH_PROTOTYPES=0 -DHAVE_QT5 -I/usr/local/include -L/usr/local/opt/openssl/lib -Wl,-headerpad_max_install_names -Wl,-dead_strip -L/usr/local/lib conftest.cpp -lboost_program_options-mt   -L/usr/local/opt/berkeley-db@4/lib >&5
configure:27527: $? = 0
configure:27537: result: yes
configure:27680: checking whether the Boost::Thread library is available
configure:27712: g++ -std=c++11 -c -pthread -g -O2 -Wall -Wextra -Wformat -Wvla -Wformat-security -Wthread-safety-analysis -Wno-unused-parameter -Wno-self-assign -Wno-unused-local-typedef -Wno-deprecated-register -Wno-implicit-fallthrough -I/usr/local/opt/openssl/include -DHAVE_BUILD_INFO -D__STDC_FORMAT_MACROS -I/usr/local/opt/berkeley-db@4/include -DMAC_OSX -DOBJC_OLD_DISPATCH_PROTOTYPES=0 -DHAVE_QT5 -I/usr/local/include conftest.cpp >&5
configure:27712: $? = 0
configure:27727: result: yes
configure:27757: checking for exit in -lboost_thread-mt
configure:27782: g++ -std=c++11 -o conftest -g -O2 -Wall -Wextra -Wformat -Wvla -Wformat-security -Wthread-safety-analysis -Wno-unused-parameter -Wno-self-assign -Wno-unused-local-typedef -Wno-deprecated-register -Wno-implicit-fallthrough -I/usr/local/opt/openssl/include -DHAVE_BUILD_INFO -D__STDC_FORMAT_MACROS -I/usr/local/opt/berkeley-db@4/include -DMAC_OSX -DOBJC_OLD_DISPATCH_PROTOTYPES=0 -DHAVE_QT5 -I/usr/local/include -L/usr/local/opt/openssl/lib -Wl,-headerpad_max_install_names -Wl,-dead_strip -L/usr/local/lib conftest.cpp -lboost_thread-mt   -L/usr/local/opt/berkeley-db@4/lib >&5
configure:27782: $? = 0
configure:27792: result: yes
configure:27952: checking whether the Boost::Chrono library is available
configure:27976: g++ -std=c++11 -c -g -O2 -Wall -Wextra -Wformat -Wvla -Wformat-security -Wthread-safety-analysis -Wno-unused-parameter -Wno-self-assign -Wno-unused-local-typedef -Wno-deprecated-register -Wno-implicit-fallthrough -I/usr/local/opt/openssl/include -DHAVE_BUILD_INFO -D__STDC_FORMAT_MACROS -I/usr/local/opt/berkeley-db@4/include -DMAC_OSX -DOBJC_OLD_DISPATCH_PROTOTYPES=0 -DHAVE_QT5 -pthread -I/usr/local/include conftest.cpp >&5
conftest.cpp:61:41: warning: unused variable 'time' [-Wunused-variable]
boost::chrono::system_clock::time_point time;
                                        ^
1 warning generated.
configure:27976: $? = 0
configure:27991: result: yes
configure:28007: checking for exit in -lboost_chrono-mt
configure:28032: g++ -std=c++11 -o conftest -g -O2 -Wall -Wextra -Wformat -Wvla -Wformat-security -Wthread-safety-analysis -Wno-unused-parameter -Wno-self-assign -Wno-unused-local-typedef -Wno-deprecated-register -Wno-implicit-fallthrough -I/usr/local/opt/openssl/include -DHAVE_BUILD_INFO -D__STDC_FORMAT_MACROS -I/usr/local/opt/berkeley-db@4/include -DMAC_OSX -DOBJC_OLD_DISPATCH_PROTOTYPES=0 -DHAVE_QT5 -pthread -I/usr/local/include -L/usr/local/opt/openssl/lib -Wl,-headerpad_max_install_names -Wl,-dead_strip -L/usr/local/lib conftest.cpp -lboost_chrono-mt   -L/usr/local/opt/berkeley-db@4/lib >&5
configure:28032: $? = 0
configure:28042: result: yes
configure:28475: checking for mismatched boost c++11 scoped enums
configure:28503: g++ -std=c++11 -o conftest -g -O2 -Wall -Wextra -Wformat -Wvla -Wformat-security -Wthread-safety-analysis -Wno-unused-parameter -Wno-self-assign -Wno-unused-local-typedef -Wno-deprecated-register -Wno-implicit-fallthrough -I/usr/local/opt/openssl/include -DHAVE_BUILD_INFO -D__STDC_FORMAT_MACROS -I/usr/local/opt/berkeley-db@4/include -DMAC_OSX -DOBJC_OLD_DISPATCH_PROTOTYPES=0 -DHAVE_QT5 -DBOOST_SP_USE_STD_ATOMIC -DBOOST_AC_USE_STD_ATOMIC -pthread -I/usr/local/include -L/usr/local/opt/openssl/lib -Wl,-headerpad_max_install_names -Wl,-dead_strip conftest.cpp -L/usr/local/lib -lboost_system -lboost_filesystem -lboost_program_options-mt -lboost_thread-mt -lboost_chrono-mt  -L/usr/local/opt/berkeley-db@4/lib >&5
conftest.cpp:75:5: error: use of undeclared identifier 'choke'
    choke;
    ^
1 error generated.
configure:28503: $? = 1
configure: failed program was:
| /* confdefs.h */
| #define PACKAGE_NAME "Retrex Core"
| #define PACKAGE_TARNAME "retrex"
| #define PACKAGE_VERSION "2.0.2"
| #define PACKAGE_STRING "Retrex Core 2.0.2"
| #define PACKAGE_BUGREPORT "retrex.tech"
| #define PACKAGE_URL ""
| #define HAVE_CXX11 1
| #define STDC_HEADERS 1
| #define HAVE_SYS_TYPES_H 1
| #define HAVE_SYS_STAT_H 1
| #define HAVE_STDLIB_H 1
| #define HAVE_STRING_H 1
| #define HAVE_MEMORY_H 1
| #define HAVE_STRINGS_H 1
| #define HAVE_INTTYPES_H 1
| #define HAVE_STDINT_H 1
| #define HAVE_UNISTD_H 1
| #define HAVE_DLFCN_H 1
| #define LT_OBJDIR ".libs/"
| #define HAVE_PTHREAD_PRIO_INHERIT 1
| #define HAVE_PTHREAD 1
| #define HAVE_DECL_STRERROR_R 1
| #define HAVE_STRERROR_R 1
| #define HAVE_STDIO_H 1
| #define HAVE_STDLIB_H 1
| #define HAVE_UNISTD_H 1
| #define HAVE_STRINGS_H 1
| #define HAVE_SYS_TYPES_H 1
| #define HAVE_SYS_STAT_H 1
| #define HAVE_SYS_SELECT_H 1
| #define HAVE_INET_PTON 1
| #define HAVE_DECL_STRNLEN 1
| #define HAVE_DECL_DAEMON 1
| #define HAVE_DECL_LE32TOH 0
| #define HAVE_DECL_LE64TOH 0
| #define HAVE_DECL_HTOLE32 0
| #define HAVE_DECL_HTOLE64 0
| #define HAVE_DECL_BE32TOH 0
| #define HAVE_DECL_BE64TOH 0
| #define HAVE_DECL_HTOBE32 0
| #define HAVE_DECL_HTOBE64 0
| #define HAVE_MSG_NOSIGNAL 1
| #define HAVE_MSG_DONTWAIT 1
| #define HAVE_VISIBILITY_ATTRIBUTE 1
| #define HAVE_THREAD_LOCAL 1
| #define HAVE_MINIUPNPC_MINIWGET_H 1
| #define HAVE_MINIUPNPC_MINIUPNPC_H 1
| #define HAVE_MINIUPNPC_UPNPCOMMANDS_H 1
| #define HAVE_MINIUPNPC_UPNPERRORS_H 1
| #define HAVE_BOOST /**/
| #define HAVE_BOOST_SYSTEM /**/
| #define HAVE_BOOST_FILESYSTEM /**/
| #define HAVE_BOOST_PROGRAM_OPTIONS /**/
| #define HAVE_BOOST_THREAD /**/
| #define HAVE_BOOST_CHRONO /**/
| /* end confdefs.h.  */
| 
|   #include <boost/config.hpp>
|   #include <boost/version.hpp>
|   #if !defined(BOOST_NO_SCOPED_ENUMS) && !defined(BOOST_NO_CXX11_SCOPED_ENUMS) && BOOST_VERSION < 105700
|   #define BOOST_NO_SCOPED_ENUMS
|   #define BOOST_NO_CXX11_SCOPED_ENUMS
|   #define CHECK
|   #endif
|   #include <boost/filesystem.hpp>
| 
| int
| main ()
| {
| 
|   #if defined(CHECK)
|     boost::filesystem::copy_file("foo", "bar");
|   #else
|     choke;
|   #endif
| 
|   ;
|   return 0;
| }
configure:28507: result: ok
configure:28539: g++ -std=c++11 -o conftest -g -O2 -Wall -Wextra -Wformat -Wvla -Wformat-security -Wthread-safety-analysis -Wno-unused-parameter -Wno-self-assign -Wno-unused-local-typedef -Wno-deprecated-register -Wno-implicit-fallthrough -I/usr/local/opt/openssl/include -DHAVE_BUILD_INFO -D__STDC_FORMAT_MACROS -I/usr/local/opt/berkeley-db@4/include -DMAC_OSX -DOBJC_OLD_DISPATCH_PROTOTYPES=0 -DHAVE_QT5 -DBOOST_SP_USE_STD_ATOMIC -DBOOST_AC_USE_STD_ATOMIC -pthread -I/usr/local/include -L/usr/local/opt/openssl/lib -Wl,-headerpad_max_install_names -Wl,-dead_strip conftest.cpp -L/usr/local/lib -lboost_system -lboost_filesystem -lboost_program_options-mt -lboost_thread-mt -lboost_chrono-mt  -L/usr/local/opt/berkeley-db@4/lib >&5
configure:28539: $? = 0
configure:28601: checking for libssl
configure:28608: $PKG_CONFIG --exists --print-errors "libssl"
configure:28611: $? = 0
configure:28625: $PKG_CONFIG --exists --print-errors "libssl"
configure:28628: $? = 0
configure:28666: result: yes
configure:28672: checking for libcrypto
configure:28679: $PKG_CONFIG --exists --print-errors "libcrypto"
configure:28682: $? = 0
configure:28696: $PKG_CONFIG --exists --print-errors "libcrypto"
configure:28699: $? = 0
configure:28737: result: yes
configure:28746: checking for protobuf
configure:28753: $PKG_CONFIG --exists --print-errors "protobuf"
configure:28756: $? = 0
configure:28770: $PKG_CONFIG --exists --print-errors "protobuf"
configure:28773: $? = 0
configure:28833: result: yes
configure:28848: checking for libqrencode
configure:28855: $PKG_CONFIG --exists --print-errors "libqrencode"
configure:28858: $? = 0
configure:28872: $PKG_CONFIG --exists --print-errors "libqrencode"
configure:28875: $? = 0
configure:28913: result: yes
configure:28926: checking for libevent
configure:28933: $PKG_CONFIG --exists --print-errors "libevent"
configure:28936: $? = 0
configure:28950: $PKG_CONFIG --exists --print-errors "libevent"
configure:28953: $? = 0
configure:28991: result: yes
configure:28998: checking for libevent_pthreads
configure:29005: $PKG_CONFIG --exists --print-errors "libevent_pthreads"
configure:29008: $? = 0
configure:29022: $PKG_CONFIG --exists --print-errors "libevent_pthreads"
configure:29025: $? = 0
configure:29063: result: yes
configure:29073: checking for libzmq >= 4
configure:29080: $PKG_CONFIG --exists --print-errors "libzmq >= 4"
configure:29083: $? = 0
configure:29097: $PKG_CONFIG --exists --print-errors "libzmq >= 4"
configure:29100: $? = 0
configure:29148: result: yes
configure:29707: checking openssl/ec.h usability
configure:29707: g++ -std=c++11 -c -g -O2 -Wall -Wextra -Wformat -Wvla -Wformat-security -Wthread-safety-analysis -Wno-unused-parameter -Wno-self-assign -Wno-unused-local-typedef -Wno-deprecated-register -Wno-implicit-fallthrough -I/usr/local/opt/openssl/include -DHAVE_BUILD_INFO -D__STDC_FORMAT_MACROS -I/usr/local/opt/berkeley-db@4/include -DMAC_OSX -DOBJC_OLD_DISPATCH_PROTOTYPES=0 -DHAVE_QT5 conftest.cpp >&5
configure:29707: $? = 0
configure:29707: result: yes
configure:29707: checking openssl/ec.h presence
configure:29707: g++ -std=c++11 -E -I/usr/local/opt/openssl/include -DHAVE_BUILD_INFO -D__STDC_FORMAT_MACROS -I/usr/local/opt/berkeley-db@4/include -DMAC_OSX -DOBJC_OLD_DISPATCH_PROTOTYPES=0 -DHAVE_QT5 conftest.cpp
configure:29707: $? = 0
configure:29707: result: yes
configure:29707: checking for openssl/ec.h
configure:29707: result: yes
configure:29774: checking for protoc
configure:29792: found /usr/local/bin/protoc
configure:29804: result: /usr/local/bin/protoc
configure:29838: checking whether to build retrexd
configure:29848: result: yes
configure:29851: checking whether to build utils (retrex-cli retrex-tx)
configure:29861: result: yes
configure:29864: checking whether to build libraries
configure:29879: result: no
configure:29890: checking if ccache should be used
configure:29903: result: no
configure:29944: checking if wallet should be enabled
configure:29947: result: yes
configure:29960: checking whether to build with support for UPnP
configure:29970: result: yes
configure:29972: checking whether to build with UPnP enabled by default
configure:29980: result: no
configure:29998: checking whether to build GUI with support for D-Bus
configure:30005: result: yes
configure:30008: checking whether to build GUI with support for QR codes
configure:30018: result: yes
configure:30035: checking whether to build test_retrex-qt
configure:30042: result: no
configure:30056: checking whether to build test_retrex
configure:30063: result: no
configure:30067: checking whether to reduce exports
configure:30073: result: no
configure:30397: checking that generated files are newer than configure
configure:30403: result: done
configure:30515: creating ./config.status

## ---------------------- ##
## Running config.status. ##
## ---------------------- ##

This file was extended by Retrex Core config.status 2.0.2, which was
generated by GNU Autoconf 2.69.  Invocation command line was

  CONFIG_FILES    = 
  CONFIG_HEADERS  = 
  CONFIG_LINKS    = 
  CONFIG_COMMANDS = 
  $ ./config.status 

on Vins-iMac.local

config.status:1379: creating Makefile
config.status:1379: creating src/Makefile
config.status:1379: creating share/setup.nsi
config.status:1379: creating share/qt/Info.plist
config.status:1379: creating src/test/buildenv.py
config.status:1379: creating qa/pull-tester/run-bitcoind-for-test.sh
config.status:1379: creating qa/pull-tester/tests-config.sh
config.status:1379: creating contrib/devtools/split-debug.sh
config.status:1379: creating doc/Doxyfile
config.status:1379: creating src/config/retrex-config.h
config.status:1608: executing depfiles commands
config.status:1685: cd src       && sed -e '/# am--include-marker/d' Makefile         | make -f - am--depfiles
make: Nothing to be done for `am--depfiles'.
config.status:1690: $? = 0
config.status:1608: executing libtool commands
configure:33003: === configuring in src/univalue (/Users/vin/Desktop/Test3/src/univalue)
configure:33066: running /bin/sh ./configure --disable-option-checking '--prefix=/usr/local'  '--with-gui' '--disable-tests' 'LDFLAGS=-L/usr/local/opt/openssl/lib' 'CPPFLAGS=-I/usr/local/opt/openssl/include' '--disable-shared' '--with-pic' --cache-file=/dev/null --srcdir=.
configure:33003: === configuring in src/secp256k1 (/Users/vin/Desktop/Test3/src/secp256k1)
configure:33066: running /bin/sh ./configure --disable-option-checking '--prefix=/usr/local'  '--with-gui' '--disable-tests' 'LDFLAGS=-L/usr/local/opt/openssl/lib' 'CPPFLAGS=-I/usr/local/opt/openssl/include' '--disable-shared' '--with-pic' --cache-file=/dev/null --srcdir=.

## ---------------- ##
## Cache variables. ##
## ---------------- ##

ac_cv_build=x86_64-apple-darwin20.2.0
ac_cv_c_bigendian=no
ac_cv_c_compiler_gnu=yes
ac_cv_cxx_compiler_gnu=yes
ac_cv_env_ARFLAGS_set=
ac_cv_env_ARFLAGS_value=
ac_cv_env_BDB_CFLAGS_set=
ac_cv_env_BDB_CFLAGS_value=
ac_cv_env_BDB_LIBS_set=
ac_cv_env_BDB_LIBS_value=
ac_cv_env_CCC_set=
ac_cv_env_CCC_value=
ac_cv_env_CC_set=
ac_cv_env_CC_value=
ac_cv_env_CFLAGS_set=
ac_cv_env_CFLAGS_value=
ac_cv_env_CPPFLAGS_set=set
ac_cv_env_CPPFLAGS_value=-I/usr/local/opt/openssl/include
ac_cv_env_CPP_set=
ac_cv_env_CPP_value=
ac_cv_env_CRYPTO_CFLAGS_set=
ac_cv_env_CRYPTO_CFLAGS_value=
ac_cv_env_CRYPTO_LIBS_set=
ac_cv_env_CRYPTO_LIBS_value=
ac_cv_env_CXXCPP_set=
ac_cv_env_CXXCPP_value=
ac_cv_env_CXXFLAGS_set=
ac_cv_env_CXXFLAGS_value=
ac_cv_env_CXX_set=
ac_cv_env_CXX_value=
ac_cv_env_EVENT_CFLAGS_set=
ac_cv_env_EVENT_CFLAGS_value=
ac_cv_env_EVENT_LIBS_set=
ac_cv_env_EVENT_LIBS_value=
ac_cv_env_EVENT_PTHREADS_CFLAGS_set=
ac_cv_env_EVENT_PTHREADS_CFLAGS_value=
ac_cv_env_EVENT_PTHREADS_LIBS_set=
ac_cv_env_EVENT_PTHREADS_LIBS_value=
ac_cv_env_LDFLAGS_set=set
ac_cv_env_LDFLAGS_value=-L/usr/local/opt/openssl/lib
ac_cv_env_LIBS_set=
ac_cv_env_LIBS_value=
ac_cv_env_LT_SYS_LIBRARY_PATH_set=
ac_cv_env_LT_SYS_LIBRARY_PATH_value=
ac_cv_env_OBJCXXFLAGS_set=
ac_cv_env_OBJCXXFLAGS_value=
ac_cv_env_OBJCXX_set=
ac_cv_env_OBJCXX_value=
ac_cv_env_PKG_CONFIG_LIBDIR_set=
ac_cv_env_PKG_CONFIG_LIBDIR_value=
ac_cv_env_PKG_CONFIG_PATH_set=
ac_cv_env_PKG_CONFIG_PATH_value=
ac_cv_env_PKG_CONFIG_set=
ac_cv_env_PKG_CONFIG_value=
ac_cv_env_PROTOBUF_CFLAGS_set=
ac_cv_env_PROTOBUF_CFLAGS_value=
ac_cv_env_PROTOBUF_LIBS_set=
ac_cv_env_PROTOBUF_LIBS_value=
ac_cv_env_PYTHONPATH_set=
ac_cv_env_PYTHONPATH_value=
ac_cv_env_QR_CFLAGS_set=
ac_cv_env_QR_CFLAGS_value=
ac_cv_env_QR_LIBS_set=
ac_cv_env_QR_LIBS_value=
ac_cv_env_QT4_CFLAGS_set=
ac_cv_env_QT4_CFLAGS_value=
ac_cv_env_QT4_LIBS_set=
ac_cv_env_QT4_LIBS_value=
ac_cv_env_QT5_CFLAGS_set=
ac_cv_env_QT5_CFLAGS_value=
ac_cv_env_QT5_LIBS_set=
ac_cv_env_QT5_LIBS_value=
ac_cv_env_QTPRINT_CFLAGS_set=
ac_cv_env_QTPRINT_CFLAGS_value=
ac_cv_env_QTPRINT_LIBS_set=
ac_cv_env_QTPRINT_LIBS_value=
ac_cv_env_QTXCBQPA_CFLAGS_set=
ac_cv_env_QTXCBQPA_CFLAGS_value=
ac_cv_env_QTXCBQPA_LIBS_set=
ac_cv_env_QTXCBQPA_LIBS_value=
ac_cv_env_QT_DBUS_CFLAGS_set=
ac_cv_env_QT_DBUS_CFLAGS_value=
ac_cv_env_QT_DBUS_LIBS_set=
ac_cv_env_QT_DBUS_LIBS_value=
ac_cv_env_QT_TEST_CFLAGS_set=
ac_cv_env_QT_TEST_CFLAGS_value=
ac_cv_env_QT_TEST_LIBS_set=
ac_cv_env_QT_TEST_LIBS_value=
ac_cv_env_SSL_CFLAGS_set=
ac_cv_env_SSL_CFLAGS_value=
ac_cv_env_SSL_LIBS_set=
ac_cv_env_SSL_LIBS_value=
ac_cv_env_UNIVALUE_CFLAGS_set=
ac_cv_env_UNIVALUE_CFLAGS_value=
ac_cv_env_UNIVALUE_LIBS_set=
ac_cv_env_UNIVALUE_LIBS_value=
ac_cv_env_X11XCB_CFLAGS_set=
ac_cv_env_X11XCB_CFLAGS_value=
ac_cv_env_X11XCB_LIBS_set=
ac_cv_env_X11XCB_LIBS_value=
ac_cv_env_ZMQ_CFLAGS_set=
ac_cv_env_ZMQ_CFLAGS_value=
ac_cv_env_ZMQ_LIBS_set=
ac_cv_env_ZMQ_LIBS_value=
ac_cv_env_build_alias_set=
ac_cv_env_build_alias_value=
ac_cv_env_host_alias_set=
ac_cv_env_host_alias_value=
ac_cv_env_target_alias_set=
ac_cv_env_target_alias_value=
ac_cv_func_strerror_r=yes
ac_cv_func_strerror_r_char_p=no
ac_cv_have_decl_be32toh=no
ac_cv_have_decl_be64toh=no
ac_cv_have_decl_daemon=yes
ac_cv_have_decl_htobe32=no
ac_cv_have_decl_htobe64=no
ac_cv_have_decl_htole32=no
ac_cv_have_decl_htole64=no
ac_cv_have_decl_le32toh=no
ac_cv_have_decl_le64toh=no
ac_cv_have_decl_strerror_r=yes
ac_cv_have_decl_strnlen=yes
ac_cv_header_dlfcn_h=yes
ac_cv_header_endian_h=no
ac_cv_header_inttypes_h=yes
ac_cv_header_memory_h=yes
ac_cv_header_miniupnpc_miniupnpc_h=yes
ac_cv_header_miniupnpc_miniwget_h=yes
ac_cv_header_miniupnpc_upnpcommands_h=yes
ac_cv_header_miniupnpc_upnperrors_h=yes
ac_cv_header_openssl_ec_h=yes
ac_cv_header_stdc=yes
ac_cv_header_stdint_h=yes
ac_cv_header_stdio_h=yes
ac_cv_header_stdlib_h=yes
ac_cv_header_string_h=yes
ac_cv_header_strings_h=yes
ac_cv_header_sys_prctl_h=no
ac_cv_header_sys_select_h=yes
ac_cv_header_sys_stat_h=yes
ac_cv_header_sys_types_h=yes
ac_cv_header_unistd_h=yes
ac_cv_host=x86_64-apple-darwin20.2.0
ac_cv_lib_boost_chrono_mt___exit=yes
ac_cv_lib_boost_filesystem___exit=yes
ac_cv_lib_boost_program_options_mt___exit=yes
ac_cv_lib_boost_system___exit=yes
ac_cv_lib_boost_thread_mt___exit=yes
ac_cv_lib_db_cxx_4_8___main=yes
ac_cv_lib_miniupnpc_main=yes
ac_cv_objcxx_compiler_gnu=yes
ac_cv_objext=o
ac_cv_path_EGREP='/usr/bin/grep -E'
ac_cv_path_FGREP='/usr/bin/grep -F'
ac_cv_path_GIT=/usr/bin/git
ac_cv_path_GREP=/usr/bin/grep
ac_cv_path_HEXDUMP=/usr/bin/hexdump
ac_cv_path_LRELEASE=/usr/local/Cellar/qt/5.15.2/bin/lrelease
ac_cv_path_LUPDATE=/usr/local/Cellar/qt/5.15.2/bin/lupdate
ac_cv_path_MOC=/usr/local/Cellar/qt/5.15.2/bin/moc
ac_cv_path_PROTOC=/usr/local/bin/protoc
ac_cv_path_PYTHON=/Library/Frameworks/Python.framework/Versions/3.9/bin/python3
ac_cv_path_RCC=/usr/local/Cellar/qt/5.15.2/bin/rcc
ac_cv_path_RSVG_CONVERT=/usr/local/bin/rsvg-convert
ac_cv_path_SED=/usr/bin/sed
ac_cv_path_UIC=/usr/local/Cellar/qt/5.15.2/bin/uic
ac_cv_path_XGETTEXT=/usr/local/bin/xgettext
ac_cv_path_ac_pt_AR=/usr/bin/ar
ac_cv_path_ac_pt_CPPFILT=/usr/bin/c++filt
ac_cv_path_ac_pt_GCOV=/usr/bin/gcov
ac_cv_path_ac_pt_PKG_CONFIG=/usr/local/bin/pkg-config
ac_cv_path_ac_pt_RANLIB=/usr/bin/ranlib
ac_cv_path_ac_pt_STRIP=/usr/bin/strip
ac_cv_path_install='/usr/bin/install -c'
ac_cv_path_lt_DD=/bin/dd
ac_cv_prog_AWK=awk
ac_cv_prog_BREW=brew
ac_cv_prog_CPP='gcc -E'
ac_cv_prog_CXXCPP='g++ -std=c++11 -E'
ac_cv_prog_ac_ct_AR=ar
ac_cv_prog_ac_ct_CC=gcc
ac_cv_prog_ac_ct_CXX=g++
ac_cv_prog_ac_ct_DSYMUTIL=dsymutil
ac_cv_prog_ac_ct_LIPO=lipo
ac_cv_prog_ac_ct_NMEDIT=nmedit
ac_cv_prog_ac_ct_OBJDUMP=objdump
ac_cv_prog_ac_ct_OTOOL=otool
ac_cv_prog_ac_ct_RANLIB=ranlib
ac_cv_prog_ac_ct_STRIP=strip
ac_cv_prog_cc_c89=
ac_cv_prog_cc_g=yes
ac_cv_prog_cxx_g=yes
ac_cv_prog_make_make_set=yes
ac_cv_prog_objcxx_g=yes
ac_cv_search_clock_gettime='none required'
ac_cv_search_getaddrinfo_a=no
ac_cv_search_inet_pton='none required'
ac_cv_sys_file_offset_bits=no
ac_cv_sys_largefile_CC=no
am_cv_CC_dependencies_compiler_type=gcc3
am_cv_CXX_dependencies_compiler_type=gcc3
am_cv_OBJCXX_dependencies_compiler_type=gcc3
am_cv_make_support_nested_variables=yes
am_cv_prog_cc_c_o=yes
ax_cv_PTHREAD_CLANG=yes
ax_cv_PTHREAD_CLANG_NO_WARN_FLAG=no
ax_cv_PTHREAD_JOINABLE_ATTR=PTHREAD_CREATE_JOINABLE
ax_cv_PTHREAD_PRIO_INHERIT=yes
ax_cv_PTHREAD_SPECIAL_FLAGS=no
ax_cv_boost_chrono=yes
ax_cv_boost_filesystem=yes
ax_cv_boost_program_options=yes
ax_cv_boost_system=yes
ax_cv_boost_thread=yes
ax_cv_check_cxxcppflags___D_FORTIFY_SOURCE_2=yes
ax_cv_check_cxxcppflags___U_FORTIFY_SOURCE=yes
ax_cv_check_cxxflags__Wall=yes
ax_cv_check_cxxflags__Wdeprecated_register=yes
ax_cv_check_cxxflags__Wextra=yes
ax_cv_check_cxxflags__Wformat=yes
ax_cv_check_cxxflags__Wformat_security=yes
ax_cv_check_cxxflags__Wimplicit_fallthrough=yes
ax_cv_check_cxxflags__Wself_assign=yes
ax_cv_check_cxxflags__Wthread_safety_analysis=yes
ax_cv_check_cxxflags__Wunused_local_typedef=yes
ax_cv_check_cxxflags__Wunused_parameter=yes
ax_cv_check_cxxflags__Wvla=yes
ax_cv_check_cxxflags___Werror=yes
ax_cv_check_cxxflags___Wstack_protector=yes
ax_cv_check_cxxflags___fPIC=yes
ax_cv_check_cxxflags___fstack_protector_all=yes
ax_cv_check_ldflags___Wl___dynamicbase=no
ax_cv_check_ldflags___Wl___high_entropy_va=no
ax_cv_check_ldflags___Wl___large_address_aware=no
ax_cv_check_ldflags___Wl___nxcompat=no
ax_cv_check_ldflags___Wl__dead_strip=yes
ax_cv_check_ldflags___Wl__headerpad_max_install_names=yes
ax_cv_check_ldflags___Wl__z_now=no
ax_cv_check_ldflags___Wl__z_relro=no
ax_cv_check_ldflags___framework_Foundation__framework_ApplicationServices__framework_AppKit=yes
ax_cv_check_ldflags___pic=no
ax_cv_cxx_compile_cxx11__std_cpp11=yes
ax_cv_have_func_attribute_dllexport=no
ax_cv_have_func_attribute_dllimport=no
ax_cv_have_func_attribute_visibility=no
bitcoin_cv_static_qt=no
lt_cv_apple_cc_single_mod=yes
lt_cv_ar_at_file=no
lt_cv_deplibs_check_method=pass_all
lt_cv_file_magic_cmd='$MAGIC_CMD'
lt_cv_file_magic_test_file=
lt_cv_ld_exported_symbols_list=yes
lt_cv_ld_force_load=yes
lt_cv_ld_reload_flag=-r
lt_cv_nm_interface='BSD nm'
lt_cv_objdir=.libs
lt_cv_path_LD=/Applications/Xcode.app/Contents/Developer/Toolchains/XcodeDefault.xctoolchain/usr/bin/ld
lt_cv_path_LDCXX=/Applications/Xcode.app/Contents/Developer/Toolchains/XcodeDefault.xctoolchain/usr/bin/ld
lt_cv_path_NM='/usr/bin/nm -B'
lt_cv_path_mainfest_tool=no
lt_cv_prog_compiler_c_o=yes
lt_cv_prog_compiler_c_o_CXX=yes
lt_cv_prog_compiler_pic='-fno-common -DPIC'
lt_cv_prog_compiler_pic_CXX='-fno-common -DPIC'
lt_cv_prog_compiler_pic_works=yes
lt_cv_prog_compiler_pic_works_CXX=yes
lt_cv_prog_compiler_rtti_exceptions=yes
lt_cv_prog_compiler_static_works=no
lt_cv_prog_compiler_static_works_CXX=no
lt_cv_prog_gnu_ld=no
lt_cv_prog_gnu_ldcxx=no
lt_cv_sharedlib_from_linklib_cmd='printf %s\n'
lt_cv_sys_global_symbol_pipe='sed -n -e '\''s/^.*[	 ]\([BCDEGRST][BCDEGRST]*\)[	 ][	 ]*_\([_A-Za-z][_A-Za-z0-9]*\)$/\1 _\2 \2/p'\'' | sed '\''/ __gnu_lto/d'\'''
lt_cv_sys_global_symbol_to_c_name_address='sed -n -e '\''s/^: \(.*\) .*$/  {"\1", (void *) 0},/p'\'' -e '\''s/^[BCDEGRST][BCDEGRST]* .* \(.*\)$/  {"\1", (void *) \&\1},/p'\'''
lt_cv_sys_global_symbol_to_c_name_address_lib_prefix='sed -n -e '\''s/^: \(.*\) .*$/  {"\1", (void *) 0},/p'\'' -e '\''s/^[BCDEGRST][BCDEGRST]* .* \(lib.*\)$/  {"\1", (void *) \&\1},/p'\'' -e '\''s/^[BCDEGRST][BCDEGRST]* .* \(.*\)$/  {"lib\1", (void *) \&\1},/p'\'''
lt_cv_sys_global_symbol_to_cdecl='sed -n -e '\''s/^T .* \(.*\)$/extern int \1();/p'\'' -e '\''s/^[BCDEGRST][BCDEGRST]* .* \(.*\)$/extern char \1;/p'\'''
lt_cv_sys_global_symbol_to_import=
lt_cv_sys_max_cmd_len=786432
lt_cv_to_host_file_cmd=func_convert_file_noop
lt_cv_to_tool_file_cmd=func_convert_file_noop
lt_cv_truncate_bin='/bin/dd bs=4096 count=1'
pkg_cv_CRYPTO_CFLAGS=-I/usr/local/Cellar/openssl@1.1/1.1.1i/include
pkg_cv_CRYPTO_LIBS='-L/usr/local/Cellar/openssl@1.1/1.1.1i/lib -lcrypto'
pkg_cv_EVENT_CFLAGS=-I/usr/local/Cellar/libevent/2.1.12/include
pkg_cv_EVENT_LIBS='-L/usr/local/Cellar/libevent/2.1.12/lib -levent'
pkg_cv_EVENT_PTHREADS_CFLAGS='-D_THREAD_SAFE -I/usr/local/Cellar/libevent/2.1.12/include'
pkg_cv_EVENT_PTHREADS_LIBS='-L/usr/local/Cellar/libevent/2.1.12/lib -levent_pthreads -levent'
pkg_cv_PROTOBUF_CFLAGS='-pthread -I/usr/local/Cellar/protobuf/3.14.0/include'
pkg_cv_PROTOBUF_LIBS='-L/usr/local/Cellar/protobuf/3.14.0/lib -lprotobuf'
pkg_cv_QR_CFLAGS=-I/usr/local/Cellar/qrencode/4.1.1/include
pkg_cv_QR_LIBS='-L/usr/local/Cellar/qrencode/4.1.1/lib -lqrencode'
pkg_cv_QT5_CFLAGS='-DQT_NETWORK_LIB -F/usr/local/Cellar/qt/5.15.2/lib -DQT_WIDGETS_LIB -F/usr/local/Cellar/qt/5.15.2/lib -DQT_GUI_LIB -F/usr/local/Cellar/qt/5.15.2/lib -DQT_CORE_LIB -F/usr/local/Cellar/qt/5.15.2/lib -I/usr/local/Cellar/qt/5.15.2/lib/QtNetwork.framework/Headers -I/usr/local/Cellar/qt/5.15.2/lib/QtWidgets.framework/Headers -I/usr/local/Cellar/qt/5.15.2/lib/QtGui.framework/Headers -I/usr/local/Cellar/qt/5.15.2/lib/QtCore.framework/Headers'
pkg_cv_QT5_LIBS='-F/usr/local/Cellar/qt/5.15.2/lib -framework QtNetwork -F/usr/local/Cellar/qt/5.15.2/lib -framework QtWidgets -F/usr/local/Cellar/qt/5.15.2/lib -framework QtGui -F/usr/local/Cellar/qt/5.15.2/lib -framework QtCore'
pkg_cv_QT_DBUS_CFLAGS='-DQT_DBUS_LIB -F/usr/local/Cellar/qt/5.15.2/lib -DQT_CORE_LIB -F/usr/local/Cellar/qt/5.15.2/lib -I/usr/local/Cellar/qt/5.15.2/lib/QtDBus.framework/Headers -I/usr/local/Cellar/qt/5.15.2/lib/QtCore.framework/Headers'
pkg_cv_QT_DBUS_LIBS='-F/usr/local/Cellar/qt/5.15.2/lib -framework QtDBus -F/usr/local/Cellar/qt/5.15.2/lib -framework QtCore'
pkg_cv_QT_TEST_CFLAGS='-DQT_TESTLIB_LIB -F/usr/local/Cellar/qt/5.15.2/lib -DQT_CORE_LIB -F/usr/local/Cellar/qt/5.15.2/lib -I/usr/local/Cellar/qt/5.15.2/lib/QtTest.framework/Headers -I/usr/local/Cellar/qt/5.15.2/lib/QtCore.framework/Headers'
pkg_cv_QT_TEST_LIBS='-F/usr/local/Cellar/qt/5.15.2/lib -framework QtTest -F/usr/local/Cellar/qt/5.15.2/lib -framework QtCore'
pkg_cv_SSL_CFLAGS=-I/usr/local/Cellar/openssl@1.1/1.1.1i/include
pkg_cv_SSL_LIBS='-L/usr/local/Cellar/openssl@1.1/1.1.1i/lib -lssl'
pkg_cv_ZMQ_CFLAGS='-I/usr/local/Cellar/zeromq/4.3.4/include -I/usr/local/Cellar/libsodium/1.0.18_1/include'
pkg_cv_ZMQ_LIBS='-L/usr/local/Cellar/zeromq/4.3.4/lib -lzmq'

## ----------------- ##
## Output variables. ##
## ----------------- ##

ACLOCAL='${SHELL} '\''/Users/vin/Desktop/Test3/build-aux/missing'\'' aclocal-1.16'
AMDEPBACKSLASH='\'
AMDEP_FALSE='#'
AMDEP_TRUE=''
AMTAR='$${TAR-tar}'
AM_BACKSLASH='\'
AM_DEFAULT_V='$(AM_DEFAULT_VERBOSITY)'
AM_DEFAULT_VERBOSITY='0'
AM_V='$(V)'
AR='/usr/bin/ar'
ARFLAGS='cr'
AUTOCONF='${SHELL} '\''/Users/vin/Desktop/Test3/build-aux/missing'\'' autoconf'
AUTOHEADER='${SHELL} '\''/Users/vin/Desktop/Test3/build-aux/missing'\'' autoheader'
AUTOMAKE='${SHELL} '\''/Users/vin/Desktop/Test3/build-aux/missing'\'' automake-1.16'
AWK='awk'
BDB_CFLAGS=''
BDB_CPPFLAGS=''
BDB_LIBS='-ldb_cxx-4.8'
BITCOIN_CLI_NAME='retrex-cli'
BITCOIN_DAEMON_NAME='retrexd'
BITCOIN_GUI_NAME='retrex-qt'
BITCOIN_TX_NAME='retrex-tx'
BOOST_CHRONO_LIB='-lboost_chrono-mt'
BOOST_CPPFLAGS='-DBOOST_SP_USE_STD_ATOMIC -DBOOST_AC_USE_STD_ATOMIC -pthread -I/usr/local/include'
BOOST_FILESYSTEM_LIB='-lboost_filesystem'
BOOST_LDFLAGS='-L/usr/local/lib'
BOOST_LIBS='-L/usr/local/lib -lboost_system -lboost_filesystem -lboost_program_options-mt -lboost_thread-mt -lboost_chrono-mt'
BOOST_PROGRAM_OPTIONS_LIB='-lboost_program_options-mt'
BOOST_SYSTEM_LIB='-lboost_system'
BOOST_THREAD_LIB='-lboost_thread-mt'
BOOST_UNIT_TEST_FRAMEWORK_LIB=''
BREW='brew'
BUILD_BITCOIND_FALSE='#'
BUILD_BITCOIND_TRUE=''
BUILD_BITCOIN_LIBS_FALSE=''
BUILD_BITCOIN_LIBS_TRUE='#'
BUILD_BITCOIN_UTILS_FALSE='#'
BUILD_BITCOIN_UTILS_TRUE=''
BUILD_DARWIN_FALSE='#'
BUILD_DARWIN_TRUE=''
BUILD_QT='qt'
BUILD_TEST=''
BUILD_TEST_QT=''
CC='gcc'
CCACHE=''
CCDEPMODE='depmode=gcc3'
CFLAGS='-g -O2'
CLIENT_VERSION_BUILD='0'
CLIENT_VERSION_IS_RELEASE='true'
CLIENT_VERSION_MAJOR='2'
CLIENT_VERSION_MINOR='0'
CLIENT_VERSION_REVISION='2'
COMPARISON_TOOL_REORG_TESTS='0'
COPYRIGHT_YEAR='2021'
CPP='gcc -E'
CPPFILT='/usr/bin/c++filt'
CPPFLAGS='-I/usr/local/opt/openssl/include -DHAVE_BUILD_INFO -D__STDC_FORMAT_MACROS -I/usr/local/opt/berkeley-db@4/include -DMAC_OSX -DOBJC_OLD_DISPATCH_PROTOTYPES=0 -DHAVE_QT5'
CRYPTO_CFLAGS='-I/usr/local/Cellar/openssl@1.1/1.1.1i/include'
CRYPTO_LIBS='-L/usr/local/Cellar/openssl@1.1/1.1.1i/lib -lcrypto'
CXX='g++ -std=c++11'
CXXCPP='g++ -std=c++11 -E'
CXXDEPMODE='depmode=gcc3'
CXXFLAGS='-g -O2 -Wall -Wextra -Wformat -Wvla -Wformat-security -Wthread-safety-analysis -Wno-unused-parameter -Wno-self-assign -Wno-unused-local-typedef -Wno-deprecated-register -Wno-implicit-fallthrough'
CYGPATH_W='echo'
DEFS='-DHAVE_CONFIG_H'
DEPDIR='.deps'
DLLTOOL='false'
DSYMUTIL='dsymutil'
DUMPBIN=''
ECHO_C='\c'
ECHO_N=''
ECHO_T=''
EGREP='/usr/bin/grep -E'
EMBEDDED_LEVELDB_FALSE='#'
EMBEDDED_LEVELDB_TRUE=''
EMBEDDED_UNIVALUE_FALSE='#'
EMBEDDED_UNIVALUE_TRUE=''
ENABLE_QT_FALSE='#'
ENABLE_QT_TESTS_FALSE=''
ENABLE_QT_TESTS_TRUE='#'
ENABLE_QT_TRUE=''
ENABLE_TESTS_FALSE=''
ENABLE_TESTS_TRUE='#'
ENABLE_WALLET_FALSE='#'
ENABLE_WALLET_TRUE=''
ENABLE_ZMQ_FALSE='#'
ENABLE_ZMQ_TRUE=''
ERROR_CXXFLAGS=''
EVENT_CFLAGS='-I/usr/local/Cellar/libevent/2.1.12/include'
EVENT_LIBS='-L/usr/local/Cellar/libevent/2.1.12/lib -levent'
EVENT_PTHREADS_CFLAGS='-D_THREAD_SAFE -I/usr/local/Cellar/libevent/2.1.12/include'
EVENT_PTHREADS_LIBS='-L/usr/local/Cellar/libevent/2.1.12/lib -levent_pthreads -levent'
EXEEXT=''
FGREP='/usr/bin/grep -F'
GCOV='/usr/bin/gcov'
GENHTML=''
GENISOIMAGE=''
GIT='/usr/bin/git'
GLIBC_BACK_COMPAT_FALSE=''
GLIBC_BACK_COMPAT_TRUE='#'
GREP='/usr/bin/grep'
HARDENED_CPPFLAGS=' -U_FORTIFY_SOURCE -D_FORTIFY_SOURCE=2'
HARDENED_CXXFLAGS=' -Wstack-protector -fstack-protector-all'
HARDENED_LDFLAGS=''
HARDEN_FALSE='#'
HARDEN_TRUE=''
HAVE_CXX11='1'
HAVE_QT5_FALSE='#'
HAVE_QT5_TRUE=''
HEXDUMP='/usr/bin/hexdump'
IMAGEMAGICK_CONVERT=''
INSTALLNAMETOOL=''
INSTALL_DATA='${INSTALL} -m 644'
INSTALL_PROGRAM='${INSTALL}'
INSTALL_SCRIPT='${INSTALL}'
INSTALL_STRIP_PROGRAM='$(install_sh) -c -s'
JAVA_COMPARISON_TOOL=''
LCOV=''
LD='/Applications/Xcode.app/Contents/Developer/Toolchains/XcodeDefault.xctoolchain/usr/bin/ld'
LDFLAGS='-L/usr/local/opt/openssl/lib -Wl,-headerpad_max_install_names -Wl,-dead_strip'
LEVELDB_CPPFLAGS=''
LEVELDB_TARGET_FLAGS='TARGET_OS=Darwin'
LIBLEVELDB=''
LIBMEMENV=''
LIBOBJS=''
LIBS=' -L/usr/local/opt/berkeley-db@4/lib'
LIBTOOL='$(SHELL) $(top_builddir)/libtool'
LIBTOOL_APP_LDFLAGS=''
LIPO='lipo'
LN_S='ln -s'
LRELEASE='/usr/local/Cellar/qt/5.15.2/bin/lrelease'
LTLIBOBJS=''
LT_SYS_LIBRARY_PATH=''
LUPDATE='/usr/local/Cellar/qt/5.15.2/bin/lupdate'
MAINT=''
MAINTAINER_MODE_FALSE='#'
MAINTAINER_MODE_TRUE=''
MAKEINFO='${SHELL} '\''/Users/vin/Desktop/Test3/build-aux/missing'\'' makeinfo'
MAKENSIS=''
MANIFEST_TOOL=':'
MINIUPNPC_CPPFLAGS=''
MINIUPNPC_LIBS='-lminiupnpc'
MKDIR_P='build-aux/install-sh -c -d'
MOC='/usr/local/Cellar/qt/5.15.2/bin/moc'
MOC_DEFS='-DHAVE_CONFIG_H -I$(srcdir) -DQ_OS_MAC'
NM='/usr/bin/nm -B'
NMEDIT='nmedit'
OBJCOPY=''
OBJCXX='g++ -std=c++11'
OBJCXXDEPMODE='depmode=gcc3'
OBJCXXFLAGS='-g -O2 -Wall -Wextra -Wformat -Wvla -Wformat-security -Wthread-safety-analysis -Wno-unused-parameter -Wno-self-assign -Wno-unused-local-typedef -Wno-deprecated-register -Wno-implicit-fallthrough'
OBJDUMP='objdump'
OBJEXT='o'
OTOOL64=':'
OTOOL='otool'
PACKAGE='retrex'
PACKAGE_BUGREPORT='retrex.tech'
PACKAGE_NAME='Retrex Core'
PACKAGE_STRING='Retrex Core 2.0.2'
PACKAGE_TARNAME='retrex'
PACKAGE_URL=''
PACKAGE_VERSION='2.0.2'
PATH_SEPARATOR=':'
PIC_FLAGS='-fPIC'
PIE_FLAGS='-fPIC'
PKG_CONFIG='/usr/local/bin/pkg-config'
PKG_CONFIG_LIBDIR=''
PKG_CONFIG_PATH='/usr/local/opt/qt/lib/pkgconfig:/usr/local/opt/openssl@1.1/lib/pkgconfig:'
PORT=''
PROTOBUF_CFLAGS='-pthread -I/usr/local/Cellar/protobuf/3.14.0/include'
PROTOBUF_LIBS='-L/usr/local/Cellar/protobuf/3.14.0/lib -lprotobuf'
PROTOC='/usr/local/bin/protoc'
PTHREAD_CC='gcc'
PTHREAD_CFLAGS='-pthread'
PTHREAD_LIBS=''
PYTHON='/Library/Frameworks/Python.framework/Versions/3.9/bin/python3'
PYTHONPATH=''
QR_CFLAGS='-I/usr/local/Cellar/qrencode/4.1.1/include'
QR_LIBS='-L/usr/local/Cellar/qrencode/4.1.1/lib -lqrencode'
QT4_CFLAGS=''
QT4_LIBS=''
QT5_CFLAGS='-DQT_NETWORK_LIB -F/usr/local/Cellar/qt/5.15.2/lib -DQT_WIDGETS_LIB -F/usr/local/Cellar/qt/5.15.2/lib -DQT_GUI_LIB -F/usr/local/Cellar/qt/5.15.2/lib -DQT_CORE_LIB -F/usr/local/Cellar/qt/5.15.2/lib -I/usr/local/Cellar/qt/5.15.2/lib/QtNetwork.framework/Headers -I/usr/local/Cellar/qt/5.15.2/lib/QtWidgets.framework/Headers -I/usr/local/Cellar/qt/5.15.2/lib/QtGui.framework/Headers -I/usr/local/Cellar/qt/5.15.2/lib/QtCore.framework/Headers'
QT5_LIBS='-F/usr/local/Cellar/qt/5.15.2/lib -framework QtNetwork -F/usr/local/Cellar/qt/5.15.2/lib -framework QtWidgets -F/usr/local/Cellar/qt/5.15.2/lib -framework QtGui -F/usr/local/Cellar/qt/5.15.2/lib -framework QtCore'
QTPRINT_CFLAGS=''
QTPRINT_LIBS=''
QTXCBQPA_CFLAGS=''
QTXCBQPA_LIBS=''
QT_DBUS_CFLAGS='-DQT_DBUS_LIB -F/usr/local/Cellar/qt/5.15.2/lib -DQT_CORE_LIB -F/usr/local/Cellar/qt/5.15.2/lib -I/usr/local/Cellar/qt/5.15.2/lib/QtDBus.framework/Headers -I/usr/local/Cellar/qt/5.15.2/lib/QtCore.framework/Headers'
QT_DBUS_INCLUDES='-DQT_DBUS_LIB -F/usr/local/Cellar/qt/5.15.2/lib -DQT_CORE_LIB -F/usr/local/Cellar/qt/5.15.2/lib -I/usr/local/Cellar/qt/5.15.2/lib/QtDBus.framework/Headers -I/usr/local/Cellar/qt/5.15.2/lib/QtCore.framework/Headers'
QT_DBUS_LIBS='-F/usr/local/Cellar/qt/5.15.2/lib -framework QtDBus -F/usr/local/Cellar/qt/5.15.2/lib -framework QtCore'
QT_INCLUDES='-DQT_NETWORK_LIB -F/usr/local/Cellar/qt/5.15.2/lib -DQT_WIDGETS_LIB -F/usr/local/Cellar/qt/5.15.2/lib -DQT_GUI_LIB -F/usr/local/Cellar/qt/5.15.2/lib -DQT_CORE_LIB -F/usr/local/Cellar/qt/5.15.2/lib -I/usr/local/Cellar/qt/5.15.2/lib/QtNetwork.framework/Headers -I/usr/local/Cellar/qt/5.15.2/lib/QtWidgets.framework/Headers -I/usr/local/Cellar/qt/5.15.2/lib/QtGui.framework/Headers -I/usr/local/Cellar/qt/5.15.2/lib/QtCore.framework/Headers'
QT_LDFLAGS=''
QT_LIBS='-F/usr/local/Cellar/qt/5.15.2/lib -framework QtNetwork -F/usr/local/Cellar/qt/5.15.2/lib -framework QtWidgets -F/usr/local/Cellar/qt/5.15.2/lib -framework QtGui -F/usr/local/Cellar/qt/5.15.2/lib -framework QtCore -framework Foundation -framework ApplicationServices -framework AppKit'
QT_PIE_FLAGS='-fPIC'
QT_SELECT='qt5'
QT_TEST_CFLAGS='-DQT_TESTLIB_LIB -F/usr/local/Cellar/qt/5.15.2/lib -DQT_CORE_LIB -F/usr/local/Cellar/qt/5.15.2/lib -I/usr/local/Cellar/qt/5.15.2/lib/QtTest.framework/Headers -I/usr/local/Cellar/qt/5.15.2/lib/QtCore.framework/Headers'
QT_TEST_INCLUDES='-DQT_TESTLIB_LIB -F/usr/local/Cellar/qt/5.15.2/lib -DQT_CORE_LIB -F/usr/local/Cellar/qt/5.15.2/lib -I/usr/local/Cellar/qt/5.15.2/lib/QtTest.framework/Headers -I/usr/local/Cellar/qt/5.15.2/lib/QtCore.framework/Headers'
QT_TEST_LIBS='-F/usr/local/Cellar/qt/5.15.2/lib -framework QtTest -F/usr/local/Cellar/qt/5.15.2/lib -framework QtCore'
QT_TRANSLATION_DIR=''
RANLIB='/usr/bin/ranlib'
RCC='/usr/local/Cellar/qt/5.15.2/bin/rcc'
READELF=''
RELDFLAGS=''
RSVG_CONVERT='/usr/local/bin/rsvg-convert'
SED='/usr/bin/sed'
SET_MAKE=''
SHELL='/bin/sh'
SSL_CFLAGS='-I/usr/local/Cellar/openssl@1.1/1.1.1i/include'
SSL_LIBS='-L/usr/local/Cellar/openssl@1.1/1.1.1i/lib -lssl'
STRIP='/usr/bin/strip'
TARGET_DARWIN_FALSE='#'
TARGET_DARWIN_TRUE=''
TARGET_WINDOWS_FALSE=''
TARGET_WINDOWS_TRUE='#'
TESTDEFS=''
TIFFCP=''
UIC='/usr/local/Cellar/qt/5.15.2/bin/uic'
UNIVALUE_CFLAGS='-I$(srcdir)/univalue/include'
UNIVALUE_LIBS='univalue/libunivalue.la'
USE_LCOV_FALSE=''
USE_LCOV_TRUE='#'
USE_LIBSECP256K1_FALSE=''
USE_LIBSECP256K1_TRUE='#'
USE_QRCODE=''
USE_QRCODE_FALSE='#'
USE_QRCODE_TRUE=''
USE_UPNP=''
VERSION='2.0.2'
WINDOWS_BITS=''
WINDRES=''
X11XCB_CFLAGS=''
X11XCB_LIBS=''
XGETTEXT='/usr/local/bin/xgettext'
ZMQ_CFLAGS='-I/usr/local/Cellar/zeromq/4.3.4/include -I/usr/local/Cellar/libsodium/1.0.18_1/include'
ZMQ_LIBS='-L/usr/local/Cellar/zeromq/4.3.4/lib -lzmq'
ac_ct_AR='ar'
ac_ct_CC='gcc'
ac_ct_CXX='g++'
ac_ct_DUMPBIN=''
ac_ct_OBJCXX=''
am__EXEEXT_FALSE=''
am__EXEEXT_TRUE='#'
am__fastdepCC_FALSE='#'
am__fastdepCC_TRUE=''
am__fastdepCXX_FALSE='#'
am__fastdepCXX_TRUE=''
am__fastdepOBJCXX_FALSE='#'
am__fastdepOBJCXX_TRUE=''
am__include='include'
am__isrc=''
am__leading_dot='.'
am__nodep='_no'
am__quote=''
am__tar='$${TAR-tar} chof - "$$tardir"'
am__untar='$${TAR-tar} xf -'
ax_pthread_config=''
bindir='${exec_prefix}/bin'
build='x86_64-apple-darwin20.2.0'
build_alias=''
build_cpu='x86_64'
build_os='darwin20.2.0'
build_vendor='apple'
datadir='${datarootdir}'
datarootdir='${prefix}/share'
docdir='${datarootdir}/doc/${PACKAGE_TARNAME}'
dvidir='${docdir}'
exec_prefix='${prefix}'
host='x86_64-apple-darwin20.2.0'
host_alias=''
host_cpu='x86_64'
host_os='darwin20.2.0'
host_vendor='apple'
htmldir='${docdir}'
includedir='${prefix}/include'
infodir='${datarootdir}/info'
install_sh='${SHELL} /Users/vin/Desktop/Test3/build-aux/install-sh'
libdir='${exec_prefix}/lib'
libexecdir='${exec_prefix}/libexec'
localedir='${datarootdir}/locale'
localstatedir='${prefix}/var'
mandir='${datarootdir}/man'
mkdir_p='$(MKDIR_P)'
oldincludedir='/usr/include'
pdfdir='${docdir}'
prefix='/usr/local'
program_transform_name='s,x,x,'
psdir='${docdir}'
sbindir='${exec_prefix}/sbin'
sharedstatedir='${prefix}/com'
subdirs=' src/univalue src/secp256k1'
sysconfdir='${prefix}/etc'
target_alias=''

## ----------- ##
## confdefs.h. ##
## ----------- ##

/* confdefs.h */
#define PACKAGE_NAME "Retrex Core"
#define PACKAGE_TARNAME "retrex"
#define PACKAGE_VERSION "2.0.2"
#define PACKAGE_STRING "Retrex Core 2.0.2"
#define PACKAGE_BUGREPORT "retrex.tech"
#define PACKAGE_URL ""
#define HAVE_CXX11 1
#define STDC_HEADERS 1
#define HAVE_SYS_TYPES_H 1
#define HAVE_SYS_STAT_H 1
#define HAVE_STDLIB_H 1
#define HAVE_STRING_H 1
#define HAVE_MEMORY_H 1
#define HAVE_STRINGS_H 1
#define HAVE_INTTYPES_H 1
#define HAVE_STDINT_H 1
#define HAVE_UNISTD_H 1
#define HAVE_DLFCN_H 1
#define LT_OBJDIR ".libs/"
#define HAVE_PTHREAD_PRIO_INHERIT 1
#define HAVE_PTHREAD 1
#define HAVE_DECL_STRERROR_R 1
#define HAVE_STRERROR_R 1
#define HAVE_STDIO_H 1
#define HAVE_STDLIB_H 1
#define HAVE_UNISTD_H 1
#define HAVE_STRINGS_H 1
#define HAVE_SYS_TYPES_H 1
#define HAVE_SYS_STAT_H 1
#define HAVE_SYS_SELECT_H 1
#define HAVE_INET_PTON 1
#define HAVE_DECL_STRNLEN 1
#define HAVE_DECL_DAEMON 1
#define HAVE_DECL_LE32TOH 0
#define HAVE_DECL_LE64TOH 0
#define HAVE_DECL_HTOLE32 0
#define HAVE_DECL_HTOLE64 0
#define HAVE_DECL_BE32TOH 0
#define HAVE_DECL_BE64TOH 0
#define HAVE_DECL_HTOBE32 0
#define HAVE_DECL_HTOBE64 0
#define HAVE_MSG_NOSIGNAL 1
#define HAVE_MSG_DONTWAIT 1
#define HAVE_VISIBILITY_ATTRIBUTE 1
#define HAVE_THREAD_LOCAL 1
#define HAVE_MINIUPNPC_MINIWGET_H 1
#define HAVE_MINIUPNPC_MINIUPNPC_H 1
#define HAVE_MINIUPNPC_UPNPCOMMANDS_H 1
#define HAVE_MINIUPNPC_UPNPERRORS_H 1
#define HAVE_BOOST /**/
#define HAVE_BOOST_SYSTEM /**/
#define HAVE_BOOST_FILESYSTEM /**/
#define HAVE_BOOST_PROGRAM_OPTIONS /**/
#define HAVE_BOOST_THREAD /**/
#define HAVE_BOOST_CHRONO /**/
#define HAVE_WORKING_BOOST_SLEEP_FOR 1
#define ENABLE_ZMQ 1
#define ENABLE_WALLET 1
#define USE_UPNP 0
#define USE_DBUS 1
#define USE_QRCODE 1
#define CLIENT_VERSION_MAJOR 2
#define CLIENT_VERSION_MINOR 0
#define CLIENT_VERSION_REVISION 2
#define CLIENT_VERSION_BUILD 0
#define CLIENT_VERSION_IS_RELEASE true
#define COPYRIGHT_YEAR 2021

configure: exit 0
