This file contains any messages produced by compilers while
running configure, to aid debugging if configure makes a mistake.

It was created by univalue configure 1.0.3, which was
generated by GNU Autoconf 2.69.  Invocation command line was

  $ ./configure --disable-option-checking --prefix=/usr/local --with-gui --disable-tests LDFLAGS=-L/usr/local/opt/openssl/lib CPPFLAGS=-I/usr/local/opt/openssl/include --disable-shared --with-pic --cache-file=/dev/null --srcdir=.

## --------- ##
## Platform. ##
## --------- ##

hostname = Vins-iMac.local
uname -m = x86_64
uname -r = 20.2.0
uname -s = Darwin
uname -v = Darwin Kernel Version 20.2.0: Wed Dec  2 20:39:59 PST 2020; root:xnu-7195.60.75~1/RELEASE_X86_64

/usr/bin/uname -p = i386
/bin/uname -X     = unknown

/bin/arch              = unknown
/usr/bin/arch -k       = unknown
/usr/convex/getsysinfo = unknown
/usr/bin/hostinfo      = Mach kernel version:
	 Darwin Kernel Version 20.2.0: Wed Dec  2 20:39:59 PST 2020; root:xnu-7195.60.75~1/RELEASE_X86_64
Kernel configured for up to 16 processors.
8 processors are physically available.
16 processors are logically available.
Processor type: x86_64h (Intel x86-64h Haswell)
Processors active: 0 1 2 3 4 5 6 7 8 9 10 11 12 13 14 15
Primary memory available: 32.00 gigabytes
Default processor set: 402 tasks, 1573 threads, 16 processors
Load average: 3.15, Mach factor: 12.84
/bin/machine           = unknown
/usr/bin/oslevel       = unknown
/bin/universe          = unknown

PATH: /Library/Frameworks/Python.framework/Versions/3.9/bin
PATH: /usr/local/bin
PATH: /usr/bin
PATH: /bin
PATH: /usr/sbin
PATH: /sbin
PATH: /Library/Apple/usr/bin


## ----------- ##
## Core tests. ##
## ----------- ##

configure:2274: checking whether make supports nested variables
configure:2291: result: yes
configure:2353: checking for a BSD-compatible install
configure:2421: result: /usr/bin/install -c
configure:2432: checking whether build environment is sane
configure:2487: result: yes
configure:2633: checking for a thread-safe mkdir -p
configure:2672: result: build-aux/install-sh -c -d
configure:2679: checking for gawk
configure:2709: result: no
configure:2679: checking for mawk
configure:2709: result: no
configure:2679: checking for nawk
configure:2709: result: no
configure:2679: checking for awk
configure:2695: found /usr/bin/awk
configure:2706: result: awk
configure:2717: checking whether make sets $(MAKE)
configure:2739: result: yes
configure:2917: checking build system type
configure:2931: result: x86_64-apple-darwin20.2.0
configure:2951: checking host system type
configure:2964: result: x86_64-apple-darwin20.2.0
configure:3005: checking how to print strings
configure:3032: result: printf
configure:3057: checking whether make supports the include directive
configure:3072: make -f confmf.GNU && cat confinc.out
this is the am__doit target
configure:3075: $? = 0
configure:3094: result: yes (GNU style)
configure:3164: checking for gcc
configure:3180: found /usr/bin/gcc
configure:3191: result: gcc
configure:3420: checking for C compiler version
configure:3429: gcc --version >&5
Apple clang version 12.0.0 (clang-1200.0.32.28)
Target: x86_64-apple-darwin20.2.0
Thread model: posix
InstalledDir: /Applications/Xcode.app/Contents/Developer/Toolchains/XcodeDefault.xctoolchain/usr/bin
Configured with: --prefix=/Applications/Xcode.app/Contents/Developer/usr --with-gxx-include-dir=/Applications/Xcode.app/Contents/Developer/Platforms/MacOSX.platform/Developer/SDKs/MacOSX.sdk/usr/include/c++/4.2.1
configure:3440: $? = 0
configure:3429: gcc -v >&5
Configured with: --prefix=/Applications/Xcode.app/Contents/Developer/usr --with-gxx-include-dir=/Applications/Xcode.app/Contents/Developer/Platforms/MacOSX.platform/Developer/SDKs/MacOSX.sdk/usr/include/c++/4.2.1
Apple clang version 12.0.0 (clang-1200.0.32.28)
Target: x86_64-apple-darwin20.2.0
Thread model: posix
InstalledDir: /Applications/Xcode.app/Contents/Developer/Toolchains/XcodeDefault.xctoolchain/usr/bin
configure:3440: $? = 0
configure:3429: gcc -V >&5
clang: error: argument to '-V' is missing (expected 1 value)
clang: error: no input files
configure:3440: $? = 1
configure:3429: gcc -qversion >&5
clang: error: unknown argument '-qversion'; did you mean '--version'?
clang: error: no input files
configure:3440: $? = 1
configure:3460: checking whether the C compiler works
configure:3482: gcc  -I/usr/local/opt/openssl/include -L/usr/local/opt/openssl/lib conftest.c  >&5
configure:3486: $? = 0
configure:3534: result: yes
configure:3537: checking for C compiler default output file name
configure:3539: result: a.out
configure:3545: checking for suffix of executables
configure:3552: gcc -o conftest  -I/usr/local/opt/openssl/include -L/usr/local/opt/openssl/lib conftest.c  >&5
configure:3556: $? = 0
configure:3578: result: 
configure:3600: checking whether we are cross compiling
configure:3608: gcc -o conftest  -I/usr/local/opt/openssl/include -L/usr/local/opt/openssl/lib conftest.c  >&5
configure:3612: $? = 0
configure:3619: ./conftest
configure:3623: $? = 0
configure:3638: result: no
configure:3643: checking for suffix of object files
configure:3665: gcc -c  -I/usr/local/opt/openssl/include conftest.c >&5
configure:3669: $? = 0
configure:3690: result: o
configure:3694: checking whether we are using the GNU C compiler
configure:3713: gcc -c  -I/usr/local/opt/openssl/include conftest.c >&5
configure:3713: $? = 0
configure:3722: result: yes
configure:3731: checking whether gcc accepts -g
configure:3751: gcc -c -g -I/usr/local/opt/openssl/include conftest.c >&5
configure:3751: $? = 0
configure:3792: result: yes
configure:3809: checking for gcc option to accept ISO C89
configure:3872: gcc  -c -g -O2 -I/usr/local/opt/openssl/include conftest.c >&5
configure:3872: $? = 0
configure:3885: result: none needed
configure:3910: checking whether gcc understands -c and -o together
configure:3932: gcc -c conftest.c -o conftest2.o
configure:3935: $? = 0
configure:3932: gcc -c conftest.c -o conftest2.o
configure:3935: $? = 0
configure:3947: result: yes
configure:3966: checking dependency style of gcc
configure:4077: result: gcc3
configure:4092: checking for a sed that does not truncate output
configure:4156: result: /usr/bin/sed
configure:4174: checking for grep that handles long lines and -e
configure:4232: result: /usr/bin/grep
configure:4237: checking for egrep
configure:4299: result: /usr/bin/grep -E
configure:4304: checking for fgrep
configure:4366: result: /usr/bin/grep -F
configure:4401: checking for ld used by gcc
configure:4468: result: /Applications/Xcode.app/Contents/Developer/Toolchains/XcodeDefault.xctoolchain/usr/bin/ld
configure:4475: checking if the linker (/Applications/Xcode.app/Contents/Developer/Toolchains/XcodeDefault.xctoolchain/usr/bin/ld) is GNU ld
configure:4490: result: no
configure:4502: checking for BSD- or MS-compatible name lister (nm)
configure:4556: result: /usr/bin/nm -B
configure:4686: checking the name lister (/usr/bin/nm -B) interface
configure:4693: gcc -c -g -O2 -I/usr/local/opt/openssl/include conftest.c >&5
configure:4696: /usr/bin/nm -B "conftest.o"
configure:4699: output
000000000000024c S _some_variable
configure:4706: result: BSD nm
configure:4709: checking whether ln -s works
configure:4713: result: yes
configure:4721: checking the maximum length of command line arguments
configure:4852: result: 786432
configure:4900: checking how to convert x86_64-apple-darwin20.2.0 file names to x86_64-apple-darwin20.2.0 format
configure:4940: result: func_convert_file_noop
configure:4947: checking how to convert x86_64-apple-darwin20.2.0 file names to toolchain format
configure:4967: result: func_convert_file_noop
configure:4974: checking for /Applications/Xcode.app/Contents/Developer/Toolchains/XcodeDefault.xctoolchain/usr/bin/ld option to reload object files
configure:4981: result: -r
configure:5055: checking for objdump
configure:5071: found /usr/bin/objdump
configure:5082: result: objdump
configure:5114: checking how to recognize dependent libraries
configure:5314: result: pass_all
configure:5399: checking for dlltool
configure:5429: result: no
configure:5459: checking how to associate runtime and link libraries
configure:5486: result: printf %s\n
configure:5547: checking for ar
configure:5563: found /usr/bin/ar
configure:5574: result: ar
configure:5611: checking for archiver @FILE support
configure:5628: gcc -c -g -O2 -I/usr/local/opt/openssl/include conftest.c >&5
configure:5628: $? = 0
configure:5631: ar cru libconftest.a @conftest.lst >&5
ar: @conftest.lst: No such file or directory
configure:5634: $? = 1
configure:5654: result: no
configure:5712: checking for strip
configure:5728: found /usr/bin/strip
configure:5739: result: strip
configure:5811: checking for ranlib
configure:5827: found /usr/bin/ranlib
configure:5838: result: ranlib
configure:5940: checking command to parse /usr/bin/nm -B output from gcc object
configure:6093: gcc -c -g -O2 -I/usr/local/opt/openssl/include conftest.c >&5
configure:6096: $? = 0
configure:6100: /usr/bin/nm -B conftest.o \| sed -n -e 's/^.*[ ]\([BCDEGRST][BCDEGRST]*\)[ ][ ]*\([_A-Za-z][_A-Za-z0-9]*\)$/\1 \2 \2/p' | sed '/ __gnu_lto/d' \> conftest.nm
configure:6103: $? = 0
cannot find nm_test_var in conftest.nm
configure:6093: gcc -c -g -O2 -I/usr/local/opt/openssl/include conftest.c >&5
configure:6096: $? = 0
configure:6100: /usr/bin/nm -B conftest.o \| sed -n -e 's/^.*[ ]\([BCDEGRST][BCDEGRST]*\)[ ][ ]*_\([_A-Za-z][_A-Za-z0-9]*\)$/\1 _\2 \2/p' | sed '/ __gnu_lto/d' \> conftest.nm
configure:6103: $? = 0
configure:6169: gcc -o conftest -g -O2 -I/usr/local/opt/openssl/include -L/usr/local/opt/openssl/lib conftest.c conftstm.o >&5
warning: (x86_64)  could not find object file symbol for symbol _main
configure:6172: $? = 0
configure:6210: result: ok
configure:6257: checking for sysroot
configure:6287: result: no
configure:6294: checking for a working dd
configure:6332: result: /bin/dd
configure:6336: checking how to truncate binary pipes
configure:6351: result: /bin/dd bs=4096 count=1
configure:6680: checking for mt
configure:6710: result: no
configure:6730: checking if : is a manifest tool
configure:6736: : '-?'
configure:6744: result: no
configure:6800: checking for dsymutil
configure:6816: found /usr/bin/dsymutil
configure:6827: result: dsymutil
configure:6892: checking for nmedit
configure:6908: found /usr/bin/nmedit
configure:6919: result: nmedit
configure:6984: checking for lipo
configure:7000: found /usr/bin/lipo
configure:7011: result: lipo
configure:7076: checking for otool
configure:7092: found /usr/bin/otool
configure:7103: result: otool
configure:7168: checking for otool64
configure:7198: result: no
configure:7243: checking for -single_module linker flag
gcc -g -O2 -L/usr/local/opt/openssl/lib -o libconftest.dylib -dynamiclib -Wl,-single_module conftest.c
configure:7276: result: yes
configure:7279: checking for -exported_symbols_list linker flag
configure:7299: gcc -o conftest -g -O2 -I/usr/local/opt/openssl/include -L/usr/local/opt/openssl/lib -Wl,-exported_symbols_list,conftest.sym conftest.c  >&5
configure:7299: $? = 0
configure:7309: result: yes
configure:7312: checking for -force_load linker flag
gcc -g -O2 -c -o conftest.o conftest.c
ar cru libconftest.a conftest.o
ranlib libconftest.a
gcc -g -O2 -L/usr/local/opt/openssl/lib -o conftest conftest.c -Wl,-force_load,./libconftest.a
configure:7344: result: yes
configure:7416: checking how to run the C preprocessor
configure:7447: gcc -E -I/usr/local/opt/openssl/include conftest.c
configure:7447: $? = 0
configure:7461: gcc -E -I/usr/local/opt/openssl/include conftest.c
conftest.c:11:10: fatal error: 'ac_nonexistent.h' file not found
#include <ac_nonexistent.h>
         ^~~~~~~~~~~~~~~~~~
1 error generated.
configure:7461: $? = 1
configure: failed program was:
| /* confdefs.h */
| #define PACKAGE_NAME "univalue"
| #define PACKAGE_TARNAME "univalue"
| #define PACKAGE_VERSION "1.0.3"
| #define PACKAGE_STRING "univalue 1.0.3"
| #define PACKAGE_BUGREPORT "http://github.com/jgarzik/univalue/"
| #define PACKAGE_URL ""
| #define PACKAGE "univalue"
| #define VERSION "1.0.3"
| /* end confdefs.h.  */
| #include <ac_nonexistent.h>
configure:7486: result: gcc -E
configure:7506: gcc -E -I/usr/local/opt/openssl/include conftest.c
configure:7506: $? = 0
configure:7520: gcc -E -I/usr/local/opt/openssl/include conftest.c
conftest.c:11:10: fatal error: 'ac_nonexistent.h' file not found
#include <ac_nonexistent.h>
         ^~~~~~~~~~~~~~~~~~
1 error generated.
configure:7520: $? = 1
configure: failed program was:
| /* confdefs.h */
| #define PACKAGE_NAME "univalue"
| #define PACKAGE_TARNAME "univalue"
| #define PACKAGE_VERSION "1.0.3"
| #define PACKAGE_STRING "univalue 1.0.3"
| #define PACKAGE_BUGREPORT "http://github.com/jgarzik/univalue/"
| #define PACKAGE_URL ""
| #define PACKAGE "univalue"
| #define VERSION "1.0.3"
| /* end confdefs.h.  */
| #include <ac_nonexistent.h>
configure:7549: checking for ANSI C header files
configure:7569: gcc -c -g -O2 -I/usr/local/opt/openssl/include conftest.c >&5
configure:7569: $? = 0
configure:7642: gcc -o conftest -g -O2 -I/usr/local/opt/openssl/include -L/usr/local/opt/openssl/lib conftest.c  >&5
configure:7642: $? = 0
configure:7642: ./conftest
configure:7642: $? = 0
configure:7653: result: yes
configure:7666: checking for sys/types.h
configure:7666: gcc -c -g -O2 -I/usr/local/opt/openssl/include conftest.c >&5
configure:7666: $? = 0
configure:7666: result: yes
configure:7666: checking for sys/stat.h
configure:7666: gcc -c -g -O2 -I/usr/local/opt/openssl/include conftest.c >&5
configure:7666: $? = 0
configure:7666: result: yes
configure:7666: checking for stdlib.h
configure:7666: gcc -c -g -O2 -I/usr/local/opt/openssl/include conftest.c >&5
configure:7666: $? = 0
configure:7666: result: yes
configure:7666: checking for string.h
configure:7666: gcc -c -g -O2 -I/usr/local/opt/openssl/include conftest.c >&5
configure:7666: $? = 0
configure:7666: result: yes
configure:7666: checking for memory.h
configure:7666: gcc -c -g -O2 -I/usr/local/opt/openssl/include conftest.c >&5
configure:7666: $? = 0
configure:7666: result: yes
configure:7666: checking for strings.h
configure:7666: gcc -c -g -O2 -I/usr/local/opt/openssl/include conftest.c >&5
configure:7666: $? = 0
configure:7666: result: yes
configure:7666: checking for inttypes.h
configure:7666: gcc -c -g -O2 -I/usr/local/opt/openssl/include conftest.c >&5
configure:7666: $? = 0
configure:7666: result: yes
configure:7666: checking for stdint.h
configure:7666: gcc -c -g -O2 -I/usr/local/opt/openssl/include conftest.c >&5
configure:7666: $? = 0
configure:7666: result: yes
configure:7666: checking for unistd.h
configure:7666: gcc -c -g -O2 -I/usr/local/opt/openssl/include conftest.c >&5
configure:7666: $? = 0
configure:7666: result: yes
configure:7680: checking for dlfcn.h
configure:7680: gcc -c -g -O2 -I/usr/local/opt/openssl/include conftest.c >&5
configure:7680: $? = 0
configure:7680: result: yes
configure:7936: checking for objdir
configure:7951: result: .libs
configure:8215: checking if gcc supports -fno-rtti -fno-exceptions
configure:8233: gcc -c -g -O2 -I/usr/local/opt/openssl/include -fno-rtti -fno-exceptions conftest.c >&5
configure:8237: $? = 0
configure:8250: result: yes
configure:8608: checking for gcc option to produce PIC
configure:8615: result: -fno-common -DPIC
configure:8623: checking if gcc PIC flag -fno-common -DPIC works
configure:8641: gcc -c -g -O2 -I/usr/local/opt/openssl/include -fno-common -DPIC -DPIC conftest.c >&5
configure:8645: $? = 0
configure:8658: result: yes
configure:8687: checking if gcc static flag -static works
configure:8715: result: no
configure:8730: checking if gcc supports -c -o file.o
configure:8751: gcc -c -g -O2 -I/usr/local/opt/openssl/include -o out/conftest2.o conftest.c >&5
configure:8755: $? = 0
configure:8777: result: yes
configure:8785: checking if gcc supports -c -o file.o
configure:8832: result: yes
configure:8865: checking whether the gcc linker (/Applications/Xcode.app/Contents/Developer/Toolchains/XcodeDefault.xctoolchain/usr/bin/ld) supports shared libraries
configure:10124: result: yes
configure:10364: checking dynamic linker characteristics
configure:11182: result: darwin20.2.0 dyld
configure:11304: checking how to hardcode library paths into programs
configure:11329: result: immediate
configure:11877: checking whether stripping libraries is possible
configure:11891: result: yes
configure:11917: checking if libtool supports shared libraries
configure:11919: result: yes
configure:11922: checking whether to build shared libraries
configure:11947: result: no
configure:11950: checking whether to build static libraries
configure:11954: result: yes
configure:12049: checking for g++
configure:12065: found /usr/bin/g++
configure:12076: result: g++
configure:12103: checking for C++ compiler version
configure:12112: g++ --version >&5
Apple clang version 12.0.0 (clang-1200.0.32.28)
Target: x86_64-apple-darwin20.2.0
Thread model: posix
InstalledDir: /Applications/Xcode.app/Contents/Developer/Toolchains/XcodeDefault.xctoolchain/usr/bin
Configured with: --prefix=/Applications/Xcode.app/Contents/Developer/usr --with-gxx-include-dir=/Applications/Xcode.app/Contents/Developer/Platforms/MacOSX.platform/Developer/SDKs/MacOSX.sdk/usr/include/c++/4.2.1
configure:12123: $? = 0
configure:12112: g++ -v >&5
Configured with: --prefix=/Applications/Xcode.app/Contents/Developer/usr --with-gxx-include-dir=/Applications/Xcode.app/Contents/Developer/Platforms/MacOSX.platform/Developer/SDKs/MacOSX.sdk/usr/include/c++/4.2.1
Apple clang version 12.0.0 (clang-1200.0.32.28)
Target: x86_64-apple-darwin20.2.0
Thread model: posix
InstalledDir: /Applications/Xcode.app/Contents/Developer/Toolchains/XcodeDefault.xctoolchain/usr/bin
configure:12123: $? = 0
configure:12112: g++ -V >&5
clang: error: argument to '-V' is missing (expected 1 value)
clang: error: no input files
configure:12123: $? = 1
configure:12112: g++ -qversion >&5
clang: error: unknown argument '-qversion'; did you mean '--version'?
clang: error: no input files
configure:12123: $? = 1
configure:12127: checking whether we are using the GNU C++ compiler
configure:12146: g++ -c  -I/usr/local/opt/openssl/include conftest.cpp >&5
configure:12146: $? = 0
configure:12155: result: yes
configure:12164: checking whether g++ accepts -g
configure:12184: g++ -c -g -I/usr/local/opt/openssl/include conftest.cpp >&5
configure:12184: $? = 0
configure:12225: result: yes
configure:12250: checking dependency style of g++
configure:12361: result: gcc3
configure:12395: checking how to run the C++ preprocessor
configure:12422: g++ -E -I/usr/local/opt/openssl/include conftest.cpp
configure:12422: $? = 0
configure:12436: g++ -E -I/usr/local/opt/openssl/include conftest.cpp
conftest.cpp:23:10: fatal error: 'ac_nonexistent.h' file not found
#include <ac_nonexistent.h>
         ^~~~~~~~~~~~~~~~~~
1 error generated.
configure:12436: $? = 1
configure: failed program was:
| /* confdefs.h */
| #define PACKAGE_NAME "univalue"
| #define PACKAGE_TARNAME "univalue"
| #define PACKAGE_VERSION "1.0.3"
| #define PACKAGE_STRING "univalue 1.0.3"
| #define PACKAGE_BUGREPORT "http://github.com/jgarzik/univalue/"
| #define PACKAGE_URL ""
| #define PACKAGE "univalue"
| #define VERSION "1.0.3"
| #define STDC_HEADERS 1
| #define HAVE_SYS_TYPES_H 1
| #define HAVE_SYS_STAT_H 1
| #define HAVE_STDLIB_H 1
| #define HAVE_STRING_H 1
| #define HAVE_MEMORY_H 1
| #define HAVE_STRINGS_H 1
| #define HAVE_INTTYPES_H 1
| #define HAVE_STDINT_H 1
| #define HAVE_UNISTD_H 1
| #define HAVE_DLFCN_H 1
| #define LT_OBJDIR ".libs/"
| /* end confdefs.h.  */
| #include <ac_nonexistent.h>
configure:12461: result: g++ -E
configure:12481: g++ -E -I/usr/local/opt/openssl/include conftest.cpp
configure:12481: $? = 0
configure:12495: g++ -E -I/usr/local/opt/openssl/include conftest.cpp
conftest.cpp:23:10: fatal error: 'ac_nonexistent.h' file not found
#include <ac_nonexistent.h>
         ^~~~~~~~~~~~~~~~~~
1 error generated.
configure:12495: $? = 1
configure: failed program was:
| /* confdefs.h */
| #define PACKAGE_NAME "univalue"
| #define PACKAGE_TARNAME "univalue"
| #define PACKAGE_VERSION "1.0.3"
| #define PACKAGE_STRING "univalue 1.0.3"
| #define PACKAGE_BUGREPORT "http://github.com/jgarzik/univalue/"
| #define PACKAGE_URL ""
| #define PACKAGE "univalue"
| #define VERSION "1.0.3"
| #define STDC_HEADERS 1
| #define HAVE_SYS_TYPES_H 1
| #define HAVE_SYS_STAT_H 1
| #define HAVE_STDLIB_H 1
| #define HAVE_STRING_H 1
| #define HAVE_MEMORY_H 1
| #define HAVE_STRINGS_H 1
| #define HAVE_INTTYPES_H 1
| #define HAVE_STDINT_H 1
| #define HAVE_UNISTD_H 1
| #define HAVE_DLFCN_H 1
| #define LT_OBJDIR ".libs/"
| /* end confdefs.h.  */
| #include <ac_nonexistent.h>
configure:12657: checking for ld used by g++
configure:12724: result: /Applications/Xcode.app/Contents/Developer/Toolchains/XcodeDefault.xctoolchain/usr/bin/ld
configure:12731: checking if the linker (/Applications/Xcode.app/Contents/Developer/Toolchains/XcodeDefault.xctoolchain/usr/bin/ld) is GNU ld
configure:12746: result: no
configure:12801: checking whether the g++ linker (/Applications/Xcode.app/Contents/Developer/Toolchains/XcodeDefault.xctoolchain/usr/bin/ld) supports shared libraries
configure:13874: result: yes
configure:13910: g++ -c -g -O2 -I/usr/local/opt/openssl/include conftest.cpp >&5
configure:13913: $? = 0
configure:14394: checking for g++ option to produce PIC
configure:14401: result: -fno-common -DPIC
configure:14409: checking if g++ PIC flag -fno-common -DPIC works
configure:14427: g++ -c -g -O2 -I/usr/local/opt/openssl/include -fno-common -DPIC -DPIC conftest.cpp >&5
configure:14431: $? = 0
configure:14444: result: yes
configure:14467: checking if g++ static flag -static works
configure:14495: result: no
configure:14507: checking if g++ supports -c -o file.o
configure:14528: g++ -c -g -O2 -I/usr/local/opt/openssl/include -o out/conftest2.o conftest.cpp >&5
configure:14532: $? = 0
configure:14554: result: yes
configure:14559: checking if g++ supports -c -o file.o
configure:14606: result: yes
configure:14636: checking whether the g++ linker (/Applications/Xcode.app/Contents/Developer/Toolchains/XcodeDefault.xctoolchain/usr/bin/ld) supports shared libraries
configure:14676: result: yes
configure:14817: checking dynamic linker characteristics
configure:15562: result: darwin20.2.0 dyld
configure:15627: checking how to hardcode library paths into programs
configure:15652: result: immediate
configure:15820: checking that generated files are newer than configure
configure:15826: result: done
configure:15853: creating ./config.status

## ---------------------- ##
## Running config.status. ##
## ---------------------- ##

This file was extended by univalue config.status 1.0.3, which was
generated by GNU Autoconf 2.69.  Invocation command line was

  CONFIG_FILES    = 
  CONFIG_HEADERS  = 
  CONFIG_LINKS    = 
  CONFIG_COMMANDS = 
  $ ./config.status 

on Vins-iMac.local

config.status:1150: creating Makefile
config.status:1150: creating pc/libunivalue.pc
config.status:1150: creating pc/libunivalue-uninstalled.pc
config.status:1150: creating univalue-config.h
config.status:1331: univalue-config.h is unchanged
config.status:1379: executing depfiles commands
config.status:1456: cd .       && sed -e '/# am--include-marker/d' Makefile         | make -f - am--depfiles
make: Nothing to be done for `am--depfiles'.
config.status:1461: $? = 0
config.status:1379: executing libtool commands

## ---------------- ##
## Cache variables. ##
## ---------------- ##

ac_cv_build=x86_64-apple-darwin20.2.0
ac_cv_c_compiler_gnu=yes
ac_cv_cxx_compiler_gnu=yes
ac_cv_env_CCC_set=
ac_cv_env_CCC_value=
ac_cv_env_CC_set=
ac_cv_env_CC_value=
ac_cv_env_CFLAGS_set=
ac_cv_env_CFLAGS_value=
ac_cv_env_CPPFLAGS_set=set
ac_cv_env_CPPFLAGS_value=-I/usr/local/opt/openssl/include
ac_cv_env_CPP_set=
ac_cv_env_CPP_value=
ac_cv_env_CXXCPP_set=
ac_cv_env_CXXCPP_value=
ac_cv_env_CXXFLAGS_set=
ac_cv_env_CXXFLAGS_value=
ac_cv_env_CXX_set=
ac_cv_env_CXX_value=
ac_cv_env_LDFLAGS_set=set
ac_cv_env_LDFLAGS_value=-L/usr/local/opt/openssl/lib
ac_cv_env_LIBS_set=
ac_cv_env_LIBS_value=
ac_cv_env_LT_SYS_LIBRARY_PATH_set=
ac_cv_env_LT_SYS_LIBRARY_PATH_value=
ac_cv_env_build_alias_set=
ac_cv_env_build_alias_value=
ac_cv_env_host_alias_set=
ac_cv_env_host_alias_value=
ac_cv_env_target_alias_set=
ac_cv_env_target_alias_value=
ac_cv_header_dlfcn_h=yes
ac_cv_header_inttypes_h=yes
ac_cv_header_memory_h=yes
ac_cv_header_stdc=yes
ac_cv_header_stdint_h=yes
ac_cv_header_stdlib_h=yes
ac_cv_header_string_h=yes
ac_cv_header_strings_h=yes
ac_cv_header_sys_stat_h=yes
ac_cv_header_sys_types_h=yes
ac_cv_header_unistd_h=yes
ac_cv_host=x86_64-apple-darwin20.2.0
ac_cv_objext=o
ac_cv_path_EGREP='/usr/bin/grep -E'
ac_cv_path_FGREP='/usr/bin/grep -F'
ac_cv_path_GREP=/usr/bin/grep
ac_cv_path_SED=/usr/bin/sed
ac_cv_path_install='/usr/bin/install -c'
ac_cv_path_lt_DD=/bin/dd
ac_cv_prog_AWK=awk
ac_cv_prog_CPP='gcc -E'
ac_cv_prog_CXXCPP='g++ -E'
ac_cv_prog_ac_ct_AR=ar
ac_cv_prog_ac_ct_CC=gcc
ac_cv_prog_ac_ct_CXX=g++
ac_cv_prog_ac_ct_DSYMUTIL=dsymutil
ac_cv_prog_ac_ct_LIPO=lipo
ac_cv_prog_ac_ct_NMEDIT=nmedit
ac_cv_prog_ac_ct_OBJDUMP=objdump
ac_cv_prog_ac_ct_OTOOL=otool
ac_cv_prog_ac_ct_RANLIB=ranlib
ac_cv_prog_ac_ct_STRIP=strip
ac_cv_prog_cc_c89=
ac_cv_prog_cc_g=yes
ac_cv_prog_cxx_g=yes
ac_cv_prog_make_make_set=yes
am_cv_CC_dependencies_compiler_type=gcc3
am_cv_CXX_dependencies_compiler_type=gcc3
am_cv_make_support_nested_variables=yes
am_cv_prog_cc_c_o=yes
lt_cv_apple_cc_single_mod=yes
lt_cv_ar_at_file=no
lt_cv_deplibs_check_method=pass_all
lt_cv_file_magic_cmd='$MAGIC_CMD'
lt_cv_file_magic_test_file=
lt_cv_ld_exported_symbols_list=yes
lt_cv_ld_force_load=yes
lt_cv_ld_reload_flag=-r
lt_cv_nm_interface='BSD nm'
lt_cv_objdir=.libs
lt_cv_path_LD=/Applications/Xcode.app/Contents/Developer/Toolchains/XcodeDefault.xctoolchain/usr/bin/ld
lt_cv_path_LDCXX=/Applications/Xcode.app/Contents/Developer/Toolchains/XcodeDefault.xctoolchain/usr/bin/ld
lt_cv_path_NM='/usr/bin/nm -B'
lt_cv_path_mainfest_tool=no
lt_cv_prog_compiler_c_o=yes
lt_cv_prog_compiler_c_o_CXX=yes
lt_cv_prog_compiler_pic='-fno-common -DPIC'
lt_cv_prog_compiler_pic_CXX='-fno-common -DPIC'
lt_cv_prog_compiler_pic_works=yes
lt_cv_prog_compiler_pic_works_CXX=yes
lt_cv_prog_compiler_rtti_exceptions=yes
lt_cv_prog_compiler_static_works=no
lt_cv_prog_compiler_static_works_CXX=no
lt_cv_prog_gnu_ld=no
lt_cv_prog_gnu_ldcxx=no
lt_cv_sharedlib_from_linklib_cmd='printf %s\n'
lt_cv_sys_global_symbol_pipe='sed -n -e '\''s/^.*[	 ]\([BCDEGRST][BCDEGRST]*\)[	 ][	 ]*_\([_A-Za-z][_A-Za-z0-9]*\)$/\1 _\2 \2/p'\'' | sed '\''/ __gnu_lto/d'\'''
lt_cv_sys_global_symbol_to_c_name_address='sed -n -e '\''s/^: \(.*\) .*$/  {"\1", (void *) 0},/p'\'' -e '\''s/^[BCDEGRST][BCDEGRST]* .* \(.*\)$/  {"\1", (void *) \&\1},/p'\'''
lt_cv_sys_global_symbol_to_c_name_address_lib_prefix='sed -n -e '\''s/^: \(.*\) .*$/  {"\1", (void *) 0},/p'\'' -e '\''s/^[BCDEGRST][BCDEGRST]* .* \(lib.*\)$/  {"\1", (void *) \&\1},/p'\'' -e '\''s/^[BCDEGRST][BCDEGRST]* .* \(.*\)$/  {"lib\1", (void *) \&\1},/p'\'''
lt_cv_sys_global_symbol_to_cdecl='sed -n -e '\''s/^T .* \(.*\)$/extern int \1();/p'\'' -e '\''s/^[BCDEGRST][BCDEGRST]* .* \(.*\)$/extern char \1;/p'\'''
lt_cv_sys_global_symbol_to_import=
lt_cv_sys_max_cmd_len=786432
lt_cv_to_host_file_cmd=func_convert_file_noop
lt_cv_to_tool_file_cmd=func_convert_file_noop
lt_cv_truncate_bin='/bin/dd bs=4096 count=1'

## ----------------- ##
## Output variables. ##
## ----------------- ##

ACLOCAL='${SHELL} '\''/Users/vin/Desktop/Test3/src/univalue/build-aux/missing'\'' aclocal-1.16'
AMDEPBACKSLASH='\'
AMDEP_FALSE='#'
AMDEP_TRUE=''
AMTAR='$${TAR-tar}'
AM_BACKSLASH='\'
AM_DEFAULT_V='$(AM_DEFAULT_VERBOSITY)'
AM_DEFAULT_VERBOSITY='0'
AM_V='$(V)'
AR='ar'
AUTOCONF='${SHELL} '\''/Users/vin/Desktop/Test3/src/univalue/build-aux/missing'\'' autoconf'
AUTOHEADER='${SHELL} '\''/Users/vin/Desktop/Test3/src/univalue/build-aux/missing'\'' autoheader'
AUTOMAKE='${SHELL} '\''/Users/vin/Desktop/Test3/src/univalue/build-aux/missing'\'' automake-1.16'
AWK='awk'
BUILD_EXEEXT=''
CC='gcc'
CCDEPMODE='depmode=gcc3'
CFLAGS='-g -O2'
CPP='gcc -E'
CPPFLAGS='-I/usr/local/opt/openssl/include'
CXX='g++'
CXXCPP='g++ -E'
CXXDEPMODE='depmode=gcc3'
CXXFLAGS='-g -O2'
CYGPATH_W='echo'
DEFS='-DHAVE_CONFIG_H'
DEPDIR='.deps'
DLLTOOL='false'
DSYMUTIL='dsymutil'
DUMPBIN=''
ECHO_C='\c'
ECHO_N=''
ECHO_T=''
EGREP='/usr/bin/grep -E'
EXEEXT=''
FGREP='/usr/bin/grep -F'
GREP='/usr/bin/grep'
INSTALL_DATA='${INSTALL} -m 644'
INSTALL_PROGRAM='${INSTALL}'
INSTALL_SCRIPT='${INSTALL}'
INSTALL_STRIP_PROGRAM='$(install_sh) -c -s'
LD='/Applications/Xcode.app/Contents/Developer/Toolchains/XcodeDefault.xctoolchain/usr/bin/ld'
LDFLAGS='-L/usr/local/opt/openssl/lib'
LIBOBJS=''
LIBS=''
LIBTOOL='$(SHELL) $(top_builddir)/libtool'
LIBTOOL_APP_LDFLAGS=''
LIBUNIVALUE_AGE='100'
LIBUNIVALUE_CURRENT='100'
LIBUNIVALUE_REVISION='3'
LIPO='lipo'
LN_S='ln -s'
LTLIBOBJS=''
LT_SYS_LIBRARY_PATH=''
MAKEINFO='${SHELL} '\''/Users/vin/Desktop/Test3/src/univalue/build-aux/missing'\'' makeinfo'
MANIFEST_TOOL=':'
MKDIR_P='build-aux/install-sh -c -d'
NM='/usr/bin/nm -B'
NMEDIT='nmedit'
OBJDUMP='objdump'
OBJEXT='o'
OTOOL64=':'
OTOOL='otool'
PACKAGE='univalue'
PACKAGE_BUGREPORT='http://github.com/jgarzik/univalue/'
PACKAGE_NAME='univalue'
PACKAGE_STRING='univalue 1.0.3'
PACKAGE_TARNAME='univalue'
PACKAGE_URL=''
PACKAGE_VERSION='1.0.3'
PATH_SEPARATOR=':'
RANLIB='ranlib'
SED='/usr/bin/sed'
SET_MAKE=''
SHELL='/bin/sh'
STRIP='strip'
VERSION='1.0.3'
ac_ct_AR='ar'
ac_ct_CC='gcc'
ac_ct_CXX='g++'
ac_ct_DUMPBIN=''
am__EXEEXT_FALSE=''
am__EXEEXT_TRUE='#'
am__fastdepCC_FALSE='#'
am__fastdepCC_TRUE=''
am__fastdepCXX_FALSE='#'
am__fastdepCXX_TRUE=''
am__include='include'
am__isrc=''
am__leading_dot='.'
am__nodep='_no'
am__quote=''
am__tar='$${TAR-tar} chof - "$$tardir"'
am__untar='$${TAR-tar} xf -'
bindir='${exec_prefix}/bin'
build='x86_64-apple-darwin20.2.0'
build_alias=''
build_cpu='x86_64'
build_os='darwin20.2.0'
build_vendor='apple'
datadir='${datarootdir}'
datarootdir='${prefix}/share'
docdir='${datarootdir}/doc/${PACKAGE_TARNAME}'
dvidir='${docdir}'
exec_prefix='${prefix}'
host='x86_64-apple-darwin20.2.0'
host_alias=''
host_cpu='x86_64'
host_os='darwin20.2.0'
host_vendor='apple'
htmldir='${docdir}'
includedir='${prefix}/include'
infodir='${datarootdir}/info'
install_sh='${SHELL} /Users/vin/Desktop/Test3/src/univalue/build-aux/install-sh'
libdir='${exec_prefix}/lib'
libexecdir='${exec_prefix}/libexec'
localedir='${datarootdir}/locale'
localstatedir='${prefix}/var'
mandir='${datarootdir}/man'
mkdir_p='$(MKDIR_P)'
oldincludedir='/usr/include'
pdfdir='${docdir}'
prefix='/usr/local'
program_transform_name='s,x,x,'
psdir='${docdir}'
sbindir='${exec_prefix}/sbin'
sharedstatedir='${prefix}/com'
sysconfdir='${prefix}/etc'
target_alias=''

## ----------- ##
## confdefs.h. ##
## ----------- ##

/* confdefs.h */
#define PACKAGE_NAME "univalue"
#define PACKAGE_TARNAME "univalue"
#define PACKAGE_VERSION "1.0.3"
#define PACKAGE_STRING "univalue 1.0.3"
#define PACKAGE_BUGREPORT "http://github.com/jgarzik/univalue/"
#define PACKAGE_URL ""
#define PACKAGE "univalue"
#define VERSION "1.0.3"
#define STDC_HEADERS 1
#define HAVE_SYS_TYPES_H 1
#define HAVE_SYS_STAT_H 1
#define HAVE_STDLIB_H 1
#define HAVE_STRING_H 1
#define HAVE_MEMORY_H 1
#define HAVE_STRINGS_H 1
#define HAVE_INTTYPES_H 1
#define HAVE_STDINT_H 1
#define HAVE_UNISTD_H 1
#define HAVE_DLFCN_H 1
#define LT_OBJDIR ".libs/"

configure: exit 0
